Initialized native services in: /home/bruno/.gradle/native
The client will now receive all logging from the daemon (pid: 353082). The daemon log file: /home/bruno/.gradle/daemon/6.3/daemon-353082.out.log
Starting 199th build in daemon [uptime: 10 hrs 4 mins 9.808 secs, performance: 100%, non-heap usage: 22% of 268.4 MB]
Using 4 worker leases.
Starting Build
Settings evaluated using settings file '/home/bruno/transport/documentation/FEUP/TEC/4_Ano/2_Semestre/Compiladores/trabalho/GitLab/comp2020-2i/settings.gradle'.
Projects loaded. Root project using build file '/home/bruno/transport/documentation/FEUP/TEC/4_Ano/2_Semestre/Compiladores/trabalho/GitLab/comp2020-2i/build.gradle'.
Included projects: [root project 'comp2020-2i']

> Configure project :
Evaluating root project 'comp2020-2i' using build file '/home/bruno/transport/documentation/FEUP/TEC/4_Ano/2_Semestre/Compiladores/trabalho/GitLab/comp2020-2i/build.gradle'.
All projects evaluated.
Selected primary task 'build' from project :
Tasks to be executed: [task ':compileJjtree', task ':compileJavacc', task ':compileJava', task ':processResources', task ':classes', task ':jar', task ':assemble', task ':compileTestJava', task ':processTestResources', task ':testClasses', task ':test', task ':check', task ':copyJar', task ':build']
Tasks that were excluded: []
:compileJjtree (Thread[Execution worker for ':',5,main]) started.

> Task :compileJjtree UP-TO-DATE
Caching disabled for task ':compileJjtree' because:
  Build cache is disabled
Skipping task ':compileJjtree' as it is up-to-date.
:compileJjtree (Thread[Execution worker for ':',5,main]) completed. Took 0.003 secs.
:compileJavacc (Thread[Execution worker for ':',5,main]) started.

> Task :compileJavacc UP-TO-DATE
Caching disabled for task ':compileJavacc' because:
  Build cache is disabled
Skipping task ':compileJavacc' as it is up-to-date.
:compileJavacc (Thread[Execution worker for ':',5,main]) completed. Took 0.001 secs.
:compileJava (Thread[Execution worker for ':',5,main]) started.

> Task :compileJava
file or directory '/home/bruno/transport/documentation/FEUP/TEC/4_Ano/2_Semestre/Compiladores/trabalho/GitLab/comp2020-2i/src/main/java', not found
Caching disabled for task ':compileJava' because:
  Build cache is disabled
Task ':compileJava' is not up-to-date because:
  Input property 'stableSources' file /home/bruno/transport/documentation/FEUP/TEC/4_Ano/2_Semestre/Compiladores/trabalho/GitLab/comp2020-2i/src/Jasminify.java has changed.
Created classpath snapshot for incremental compilation in 0.0 secs.
Class dependency analysis for incremental compilation took 0.001 secs.
file or directory '/home/bruno/transport/documentation/FEUP/TEC/4_Ano/2_Semestre/Compiladores/trabalho/GitLab/comp2020-2i/src/main/java', not found
file or directory '/home/bruno/transport/documentation/FEUP/TEC/4_Ano/2_Semestre/Compiladores/trabalho/GitLab/comp2020-2i/src/main/java', not found
Compiling with JDK Java compiler API.
Note: /home/bruno/transport/documentation/FEUP/TEC/4_Ano/2_Semestre/Compiladores/trabalho/GitLab/comp2020-2i/src/Jasminify.java uses unchecked or unsafe operations.
Note: Recompile with -Xlint:unchecked for details.
Incremental compilation of 2 classes completed in 0.069 secs.
:compileJava (Thread[Execution worker for ':',5,main]) completed. Took 0.083 secs.
:processResources (Thread[Execution worker for ':' Thread 3,5,main]) started.

> Task :processResources NO-SOURCE
file or directory '/home/bruno/transport/documentation/FEUP/TEC/4_Ano/2_Semestre/Compiladores/trabalho/GitLab/comp2020-2i/src/main/resources', not found
Skipping task ':processResources' as it has no source files and no previous output files.
:processResources (Thread[Execution worker for ':' Thread 3,5,main]) completed. Took 0.0 secs.
:classes (Thread[Execution worker for ':' Thread 3,5,main]) started.

> Task :classes
Skipping task ':classes' as it has no actions.
:classes (Thread[Execution worker for ':' Thread 3,5,main]) completed. Took 0.0 secs.
:jar (Thread[Execution worker for ':' Thread 3,5,main]) started.

> Task :jar
Caching disabled for task ':jar' because:
  Build cache is disabled
Task ':jar' is not up-to-date because:
  Input property 'rootSpec$1' file /home/bruno/transport/documentation/FEUP/TEC/4_Ano/2_Semestre/Compiladores/trabalho/GitLab/comp2020-2i/build/classes/java/main/Jasminify.class has changed.
file or directory '/home/bruno/transport/documentation/FEUP/TEC/4_Ano/2_Semestre/Compiladores/trabalho/GitLab/comp2020-2i/build/resources/main', not found
:jar (Thread[Execution worker for ':' Thread 3,5,main]) completed. Took 0.024 secs.
:assemble (Thread[Execution worker for ':' Thread 3,5,main]) started.

> Task :assemble
Skipping task ':assemble' as it has no actions.
:assemble (Thread[Execution worker for ':' Thread 3,5,main]) completed. Took 0.0 secs.
:compileTestJava (Thread[Execution worker for ':' Thread 3,5,main]) started.

> Task :compileTestJava UP-TO-DATE
file or directory '/home/bruno/transport/documentation/FEUP/TEC/4_Ano/2_Semestre/Compiladores/trabalho/GitLab/comp2020-2i/src/test/java', not found
Caching disabled for task ':compileTestJava' because:
  Build cache is disabled
Skipping task ':compileTestJava' as it is up-to-date.
:compileTestJava (Thread[Execution worker for ':' Thread 3,5,main]) completed. Took 0.01 secs.
:processTestResources (Thread[Execution worker for ':' Thread 2,5,main]) started.

> Task :processTestResources UP-TO-DATE
file or directory '/home/bruno/transport/documentation/FEUP/TEC/4_Ano/2_Semestre/Compiladores/trabalho/GitLab/comp2020-2i/src/test/resources', not found
Could not read file path '/home/bruno/transport/documentation/FEUP/TEC/4_Ano/2_Semestre/Compiladores/trabalho/GitLab/comp2020-2i/src/test/resources'.
Caching disabled for task ':processTestResources' because:
  Build cache is disabled
Skipping task ':processTestResources' as it is up-to-date.
:processTestResources (Thread[Execution worker for ':' Thread 2,5,main]) completed. Took 0.009 secs.
:testClasses (Thread[Execution worker for ':' Thread 2,5,main]) started.

> Task :testClasses UP-TO-DATE
Skipping task ':testClasses' as it has no actions.
:testClasses (Thread[Execution worker for ':' Thread 2,5,main]) completed. Took 0.0 secs.
:test (Thread[Execution worker for ':' Thread 2,5,main]) started.
Gradle Test Executor 151 started executing tests.
Gradle Test Executor 151 finished executing tests.

> Task :test
Caching disabled for task ':test' because:
  Build cache is disabled
Task ':test' is not up-to-date because:
  Input property 'classpath' file /home/bruno/transport/documentation/FEUP/TEC/4_Ano/2_Semestre/Compiladores/trabalho/GitLab/comp2020-2i/build/classes/java/main/Jasminify.class has changed.
Starting process 'Gradle Test Executor 151'. Working directory: /home/bruno/transport/documentation/FEUP/TEC/4_Ano/2_Semestre/Compiladores/trabalho/GitLab/comp2020-2i Command: /usr/lib/jvm/java-8-openjdk/bin/java -Djava.security.manager=worker.org.gradle.process.internal.worker.child.BootstrapSecurityManager -Dorg.gradle.native=false -Xmx512m -Dfile.encoding=UTF-8 -Duser.country=US -Duser.language=en -Duser.variant -ea -cp /home/bruno/.gradle/caches/6.3/workerMain/gradle-worker.jar worker.org.gradle.process.internal.worker.GradleWorkerMain 'Gradle Test Executor 151'
Successfully started process 'Gradle Test Executor 151'

ImportTest > testImports STANDARD_OUT
    Copied stream to file '/tmp/comp_jmm_test_bruno/fixtures/public/ImportStressTest.jmm'.
    Parsing file /tmp/comp_jmm_test_bruno/fixtures/public/ImportStressTest.jmm
    Parser starting
    Analyzer starting on /tmp/comp_jmm_test_bruno/fixtures/public/ImportStressTest.jmm

    "import"<ID>"."<ID>"(""int"",""int"")"

    "import"<ID>"."<ID>"(""int"",""int"")"

    "import"<ID>"."<ID>"(""int"")""int"

    "import"<ID>"."<ID>"(""int"")""int"

    "import"<ID>"."<ID>"("")"

    "import"<ID>"."<ID>"("")"

    "import"<ID>"."<ID>"("")"

    "import"<ID>"."<ID>"("")"

    "import"<ID>"."<ID>"(""int"")""boolean"

    "import"<ID>"."<ID>"(""int"")""boolean"

    "import"<ID>"."<ID>"(""int"")""boolean"

    "import"<ID>"."<ID>"(""int"")""boolean"

    "import"<ID>"(""int"")"

    "import"<ID>"."<ID>"(""int"")"

    "import"<ID>"."<ID>"(""int"")"

    "import"<ID>"."<ID>"(""int"",""int"")"

    "import"<ID>"."<ID>"(""int"",""int"")"

    "import"<ID>"."<ID>"(""int"")""boolean"

    "import"<ID>"."<ID>"(""int"")""boolean"

    "import"<ID>"."<ID>"(""int"")""boolean"

    "import"<ID>"."<ID>"(""int"")""boolean"

    "import"<ID>"."<ID>"("")""int"

    "import"<ID>"."<ID>"("")""int"

    "import""static"<ID>"."<ID>"(""int"",""int"")""void"

    "import""static"<ID>"."<ID>"(""int"",""int"")""void"

    "import""static"<ID>"."<ID>"("")""int"

    "import""static"<ID>"."<ID>"("")""int"
    WARNING empty class ImportStressTest
    COMPILATION SUCCESSFUL

ParserTest > testvar_undef STANDARD_OUT
    Copied stream to file '/tmp/comp_jmm_test_bruno/fixtures/public/fail/semantic/var_undef.jmm'.
    Parsing file /tmp/comp_jmm_test_bruno/fixtures/public/fail/semantic/var_undef.jmm
    Parser starting
    Analyzer starting on /tmp/comp_jmm_test_bruno/fixtures/public/fail/semantic/var_undef.jmm


    Semantic exceptions: 1
    UndeclaredException: Undeclared entity Undefined j
    On line 8

ParserTest > testvar_undef STANDARD_ERROR
    java.lang.RuntimeException: Semantic error
    	at Analyzer.analyze(Analyzer.java:1041)
    	at Main.main(Main.java:79)
    	at sun.reflect.NativeMethodAccessorImpl.invoke0(Native Method)
    	at sun.reflect.NativeMethodAccessorImpl.invoke(NativeMethodAccessorImpl.java:62)
    	at sun.reflect.DelegatingMethodAccessorImpl.invoke(DelegatingMethodAccessorImpl.java:43)
    	at java.lang.reflect.Method.invoke(Method.java:498)
    	at ParserTest.test(ParserTest.java:30)
    	at ParserTest.testvar_undef(ParserTest.java:148)
    	at sun.reflect.NativeMethodAccessorImpl.invoke0(Native Method)
    	at sun.reflect.NativeMethodAccessorImpl.invoke(NativeMethodAccessorImpl.java:62)
    	at sun.reflect.DelegatingMethodAccessorImpl.invoke(DelegatingMethodAccessorImpl.java:43)
    	at java.lang.reflect.Method.invoke(Method.java:498)
    	at org.junit.runners.model.FrameworkMethod$1.runReflectiveCall(FrameworkMethod.java:47)
    	at org.junit.internal.runners.model.ReflectiveCallable.run(ReflectiveCallable.java:12)
    	at org.junit.runners.model.FrameworkMethod.invokeExplosively(FrameworkMethod.java:44)
    	at org.junit.internal.runners.statements.InvokeMethod.evaluate(InvokeMethod.java:17)
    	at org.junit.runners.ParentRunner.runLeaf(ParentRunner.java:271)
    	at org.junit.runners.BlockJUnit4ClassRunner.runChild(BlockJUnit4ClassRunner.java:70)
    	at org.junit.runners.BlockJUnit4ClassRunner.runChild(BlockJUnit4ClassRunner.java:50)
    	at org.junit.runners.ParentRunner$3.run(ParentRunner.java:238)
    	at org.junit.runners.ParentRunner$1.schedule(ParentRunner.java:63)
    	at org.junit.runners.ParentRunner.runChildren(ParentRunner.java:236)
    	at org.junit.runners.ParentRunner.access$000(ParentRunner.java:53)
    	at org.junit.runners.ParentRunner$2.evaluate(ParentRunner.java:229)
    	at org.junit.runners.ParentRunner.run(ParentRunner.java:309)
    	at org.gradle.api.internal.tasks.testing.junit.JUnitTestClassExecutor.runTestClass(JUnitTestClassExecutor.java:110)
    	at org.gradle.api.internal.tasks.testing.junit.JUnitTestClassExecutor.execute(JUnitTestClassExecutor.java:58)
    	at org.gradle.api.internal.tasks.testing.junit.JUnitTestClassExecutor.execute(JUnitTestClassExecutor.java:38)
    	at org.gradle.api.internal.tasks.testing.junit.AbstractJUnitTestClassProcessor.processTestClass(AbstractJUnitTestClassProcessor.java:62)
    	at org.gradle.api.internal.tasks.testing.SuiteTestClassProcessor.processTestClass(SuiteTestClassProcessor.java:51)
    	at sun.reflect.NativeMethodAccessorImpl.invoke0(Native Method)
    	at sun.reflect.NativeMethodAccessorImpl.invoke(NativeMethodAccessorImpl.java:62)
    	at sun.reflect.DelegatingMethodAccessorImpl.invoke(DelegatingMethodAccessorImpl.java:43)
    	at java.lang.reflect.Method.invoke(Method.java:498)
    	at org.gradle.internal.dispatch.ReflectionDispatch.dispatch(ReflectionDispatch.java:36)
    	at org.gradle.internal.dispatch.ReflectionDispatch.dispatch(ReflectionDispatch.java:24)
    	at org.gradle.internal.dispatch.ContextClassLoaderDispatch.dispatch(ContextClassLoaderDispatch.java:33)
    	at org.gradle.internal.dispatch.ProxyDispatchAdapter$DispatchingInvocationHandler.invoke(ProxyDispatchAdapter.java:94)
    	at com.sun.proxy.$Proxy2.processTestClass(Unknown Source)
    	at org.gradle.api.internal.tasks.testing.worker.TestWorker.processTestClass(TestWorker.java:118)
    	at sun.reflect.NativeMethodAccessorImpl.invoke0(Native Method)
    	at sun.reflect.NativeMethodAccessorImpl.invoke(NativeMethodAccessorImpl.java:62)
    	at sun.reflect.DelegatingMethodAccessorImpl.invoke(DelegatingMethodAccessorImpl.java:43)
    	at java.lang.reflect.Method.invoke(Method.java:498)
    	at org.gradle.internal.dispatch.ReflectionDispatch.dispatch(ReflectionDispatch.java:36)
    	at org.gradle.internal.dispatch.ReflectionDispatch.dispatch(ReflectionDispatch.java:24)
    	at org.gradle.internal.remote.internal.hub.MessageHubBackedObjectConnection$DispatchWrapper.dispatch(MessageHubBackedObjectConnection.java:182)
    	at org.gradle.internal.remote.internal.hub.MessageHubBackedObjectConnection$DispatchWrapper.dispatch(MessageHubBackedObjectConnection.java:164)
    	at org.gradle.internal.remote.internal.hub.MessageHub$Handler.run(MessageHub.java:412)
    	at org.gradle.internal.concurrent.ExecutorPolicy$CatchAndRecordFailures.onExecute(ExecutorPolicy.java:64)
    	at org.gradle.internal.concurrent.ManagedExecutorImpl$1.run(ManagedExecutorImpl.java:48)
    	at java.util.concurrent.ThreadPoolExecutor.runWorker(ThreadPoolExecutor.java:1149)
    	at java.util.concurrent.ThreadPoolExecutor$Worker.run(ThreadPoolExecutor.java:624)
    	at org.gradle.internal.concurrent.ThreadFactoryImpl$ManagedThreadRunnable.run(ThreadFactoryImpl.java:56)
    	at java.lang.Thread.run(Thread.java:748)

ParserTest > testvar_undef STANDARD_OUT
    Test failed: java.lang.reflect.InvocationTargetException

ParserTest > testvar_undef STANDARD_ERROR
    java.lang.reflect.InvocationTargetException
    	at sun.reflect.NativeMethodAccessorImpl.invoke0(Native Method)
    	at sun.reflect.NativeMethodAccessorImpl.invoke(NativeMethodAccessorImpl.java:62)
    	at sun.reflect.DelegatingMethodAccessorImpl.invoke(DelegatingMethodAccessorImpl.java:43)
    	at java.lang.reflect.Method.invoke(Method.java:498)
    	at ParserTest.test(ParserTest.java:30)
    	at ParserTest.testvar_undef(ParserTest.java:148)
    	at sun.reflect.NativeMethodAccessorImpl.invoke0(Native Method)
    	at sun.reflect.NativeMethodAccessorImpl.invoke(NativeMethodAccessorImpl.java:62)
    	at sun.reflect.DelegatingMethodAccessorImpl.invoke(DelegatingMethodAccessorImpl.java:43)
    	at java.lang.reflect.Method.invoke(Method.java:498)
    	at org.junit.runners.model.FrameworkMethod$1.runReflectiveCall(FrameworkMethod.java:47)
    	at org.junit.internal.runners.model.ReflectiveCallable.run(ReflectiveCallable.java:12)
    	at org.junit.runners.model.FrameworkMethod.invokeExplosively(FrameworkMethod.java:44)
    	at org.junit.internal.runners.statements.InvokeMethod.evaluate(InvokeMethod.java:17)
    	at org.junit.runners.ParentRunner.runLeaf(ParentRunner.java:271)
    	at org.junit.runners.BlockJUnit4ClassRunner.runChild(BlockJUnit4ClassRunner.java:70)
    	at org.junit.runners.BlockJUnit4ClassRunner.runChild(BlockJUnit4ClassRunner.java:50)
    	at org.junit.runners.ParentRunner$3.run(ParentRunner.java:238)
    	at org.junit.runners.ParentRunner$1.schedule(ParentRunner.java:63)
    	at org.junit.runners.ParentRunner.runChildren(ParentRunner.java:236)
    	at org.junit.runners.ParentRunner.access$000(ParentRunner.java:53)
    	at org.junit.runners.ParentRunner$2.evaluate(ParentRunner.java:229)
    	at org.junit.runners.ParentRunner.run(ParentRunner.java:309)
    	at org.gradle.api.internal.tasks.testing.junit.JUnitTestClassExecutor.runTestClass(JUnitTestClassExecutor.java:110)
    	at org.gradle.api.internal.tasks.testing.junit.JUnitTestClassExecutor.execute(JUnitTestClassExecutor.java:58)
    	at org.gradle.api.internal.tasks.testing.junit.JUnitTestClassExecutor.execute(JUnitTestClassExecutor.java:38)
    	at org.gradle.api.internal.tasks.testing.junit.AbstractJUnitTestClassProcessor.processTestClass(AbstractJUnitTestClassProcessor.java:62)
    	at org.gradle.api.internal.tasks.testing.SuiteTestClassProcessor.processTestClass(SuiteTestClassProcessor.java:51)
    	at sun.reflect.NativeMethodAccessorImpl.invoke0(Native Method)
    	at sun.reflect.NativeMethodAccessorImpl.invoke(NativeMethodAccessorImpl.java:62)
    	at sun.reflect.DelegatingMethodAccessorImpl.invoke(DelegatingMethodAccessorImpl.java:43)
    	at java.lang.reflect.Method.invoke(Method.java:498)
    	at org.gradle.internal.dispatch.ReflectionDispatch.dispatch(ReflectionDispatch.java:36)
    	at org.gradle.internal.dispatch.ReflectionDispatch.dispatch(ReflectionDispatch.java:24)
    	at org.gradle.internal.dispatch.ContextClassLoaderDispatch.dispatch(ContextClassLoaderDispatch.java:33)
    	at org.gradle.internal.dispatch.ProxyDispatchAdapter$DispatchingInvocationHandler.invoke(ProxyDispatchAdapter.java:94)
    	at com.sun.proxy.$Proxy2.processTestClass(Unknown Source)
    	at org.gradle.api.internal.tasks.testing.worker.TestWorker.processTestClass(TestWorker.java:118)
    	at sun.reflect.NativeMethodAccessorImpl.invoke0(Native Method)
    	at sun.reflect.NativeMethodAccessorImpl.invoke(NativeMethodAccessorImpl.java:62)
    	at sun.reflect.DelegatingMethodAccessorImpl.invoke(DelegatingMethodAccessorImpl.java:43)
    	at java.lang.reflect.Method.invoke(Method.java:498)
    	at org.gradle.internal.dispatch.ReflectionDispatch.dispatch(ReflectionDispatch.java:36)
    	at org.gradle.internal.dispatch.ReflectionDispatch.dispatch(ReflectionDispatch.java:24)
    	at org.gradle.internal.remote.internal.hub.MessageHubBackedObjectConnection$DispatchWrapper.dispatch(MessageHubBackedObjectConnection.java:182)
    	at org.gradle.internal.remote.internal.hub.MessageHubBackedObjectConnection$DispatchWrapper.dispatch(MessageHubBackedObjectConnection.java:164)
    	at org.gradle.internal.remote.internal.hub.MessageHub$Handler.run(MessageHub.java:412)
    	at org.gradle.internal.concurrent.ExecutorPolicy$CatchAndRecordFailures.onExecute(ExecutorPolicy.java:64)
    	at org.gradle.internal.concurrent.ManagedExecutorImpl$1.run(ManagedExecutorImpl.java:48)
    	at java.util.concurrent.ThreadPoolExecutor.runWorker(ThreadPoolExecutor.java:1149)
    	at java.util.concurrent.ThreadPoolExecutor$Worker.run(ThreadPoolExecutor.java:624)
    	at org.gradle.internal.concurrent.ThreadFactoryImpl$ManagedThreadRunnable.run(ThreadFactoryImpl.java:56)
    	at java.lang.Thread.run(Thread.java:748)
    Caused by: java.lang.RuntimeException: Semantic error
    	at Main.main(Main.java:85)
    	... 53 more

ParserTest > testarr_index_not_int STANDARD_OUT
    Copied stream to file '/tmp/comp_jmm_test_bruno/fixtures/public/fail/semantic/arr_index_not_int.jmm'.
    Parsing file /tmp/comp_jmm_test_bruno/fixtures/public/fail/semantic/arr_index_not_int.jmm
    Parser starting
    Analyzer starting on /tmp/comp_jmm_test_bruno/fixtures/public/fail/semantic/arr_index_not_int.jmm



    <ID>"="<ID>"["<BOOL>"]"
    Semantic exceptions: 2
    IncompatibleException: Incompatibility detected Array accesses must be of type int and not boolean
    On line 11
    IncompatibleException: Incompatibility detected int is incompatible with boolean
    On line 11

ParserTest > testarr_index_not_int STANDARD_ERROR
    java.lang.RuntimeException: Semantic error
    	at Analyzer.analyze(Analyzer.java:1052)
    	at Main.main(Main.java:79)
    	at sun.reflect.NativeMethodAccessorImpl.invoke0(Native Method)
    	at sun.reflect.NativeMethodAccessorImpl.invoke(NativeMethodAccessorImpl.java:62)
    	at sun.reflect.DelegatingMethodAccessorImpl.invoke(DelegatingMethodAccessorImpl.java:43)
    	at java.lang.reflect.Method.invoke(Method.java:498)
    	at ParserTest.test(ParserTest.java:30)
    	at ParserTest.testarr_index_not_int(ParserTest.java:108)
    	at sun.reflect.NativeMethodAccessorImpl.invoke0(Native Method)
    	at sun.reflect.NativeMethodAccessorImpl.invoke(NativeMethodAccessorImpl.java:62)
    	at sun.reflect.DelegatingMethodAccessorImpl.invoke(DelegatingMethodAccessorImpl.java:43)
    	at java.lang.reflect.Method.invoke(Method.java:498)
    	at org.junit.runners.model.FrameworkMethod$1.runReflectiveCall(FrameworkMethod.java:47)
    	at org.junit.internal.runners.model.ReflectiveCallable.run(ReflectiveCallable.java:12)
    	at org.junit.runners.model.FrameworkMethod.invokeExplosively(FrameworkMethod.java:44)
    	at org.junit.internal.runners.statements.InvokeMethod.evaluate(InvokeMethod.java:17)
    	at org.junit.runners.ParentRunner.runLeaf(ParentRunner.java:271)
    	at org.junit.runners.BlockJUnit4ClassRunner.runChild(BlockJUnit4ClassRunner.java:70)
    	at org.junit.runners.BlockJUnit4ClassRunner.runChild(BlockJUnit4ClassRunner.java:50)
    	at org.junit.runners.ParentRunner$3.run(ParentRunner.java:238)
    	at org.junit.runners.ParentRunner$1.schedule(ParentRunner.java:63)
    	at org.junit.runners.ParentRunner.runChildren(ParentRunner.java:236)
    	at org.junit.runners.ParentRunner.access$000(ParentRunner.java:53)
    	at org.junit.runners.ParentRunner$2.evaluate(ParentRunner.java:229)
    	at org.junit.runners.ParentRunner.run(ParentRunner.java:309)
    	at org.gradle.api.internal.tasks.testing.junit.JUnitTestClassExecutor.runTestClass(JUnitTestClassExecutor.java:110)
    	at org.gradle.api.internal.tasks.testing.junit.JUnitTestClassExecutor.execute(JUnitTestClassExecutor.java:58)
    	at org.gradle.api.internal.tasks.testing.junit.JUnitTestClassExecutor.execute(JUnitTestClassExecutor.java:38)
    	at org.gradle.api.internal.tasks.testing.junit.AbstractJUnitTestClassProcessor.processTestClass(AbstractJUnitTestClassProcessor.java:62)
    	at org.gradle.api.internal.tasks.testing.SuiteTestClassProcessor.processTestClass(SuiteTestClassProcessor.java:51)
    	at sun.reflect.NativeMethodAccessorImpl.invoke0(Native Method)
    	at sun.reflect.NativeMethodAccessorImpl.invoke(NativeMethodAccessorImpl.java:62)
    	at sun.reflect.DelegatingMethodAccessorImpl.invoke(DelegatingMethodAccessorImpl.java:43)
    	at java.lang.reflect.Method.invoke(Method.java:498)
    	at org.gradle.internal.dispatch.ReflectionDispatch.dispatch(ReflectionDispatch.java:36)
    	at org.gradle.internal.dispatch.ReflectionDispatch.dispatch(ReflectionDispatch.java:24)
    	at org.gradle.internal.dispatch.ContextClassLoaderDispatch.dispatch(ContextClassLoaderDispatch.java:33)
    	at org.gradle.internal.dispatch.ProxyDispatchAdapter$DispatchingInvocationHandler.invoke(ProxyDispatchAdapter.java:94)
    	at com.sun.proxy.$Proxy2.processTestClass(Unknown Source)
    	at org.gradle.api.internal.tasks.testing.worker.TestWorker.processTestClass(TestWorker.java:118)
    	at sun.reflect.NativeMethodAccessorImpl.invoke0(Native Method)
    	at sun.reflect.NativeMethodAccessorImpl.invoke(NativeMethodAccessorImpl.java:62)
    	at sun.reflect.DelegatingMethodAccessorImpl.invoke(DelegatingMethodAccessorImpl.java:43)
    	at java.lang.reflect.Method.invoke(Method.java:498)
    	at org.gradle.internal.dispatch.ReflectionDispatch.dispatch(ReflectionDispatch.java:36)
    	at org.gradle.internal.dispatch.ReflectionDispatch.dispatch(ReflectionDispatch.java:24)
    	at org.gradle.internal.remote.internal.hub.MessageHubBackedObjectConnection$DispatchWrapper.dispatch(MessageHubBackedObjectConnection.java:182)
    	at org.gradle.internal.remote.internal.hub.MessageHubBackedObjectConnection$DispatchWrapper.dispatch(MessageHubBackedObjectConnection.java:164)
    	at org.gradle.internal.remote.internal.hub.MessageHub$Handler.run(MessageHub.java:412)
    	at org.gradle.internal.concurrent.ExecutorPolicy$CatchAndRecordFailures.onExecute(ExecutorPolicy.java:64)
    	at org.gradle.internal.concurrent.ManagedExecutorImpl$1.run(ManagedExecutorImpl.java:48)
    	at java.util.concurrent.ThreadPoolExecutor.runWorker(ThreadPoolExecutor.java:1149)
    	at java.util.concurrent.ThreadPoolExecutor$Worker.run(ThreadPoolExecutor.java:624)
    	at org.gradle.internal.concurrent.ThreadFactoryImpl$ManagedThreadRunnable.run(ThreadFactoryImpl.java:56)
    	at java.lang.Thread.run(Thread.java:748)

ParserTest > testarr_index_not_int STANDARD_OUT
    Test failed: java.lang.reflect.InvocationTargetException

ParserTest > testarr_index_not_int STANDARD_ERROR
    java.lang.reflect.InvocationTargetException
    	at sun.reflect.NativeMethodAccessorImpl.invoke0(Native Method)
    	at sun.reflect.NativeMethodAccessorImpl.invoke(NativeMethodAccessorImpl.java:62)
    	at sun.reflect.DelegatingMethodAccessorImpl.invoke(DelegatingMethodAccessorImpl.java:43)
    	at java.lang.reflect.Method.invoke(Method.java:498)
    	at ParserTest.test(ParserTest.java:30)
    	at ParserTest.testarr_index_not_int(ParserTest.java:108)
    	at sun.reflect.NativeMethodAccessorImpl.invoke0(Native Method)
    	at sun.reflect.NativeMethodAccessorImpl.invoke(NativeMethodAccessorImpl.java:62)
    	at sun.reflect.DelegatingMethodAccessorImpl.invoke(DelegatingMethodAccessorImpl.java:43)
    	at java.lang.reflect.Method.invoke(Method.java:498)
    	at org.junit.runners.model.FrameworkMethod$1.runReflectiveCall(FrameworkMethod.java:47)
    	at org.junit.internal.runners.model.ReflectiveCallable.run(ReflectiveCallable.java:12)
    	at org.junit.runners.model.FrameworkMethod.invokeExplosively(FrameworkMethod.java:44)
    	at org.junit.internal.runners.statements.InvokeMethod.evaluate(InvokeMethod.java:17)
    	at org.junit.runners.ParentRunner.runLeaf(ParentRunner.java:271)
    	at org.junit.runners.BlockJUnit4ClassRunner.runChild(BlockJUnit4ClassRunner.java:70)
    	at org.junit.runners.BlockJUnit4ClassRunner.runChild(BlockJUnit4ClassRunner.java:50)
    	at org.junit.runners.ParentRunner$3.run(ParentRunner.java:238)
    	at org.junit.runners.ParentRunner$1.schedule(ParentRunner.java:63)
    	at org.junit.runners.ParentRunner.runChildren(ParentRunner.java:236)
    	at org.junit.runners.ParentRunner.access$000(ParentRunner.java:53)
    	at org.junit.runners.ParentRunner$2.evaluate(ParentRunner.java:229)
    	at org.junit.runners.ParentRunner.run(ParentRunner.java:309)
    	at org.gradle.api.internal.tasks.testing.junit.JUnitTestClassExecutor.runTestClass(JUnitTestClassExecutor.java:110)
    	at org.gradle.api.internal.tasks.testing.junit.JUnitTestClassExecutor.execute(JUnitTestClassExecutor.java:58)
    	at org.gradle.api.internal.tasks.testing.junit.JUnitTestClassExecutor.execute(JUnitTestClassExecutor.java:38)
    	at org.gradle.api.internal.tasks.testing.junit.AbstractJUnitTestClassProcessor.processTestClass(AbstractJUnitTestClassProcessor.java:62)
    	at org.gradle.api.internal.tasks.testing.SuiteTestClassProcessor.processTestClass(SuiteTestClassProcessor.java:51)
    	at sun.reflect.NativeMethodAccessorImpl.invoke0(Native Method)
    	at sun.reflect.NativeMethodAccessorImpl.invoke(NativeMethodAccessorImpl.java:62)
    	at sun.reflect.DelegatingMethodAccessorImpl.invoke(DelegatingMethodAccessorImpl.java:43)
    	at java.lang.reflect.Method.invoke(Method.java:498)
    	at org.gradle.internal.dispatch.ReflectionDispatch.dispatch(ReflectionDispatch.java:36)
    	at org.gradle.internal.dispatch.ReflectionDispatch.dispatch(ReflectionDispatch.java:24)
    	at org.gradle.internal.dispatch.ContextClassLoaderDispatch.dispatch(ContextClassLoaderDispatch.java:33)
    	at org.gradle.internal.dispatch.ProxyDispatchAdapter$DispatchingInvocationHandler.invoke(ProxyDispatchAdapter.java:94)
    	at com.sun.proxy.$Proxy2.processTestClass(Unknown Source)
    	at org.gradle.api.internal.tasks.testing.worker.TestWorker.processTestClass(TestWorker.java:118)
    	at sun.reflect.NativeMethodAccessorImpl.invoke0(Native Method)
    	at sun.reflect.NativeMethodAccessorImpl.invoke(NativeMethodAccessorImpl.java:62)
    	at sun.reflect.DelegatingMethodAccessorImpl.invoke(DelegatingMethodAccessorImpl.java:43)
    	at java.lang.reflect.Method.invoke(Method.java:498)
    	at org.gradle.internal.dispatch.ReflectionDispatch.dispatch(ReflectionDispatch.java:36)
    	at org.gradle.internal.dispatch.ReflectionDispatch.dispatch(ReflectionDispatch.java:24)
    	at org.gradle.internal.remote.internal.hub.MessageHubBackedObjectConnection$DispatchWrapper.dispatch(MessageHubBackedObjectConnection.java:182)
    	at org.gradle.internal.remote.internal.hub.MessageHubBackedObjectConnection$DispatchWrapper.dispatch(MessageHubBackedObjectConnection.java:164)
    	at org.gradle.internal.remote.internal.hub.MessageHub$Handler.run(MessageHub.java:412)
    	at org.gradle.internal.concurrent.ExecutorPolicy$CatchAndRecordFailures.onExecute(ExecutorPolicy.java:64)
    	at org.gradle.internal.concurrent.ManagedExecutorImpl$1.run(ManagedExecutorImpl.java:48)
    	at java.util.concurrent.ThreadPoolExecutor.runWorker(ThreadPoolExecutor.java:1149)
    	at java.util.concurrent.ThreadPoolExecutor$Worker.run(ThreadPoolExecutor.java:624)
    	at org.gradle.internal.concurrent.ThreadFactoryImpl$ManagedThreadRunnable.run(ThreadFactoryImpl.java:56)
    	at java.lang.Thread.run(Thread.java:748)
    Caused by: java.lang.RuntimeException: Semantic error
    	at Main.main(Main.java:85)
    	... 53 more

ParserTest > testNestedLoop STANDARD_OUT
    Copied stream to file '/tmp/comp_jmm_test_bruno/fixtures/public/fail/syntactical/NestedLoop.jmm'.
    Parsing file /tmp/comp_jmm_test_bruno/fixtures/public/fail/syntactical/NestedLoop.jmm
    Parser starting
    COULD NOT PARSE WHILE
    UNEXPECTED Parsing Exception
    PARSING ERROR
    Unexpected symbol encountered: } on line 8, column 2
    Was expecting one of the following symbols:
    [ <EOF>  ]


ParserTest > testNestedLoop STANDARD_ERROR
    java.lang.Exception: Parser failure
    	at JMMParser.parse(JMMParser.java:25)
    	at Main.main(Main.java:64)
    	at sun.reflect.NativeMethodAccessorImpl.invoke0(Native Method)
    	at sun.reflect.NativeMethodAccessorImpl.invoke(NativeMethodAccessorImpl.java:62)
    	at sun.reflect.DelegatingMethodAccessorImpl.invoke(DelegatingMethodAccessorImpl.java:43)
    	at java.lang.reflect.Method.invoke(Method.java:498)
    	at ParserTest.test(ParserTest.java:30)
    	at ParserTest.testNestedLoop(ParserTest.java:189)
    	at sun.reflect.NativeMethodAccessorImpl.invoke0(Native Method)
    	at sun.reflect.NativeMethodAccessorImpl.invoke(NativeMethodAccessorImpl.java:62)
    	at sun.reflect.DelegatingMethodAccessorImpl.invoke(DelegatingMethodAccessorImpl.java:43)
    	at java.lang.reflect.Method.invoke(Method.java:498)
    	at org.junit.runners.model.FrameworkMethod$1.runReflectiveCall(FrameworkMethod.java:47)
    	at org.junit.internal.runners.model.ReflectiveCallable.run(ReflectiveCallable.java:12)
    	at org.junit.runners.model.FrameworkMethod.invokeExplosively(FrameworkMethod.java:44)
    	at org.junit.internal.runners.statements.InvokeMethod.evaluate(InvokeMethod.java:17)
    	at org.junit.runners.ParentRunner.runLeaf(ParentRunner.java:271)
    	at org.junit.runners.BlockJUnit4ClassRunner.runChild(BlockJUnit4ClassRunner.java:70)
    	at org.junit.runners.BlockJUnit4ClassRunner.runChild(BlockJUnit4ClassRunner.java:50)
    	at org.junit.runners.ParentRunner$3.run(ParentRunner.java:238)
    	at org.junit.runners.ParentRunner$1.schedule(ParentRunner.java:63)
    	at org.junit.runners.ParentRunner.runChildren(ParentRunner.java:236)
    	at org.junit.runners.ParentRunner.access$000(ParentRunner.java:53)
    	at org.junit.runners.ParentRunner$2.evaluate(ParentRunner.java:229)
    	at org.junit.runners.ParentRunner.run(ParentRunner.java:309)
    	at org.gradle.api.internal.tasks.testing.junit.JUnitTestClassExecutor.runTestClass(JUnitTestClassExecutor.java:110)
    	at org.gradle.api.internal.tasks.testing.junit.JUnitTestClassExecutor.execute(JUnitTestClassExecutor.java:58)
    	at org.gradle.api.internal.tasks.testing.junit.JUnitTestClassExecutor.execute(JUnitTestClassExecutor.java:38)
    	at org.gradle.api.internal.tasks.testing.junit.AbstractJUnitTestClassProcessor.processTestClass(AbstractJUnitTestClassProcessor.java:62)
    	at org.gradle.api.internal.tasks.testing.SuiteTestClassProcessor.processTestClass(SuiteTestClassProcessor.java:51)
    	at sun.reflect.NativeMethodAccessorImpl.invoke0(Native Method)
    	at sun.reflect.NativeMethodAccessorImpl.invoke(NativeMethodAccessorImpl.java:62)
    	at sun.reflect.DelegatingMethodAccessorImpl.invoke(DelegatingMethodAccessorImpl.java:43)
    	at java.lang.reflect.Method.invoke(Method.java:498)
    	at org.gradle.internal.dispatch.ReflectionDispatch.dispatch(ReflectionDispatch.java:36)
    	at org.gradle.internal.dispatch.ReflectionDispatch.dispatch(ReflectionDispatch.java:24)
    	at org.gradle.internal.dispatch.ContextClassLoaderDispatch.dispatch(ContextClassLoaderDispatch.java:33)
    	at org.gradle.internal.dispatch.ProxyDispatchAdapter$DispatchingInvocationHandler.invoke(ProxyDispatchAdapter.java:94)
    	at com.sun.proxy.$Proxy2.processTestClass(Unknown Source)
    	at org.gradle.api.internal.tasks.testing.worker.TestWorker.processTestClass(TestWorker.java:118)
    	at sun.reflect.NativeMethodAccessorImpl.invoke0(Native Method)
    	at sun.reflect.NativeMethodAccessorImpl.invoke(NativeMethodAccessorImpl.java:62)
    	at sun.reflect.DelegatingMethodAccessorImpl.invoke(DelegatingMethodAccessorImpl.java:43)
    	at java.lang.reflect.Method.invoke(Method.java:498)
    	at org.gradle.internal.dispatch.ReflectionDispatch.dispatch(ReflectionDispatch.java:36)
    	at org.gradle.internal.dispatch.ReflectionDispatch.dispatch(ReflectionDispatch.java:24)
    	at org.gradle.internal.remote.internal.hub.MessageHubBackedObjectConnection$DispatchWrapper.dispatch(MessageHubBackedObjectConnection.java:182)
    	at org.gradle.internal.remote.internal.hub.MessageHubBackedObjectConnection$DispatchWrapper.dispatch(MessageHubBackedObjectConnection.java:164)
    	at org.gradle.internal.remote.internal.hub.MessageHub$Handler.run(MessageHub.java:412)
    	at org.gradle.internal.concurrent.ExecutorPolicy$CatchAndRecordFailures.onExecute(ExecutorPolicy.java:64)
    	at org.gradle.internal.concurrent.ManagedExecutorImpl$1.run(ManagedExecutorImpl.java:48)
    	at java.util.concurrent.ThreadPoolExecutor.runWorker(ThreadPoolExecutor.java:1149)
    	at java.util.concurrent.ThreadPoolExecutor$Worker.run(ThreadPoolExecutor.java:624)
    	at org.gradle.internal.concurrent.ThreadFactoryImpl$ManagedThreadRunnable.run(ThreadFactoryImpl.java:56)
    	at java.lang.Thread.run(Thread.java:748)

ParserTest > testNestedLoop STANDARD_OUT
    Test failed: java.lang.reflect.InvocationTargetException

ParserTest > testNestedLoop STANDARD_ERROR
    java.lang.reflect.InvocationTargetException
    	at sun.reflect.NativeMethodAccessorImpl.invoke0(Native Method)
    	at sun.reflect.NativeMethodAccessorImpl.invoke(NativeMethodAccessorImpl.java:62)
    	at sun.reflect.DelegatingMethodAccessorImpl.invoke(DelegatingMethodAccessorImpl.java:43)
    	at java.lang.reflect.Method.invoke(Method.java:498)
    	at ParserTest.test(ParserTest.java:30)
    	at ParserTest.testNestedLoop(ParserTest.java:189)
    	at sun.reflect.NativeMethodAccessorImpl.invoke0(Native Method)
    	at sun.reflect.NativeMethodAccessorImpl.invoke(NativeMethodAccessorImpl.java:62)
    	at sun.reflect.DelegatingMethodAccessorImpl.invoke(DelegatingMethodAccessorImpl.java:43)
    	at java.lang.reflect.Method.invoke(Method.java:498)
    	at org.junit.runners.model.FrameworkMethod$1.runReflectiveCall(FrameworkMethod.java:47)
    	at org.junit.internal.runners.model.ReflectiveCallable.run(ReflectiveCallable.java:12)
    	at org.junit.runners.model.FrameworkMethod.invokeExplosively(FrameworkMethod.java:44)
    	at org.junit.internal.runners.statements.InvokeMethod.evaluate(InvokeMethod.java:17)
    	at org.junit.runners.ParentRunner.runLeaf(ParentRunner.java:271)
    	at org.junit.runners.BlockJUnit4ClassRunner.runChild(BlockJUnit4ClassRunner.java:70)
    	at org.junit.runners.BlockJUnit4ClassRunner.runChild(BlockJUnit4ClassRunner.java:50)
    	at org.junit.runners.ParentRunner$3.run(ParentRunner.java:238)
    	at org.junit.runners.ParentRunner$1.schedule(ParentRunner.java:63)
    	at org.junit.runners.ParentRunner.runChildren(ParentRunner.java:236)
    	at org.junit.runners.ParentRunner.access$000(ParentRunner.java:53)
    	at org.junit.runners.ParentRunner$2.evaluate(ParentRunner.java:229)
    	at org.junit.runners.ParentRunner.run(ParentRunner.java:309)
    	at org.gradle.api.internal.tasks.testing.junit.JUnitTestClassExecutor.runTestClass(JUnitTestClassExecutor.java:110)
    	at org.gradle.api.internal.tasks.testing.junit.JUnitTestClassExecutor.execute(JUnitTestClassExecutor.java:58)
    	at org.gradle.api.internal.tasks.testing.junit.JUnitTestClassExecutor.execute(JUnitTestClassExecutor.java:38)
    	at org.gradle.api.internal.tasks.testing.junit.AbstractJUnitTestClassProcessor.processTestClass(AbstractJUnitTestClassProcessor.java:62)
    	at org.gradle.api.internal.tasks.testing.SuiteTestClassProcessor.processTestClass(SuiteTestClassProcessor.java:51)
    	at sun.reflect.NativeMethodAccessorImpl.invoke0(Native Method)
    	at sun.reflect.NativeMethodAccessorImpl.invoke(NativeMethodAccessorImpl.java:62)
    	at sun.reflect.DelegatingMethodAccessorImpl.invoke(DelegatingMethodAccessorImpl.java:43)
    	at java.lang.reflect.Method.invoke(Method.java:498)
    	at org.gradle.internal.dispatch.ReflectionDispatch.dispatch(ReflectionDispatch.java:36)
    	at org.gradle.internal.dispatch.ReflectionDispatch.dispatch(ReflectionDispatch.java:24)
    	at org.gradle.internal.dispatch.ContextClassLoaderDispatch.dispatch(ContextClassLoaderDispatch.java:33)
    	at org.gradle.internal.dispatch.ProxyDispatchAdapter$DispatchingInvocationHandler.invoke(ProxyDispatchAdapter.java:94)
    	at com.sun.proxy.$Proxy2.processTestClass(Unknown Source)
    	at org.gradle.api.internal.tasks.testing.worker.TestWorker.processTestClass(TestWorker.java:118)
    	at sun.reflect.NativeMethodAccessorImpl.invoke0(Native Method)
    	at sun.reflect.NativeMethodAccessorImpl.invoke(NativeMethodAccessorImpl.java:62)
    	at sun.reflect.DelegatingMethodAccessorImpl.invoke(DelegatingMethodAccessorImpl.java:43)
    	at java.lang.reflect.Method.invoke(Method.java:498)
    	at org.gradle.internal.dispatch.ReflectionDispatch.dispatch(ReflectionDispatch.java:36)
    	at org.gradle.internal.dispatch.ReflectionDispatch.dispatch(ReflectionDispatch.java:24)
    	at org.gradle.internal.remote.internal.hub.MessageHubBackedObjectConnection$DispatchWrapper.dispatch(MessageHubBackedObjectConnection.java:182)
    	at org.gradle.internal.remote.internal.hub.MessageHubBackedObjectConnection$DispatchWrapper.dispatch(MessageHubBackedObjectConnection.java:164)
    	at org.gradle.internal.remote.internal.hub.MessageHub$Handler.run(MessageHub.java:412)
    	at org.gradle.internal.concurrent.ExecutorPolicy$CatchAndRecordFailures.onExecute(ExecutorPolicy.java:64)
    	at org.gradle.internal.concurrent.ManagedExecutorImpl$1.run(ManagedExecutorImpl.java:48)
    	at java.util.concurrent.ThreadPoolExecutor.runWorker(ThreadPoolExecutor.java:1149)
    	at java.util.concurrent.ThreadPoolExecutor$Worker.run(ThreadPoolExecutor.java:624)
    	at org.gradle.internal.concurrent.ThreadFactoryImpl$ManagedThreadRunnable.run(ThreadFactoryImpl.java:56)
    	at java.lang.Thread.run(Thread.java:748)
    Caused by: java.lang.RuntimeException: Syntatical error
    	at Main.main(Main.java:70)
    	... 53 more

ParserTest > testMonteCarloPi STANDARD_OUT
    Copied stream to file '/tmp/comp_jmm_test_bruno/fixtures/public/MonteCarloPi.jmm'.
    Parsing file /tmp/comp_jmm_test_bruno/fixtures/public/MonteCarloPi.jmm
    Parser starting
    Analyzer starting on /tmp/comp_jmm_test_bruno/fixtures/public/MonteCarloPi.jmm

    "import""static"<ID>"."<ID>"(""int"")""void"

    "import""static"<ID>"."<ID>"(""int"")""void"
    COMPILATION SUCCESSFUL

ParserTest > testLife STANDARD_OUT
    Copied stream to file '/tmp/comp_jmm_test_bruno/fixtures/public/Life.jmm'.
    Parsing file /tmp/comp_jmm_test_bruno/fixtures/public/Life.jmm
    Parser starting
    Analyzer starting on /tmp/comp_jmm_test_bruno/fixtures/public/Life.jmm

    "import""static"<ID>"."<ID>"("")""void"

    "import""static"<ID>"."<ID>"("")""void"

    "import""static"<ID>"."<ID>"(""int"")""void"

    "import""static"<ID>"."<ID>"(""int"")""void"
    WARNING, variable already available in scope: "field"
    COMPILATION SUCCESSFUL

ParserTest > testsimple_length STANDARD_OUT
    Copied stream to file '/tmp/comp_jmm_test_bruno/fixtures/public/fail/semantic/simple_length.jmm'.
    Parsing file /tmp/comp_jmm_test_bruno/fixtures/public/fail/semantic/simple_length.jmm
    Parser starting
    UNEXPECTED Parsing Exception
    PARSING ERROR
    Unexpected symbol encountered: . on line 8, column 13
    Was expecting one of the following symbols:
    [ ";", "+", "-", "*", "/", "&&"  ]


ParserTest > testsimple_length STANDARD_ERROR
    java.lang.Exception: Parser failure
    	at JMMParser.parse(JMMParser.java:25)
    	at Main.main(Main.java:64)
    	at sun.reflect.NativeMethodAccessorImpl.invoke0(Native Method)
    	at sun.reflect.NativeMethodAccessorImpl.invoke(NativeMethodAccessorImpl.java:62)
    	at sun.reflect.DelegatingMethodAccessorImpl.invoke(DelegatingMethodAccessorImpl.java:43)
    	at java.lang.reflect.Method.invoke(Method.java:498)
    	at ParserTest.test(ParserTest.java:30)
    	at ParserTest.testsimple_length(ParserTest.java:133)
    	at sun.reflect.NativeMethodAccessorImpl.invoke0(Native Method)
    	at sun.reflect.NativeMethodAccessorImpl.invoke(NativeMethodAccessorImpl.java:62)
    	at sun.reflect.DelegatingMethodAccessorImpl.invoke(DelegatingMethodAccessorImpl.java:43)
    	at java.lang.reflect.Method.invoke(Method.java:498)
    	at org.junit.runners.model.FrameworkMethod$1.runReflectiveCall(FrameworkMethod.java:47)
    	at org.junit.internal.runners.model.ReflectiveCallable.run(ReflectiveCallable.java:12)
    	at org.junit.runners.model.FrameworkMethod.invokeExplosively(FrameworkMethod.java:44)
    	at org.junit.internal.runners.statements.InvokeMethod.evaluate(InvokeMethod.java:17)
    	at org.junit.runners.ParentRunner.runLeaf(ParentRunner.java:271)
    	at org.junit.runners.BlockJUnit4ClassRunner.runChild(BlockJUnit4ClassRunner.java:70)
    	at org.junit.runners.BlockJUnit4ClassRunner.runChild(BlockJUnit4ClassRunner.java:50)
    	at org.junit.runners.ParentRunner$3.run(ParentRunner.java:238)
    	at org.junit.runners.ParentRunner$1.schedule(ParentRunner.java:63)
    	at org.junit.runners.ParentRunner.runChildren(ParentRunner.java:236)
    	at org.junit.runners.ParentRunner.access$000(ParentRunner.java:53)
    	at org.junit.runners.ParentRunner$2.evaluate(ParentRunner.java:229)
    	at org.junit.runners.ParentRunner.run(ParentRunner.java:309)
    	at org.gradle.api.internal.tasks.testing.junit.JUnitTestClassExecutor.runTestClass(JUnitTestClassExecutor.java:110)
    	at org.gradle.api.internal.tasks.testing.junit.JUnitTestClassExecutor.execute(JUnitTestClassExecutor.java:58)
    	at org.gradle.api.internal.tasks.testing.junit.JUnitTestClassExecutor.execute(JUnitTestClassExecutor.java:38)
    	at org.gradle.api.internal.tasks.testing.junit.AbstractJUnitTestClassProcessor.processTestClass(AbstractJUnitTestClassProcessor.java:62)
    	at org.gradle.api.internal.tasks.testing.SuiteTestClassProcessor.processTestClass(SuiteTestClassProcessor.java:51)
    	at sun.reflect.NativeMethodAccessorImpl.invoke0(Native Method)
    	at sun.reflect.NativeMethodAccessorImpl.invoke(NativeMethodAccessorImpl.java:62)
    	at sun.reflect.DelegatingMethodAccessorImpl.invoke(DelegatingMethodAccessorImpl.java:43)
    	at java.lang.reflect.Method.invoke(Method.java:498)
    	at org.gradle.internal.dispatch.ReflectionDispatch.dispatch(ReflectionDispatch.java:36)
    	at org.gradle.internal.dispatch.ReflectionDispatch.dispatch(ReflectionDispatch.java:24)
    	at org.gradle.internal.dispatch.ContextClassLoaderDispatch.dispatch(ContextClassLoaderDispatch.java:33)
    	at org.gradle.internal.dispatch.ProxyDispatchAdapter$DispatchingInvocationHandler.invoke(ProxyDispatchAdapter.java:94)
    	at com.sun.proxy.$Proxy2.processTestClass(Unknown Source)
    	at org.gradle.api.internal.tasks.testing.worker.TestWorker.processTestClass(TestWorker.java:118)
    	at sun.reflect.NativeMethodAccessorImpl.invoke0(Native Method)
    	at sun.reflect.NativeMethodAccessorImpl.invoke(NativeMethodAccessorImpl.java:62)
    	at sun.reflect.DelegatingMethodAccessorImpl.invoke(DelegatingMethodAccessorImpl.java:43)
    	at java.lang.reflect.Method.invoke(Method.java:498)
    	at org.gradle.internal.dispatch.ReflectionDispatch.dispatch(ReflectionDispatch.java:36)
    	at org.gradle.internal.dispatch.ReflectionDispatch.dispatch(ReflectionDispatch.java:24)
    	at org.gradle.internal.remote.internal.hub.MessageHubBackedObjectConnection$DispatchWrapper.dispatch(MessageHubBackedObjectConnection.java:182)
    	at org.gradle.internal.remote.internal.hub.MessageHubBackedObjectConnection$DispatchWrapper.dispatch(MessageHubBackedObjectConnection.java:164)
    	at org.gradle.internal.remote.internal.hub.MessageHub$Handler.run(MessageHub.java:412)
    	at org.gradle.internal.concurrent.ExecutorPolicy$CatchAndRecordFailures.onExecute(ExecutorPolicy.java:64)
    	at org.gradle.internal.concurrent.ManagedExecutorImpl$1.run(ManagedExecutorImpl.java:48)
    	at java.util.concurrent.ThreadPoolExecutor.runWorker(ThreadPoolExecutor.java:1149)
    	at java.util.concurrent.ThreadPoolExecutor$Worker.run(ThreadPoolExecutor.java:624)
    	at org.gradle.internal.concurrent.ThreadFactoryImpl$ManagedThreadRunnable.run(ThreadFactoryImpl.java:56)
    	at java.lang.Thread.run(Thread.java:748)

ParserTest > testsimple_length STANDARD_OUT
    Test failed: java.lang.reflect.InvocationTargetException

ParserTest > testsimple_length STANDARD_ERROR
    java.lang.reflect.InvocationTargetException
    	at sun.reflect.NativeMethodAccessorImpl.invoke0(Native Method)
    	at sun.reflect.NativeMethodAccessorImpl.invoke(NativeMethodAccessorImpl.java:62)
    	at sun.reflect.DelegatingMethodAccessorImpl.invoke(DelegatingMethodAccessorImpl.java:43)
    	at java.lang.reflect.Method.invoke(Method.java:498)
    	at ParserTest.test(ParserTest.java:30)
    	at ParserTest.testsimple_length(ParserTest.java:133)
    	at sun.reflect.NativeMethodAccessorImpl.invoke0(Native Method)
    	at sun.reflect.NativeMethodAccessorImpl.invoke(NativeMethodAccessorImpl.java:62)
    	at sun.reflect.DelegatingMethodAccessorImpl.invoke(DelegatingMethodAccessorImpl.java:43)
    	at java.lang.reflect.Method.invoke(Method.java:498)
    	at org.junit.runners.model.FrameworkMethod$1.runReflectiveCall(FrameworkMethod.java:47)
    	at org.junit.internal.runners.model.ReflectiveCallable.run(ReflectiveCallable.java:12)
    	at org.junit.runners.model.FrameworkMethod.invokeExplosively(FrameworkMethod.java:44)
    	at org.junit.internal.runners.statements.InvokeMethod.evaluate(InvokeMethod.java:17)
    	at org.junit.runners.ParentRunner.runLeaf(ParentRunner.java:271)
    	at org.junit.runners.BlockJUnit4ClassRunner.runChild(BlockJUnit4ClassRunner.java:70)
    	at org.junit.runners.BlockJUnit4ClassRunner.runChild(BlockJUnit4ClassRunner.java:50)
    	at org.junit.runners.ParentRunner$3.run(ParentRunner.java:238)
    	at org.junit.runners.ParentRunner$1.schedule(ParentRunner.java:63)
    	at org.junit.runners.ParentRunner.runChildren(ParentRunner.java:236)
    	at org.junit.runners.ParentRunner.access$000(ParentRunner.java:53)
    	at org.junit.runners.ParentRunner$2.evaluate(ParentRunner.java:229)
    	at org.junit.runners.ParentRunner.run(ParentRunner.java:309)
    	at org.gradle.api.internal.tasks.testing.junit.JUnitTestClassExecutor.runTestClass(JUnitTestClassExecutor.java:110)
    	at org.gradle.api.internal.tasks.testing.junit.JUnitTestClassExecutor.execute(JUnitTestClassExecutor.java:58)
    	at org.gradle.api.internal.tasks.testing.junit.JUnitTestClassExecutor.execute(JUnitTestClassExecutor.java:38)
    	at org.gradle.api.internal.tasks.testing.junit.AbstractJUnitTestClassProcessor.processTestClass(AbstractJUnitTestClassProcessor.java:62)
    	at org.gradle.api.internal.tasks.testing.SuiteTestClassProcessor.processTestClass(SuiteTestClassProcessor.java:51)
    	at sun.reflect.NativeMethodAccessorImpl.invoke0(Native Method)
    	at sun.reflect.NativeMethodAccessorImpl.invoke(NativeMethodAccessorImpl.java:62)
    	at sun.reflect.DelegatingMethodAccessorImpl.invoke(DelegatingMethodAccessorImpl.java:43)
    	at java.lang.reflect.Method.invoke(Method.java:498)
    	at org.gradle.internal.dispatch.ReflectionDispatch.dispatch(ReflectionDispatch.java:36)
    	at org.gradle.internal.dispatch.ReflectionDispatch.dispatch(ReflectionDispatch.java:24)
    	at org.gradle.internal.dispatch.ContextClassLoaderDispatch.dispatch(ContextClassLoaderDispatch.java:33)
    	at org.gradle.internal.dispatch.ProxyDispatchAdapter$DispatchingInvocationHandler.invoke(ProxyDispatchAdapter.java:94)
    	at com.sun.proxy.$Proxy2.processTestClass(Unknown Source)
    	at org.gradle.api.internal.tasks.testing.worker.TestWorker.processTestClass(TestWorker.java:118)
    	at sun.reflect.NativeMethodAccessorImpl.invoke0(Native Method)
    	at sun.reflect.NativeMethodAccessorImpl.invoke(NativeMethodAccessorImpl.java:62)
    	at sun.reflect.DelegatingMethodAccessorImpl.invoke(DelegatingMethodAccessorImpl.java:43)
    	at java.lang.reflect.Method.invoke(Method.java:498)
    	at org.gradle.internal.dispatch.ReflectionDispatch.dispatch(ReflectionDispatch.java:36)
    	at org.gradle.internal.dispatch.ReflectionDispatch.dispatch(ReflectionDispatch.java:24)
    	at org.gradle.internal.remote.internal.hub.MessageHubBackedObjectConnection$DispatchWrapper.dispatch(MessageHubBackedObjectConnection.java:182)
    	at org.gradle.internal.remote.internal.hub.MessageHubBackedObjectConnection$DispatchWrapper.dispatch(MessageHubBackedObjectConnection.java:164)
    	at org.gradle.internal.remote.internal.hub.MessageHub$Handler.run(MessageHub.java:412)
    	at org.gradle.internal.concurrent.ExecutorPolicy$CatchAndRecordFailures.onExecute(ExecutorPolicy.java:64)
    	at org.gradle.internal.concurrent.ManagedExecutorImpl$1.run(ManagedExecutorImpl.java:48)
    	at java.util.concurrent.ThreadPoolExecutor.runWorker(ThreadPoolExecutor.java:1149)
    	at java.util.concurrent.ThreadPoolExecutor$Worker.run(ThreadPoolExecutor.java:624)
    	at org.gradle.internal.concurrent.ThreadFactoryImpl$ManagedThreadRunnable.run(ThreadFactoryImpl.java:56)
    	at java.lang.Thread.run(Thread.java:748)
    Caused by: java.lang.RuntimeException: Syntatical error
    	at Main.main(Main.java:70)
    	... 53 more

ParserTest > testvar_exp_incomp STANDARD_OUT
    Copied stream to file '/tmp/comp_jmm_test_bruno/fixtures/public/fail/semantic/var_exp_incomp.jmm'.
    Parsing file /tmp/comp_jmm_test_bruno/fixtures/public/fail/semantic/var_exp_incomp.jmm
    Parser starting
    Analyzer starting on /tmp/comp_jmm_test_bruno/fixtures/public/fail/semantic/var_exp_incomp.jmm

    <ID>"="<ID>
    Semantic exceptions: 1
    IncompatibleException: Incompatibility detected int is incompatible with boolean
    On line 10

ParserTest > testvar_exp_incomp STANDARD_ERROR
    java.lang.RuntimeException: Semantic error
    	at Analyzer.analyze(Analyzer.java:1052)
    	at Main.main(Main.java:79)
    	at sun.reflect.NativeMethodAccessorImpl.invoke0(Native Method)
    	at sun.reflect.NativeMethodAccessorImpl.invoke(NativeMethodAccessorImpl.java:62)
    	at sun.reflect.DelegatingMethodAccessorImpl.invoke(DelegatingMethodAccessorImpl.java:43)
    	at java.lang.reflect.Method.invoke(Method.java:498)
    	at ParserTest.test(ParserTest.java:30)
    	at ParserTest.testvar_exp_incomp(ParserTest.java:138)
    	at sun.reflect.NativeMethodAccessorImpl.invoke0(Native Method)
    	at sun.reflect.NativeMethodAccessorImpl.invoke(NativeMethodAccessorImpl.java:62)
    	at sun.reflect.DelegatingMethodAccessorImpl.invoke(DelegatingMethodAccessorImpl.java:43)
    	at java.lang.reflect.Method.invoke(Method.java:498)
    	at org.junit.runners.model.FrameworkMethod$1.runReflectiveCall(FrameworkMethod.java:47)
    	at org.junit.internal.runners.model.ReflectiveCallable.run(ReflectiveCallable.java:12)
    	at org.junit.runners.model.FrameworkMethod.invokeExplosively(FrameworkMethod.java:44)
    	at org.junit.internal.runners.statements.InvokeMethod.evaluate(InvokeMethod.java:17)
    	at org.junit.runners.ParentRunner.runLeaf(ParentRunner.java:271)
    	at org.junit.runners.BlockJUnit4ClassRunner.runChild(BlockJUnit4ClassRunner.java:70)
    	at org.junit.runners.BlockJUnit4ClassRunner.runChild(BlockJUnit4ClassRunner.java:50)
    	at org.junit.runners.ParentRunner$3.run(ParentRunner.java:238)
    	at org.junit.runners.ParentRunner$1.schedule(ParentRunner.java:63)
    	at org.junit.runners.ParentRunner.runChildren(ParentRunner.java:236)
    	at org.junit.runners.ParentRunner.access$000(ParentRunner.java:53)
    	at org.junit.runners.ParentRunner$2.evaluate(ParentRunner.java:229)
    	at org.junit.runners.ParentRunner.run(ParentRunner.java:309)
    	at org.gradle.api.internal.tasks.testing.junit.JUnitTestClassExecutor.runTestClass(JUnitTestClassExecutor.java:110)
    	at org.gradle.api.internal.tasks.testing.junit.JUnitTestClassExecutor.execute(JUnitTestClassExecutor.java:58)
    	at org.gradle.api.internal.tasks.testing.junit.JUnitTestClassExecutor.execute(JUnitTestClassExecutor.java:38)
    	at org.gradle.api.internal.tasks.testing.junit.AbstractJUnitTestClassProcessor.processTestClass(AbstractJUnitTestClassProcessor.java:62)
    	at org.gradle.api.internal.tasks.testing.SuiteTestClassProcessor.processTestClass(SuiteTestClassProcessor.java:51)
    	at sun.reflect.NativeMethodAccessorImpl.invoke0(Native Method)
    	at sun.reflect.NativeMethodAccessorImpl.invoke(NativeMethodAccessorImpl.java:62)
    	at sun.reflect.DelegatingMethodAccessorImpl.invoke(DelegatingMethodAccessorImpl.java:43)
    	at java.lang.reflect.Method.invoke(Method.java:498)
    	at org.gradle.internal.dispatch.ReflectionDispatch.dispatch(ReflectionDispatch.java:36)
    	at org.gradle.internal.dispatch.ReflectionDispatch.dispatch(ReflectionDispatch.java:24)
    	at org.gradle.internal.dispatch.ContextClassLoaderDispatch.dispatch(ContextClassLoaderDispatch.java:33)
    	at org.gradle.internal.dispatch.ProxyDispatchAdapter$DispatchingInvocationHandler.invoke(ProxyDispatchAdapter.java:94)
    	at com.sun.proxy.$Proxy2.processTestClass(Unknown Source)
    	at org.gradle.api.internal.tasks.testing.worker.TestWorker.processTestClass(TestWorker.java:118)
    	at sun.reflect.NativeMethodAccessorImpl.invoke0(Native Method)
    	at sun.reflect.NativeMethodAccessorImpl.invoke(NativeMethodAccessorImpl.java:62)
    	at sun.reflect.DelegatingMethodAccessorImpl.invoke(DelegatingMethodAccessorImpl.java:43)
    	at java.lang.reflect.Method.invoke(Method.java:498)
    	at org.gradle.internal.dispatch.ReflectionDispatch.dispatch(ReflectionDispatch.java:36)
    	at org.gradle.internal.dispatch.ReflectionDispatch.dispatch(ReflectionDispatch.java:24)
    	at org.gradle.internal.remote.internal.hub.MessageHubBackedObjectConnection$DispatchWrapper.dispatch(MessageHubBackedObjectConnection.java:182)
    	at org.gradle.internal.remote.internal.hub.MessageHubBackedObjectConnection$DispatchWrapper.dispatch(MessageHubBackedObjectConnection.java:164)
    	at org.gradle.internal.remote.internal.hub.MessageHub$Handler.run(MessageHub.java:412)
    	at org.gradle.internal.concurrent.ExecutorPolicy$CatchAndRecordFailures.onExecute(ExecutorPolicy.java:64)
    	at org.gradle.internal.concurrent.ManagedExecutorImpl$1.run(ManagedExecutorImpl.java:48)
    	at java.util.concurrent.ThreadPoolExecutor.runWorker(ThreadPoolExecutor.java:1149)
    	at java.util.concurrent.ThreadPoolExecutor$Worker.run(ThreadPoolExecutor.java:624)
    	at org.gradle.internal.concurrent.ThreadFactoryImpl$ManagedThreadRunnable.run(ThreadFactoryImpl.java:56)
    	at java.lang.Thread.run(Thread.java:748)

ParserTest > testvar_exp_incomp STANDARD_OUT
    Test failed: java.lang.reflect.InvocationTargetException

ParserTest > testvar_exp_incomp STANDARD_ERROR
    java.lang.reflect.InvocationTargetException
    	at sun.reflect.NativeMethodAccessorImpl.invoke0(Native Method)
    	at sun.reflect.NativeMethodAccessorImpl.invoke(NativeMethodAccessorImpl.java:62)
    	at sun.reflect.DelegatingMethodAccessorImpl.invoke(DelegatingMethodAccessorImpl.java:43)
    	at java.lang.reflect.Method.invoke(Method.java:498)
    	at ParserTest.test(ParserTest.java:30)
    	at ParserTest.testvar_exp_incomp(ParserTest.java:138)
    	at sun.reflect.NativeMethodAccessorImpl.invoke0(Native Method)
    	at sun.reflect.NativeMethodAccessorImpl.invoke(NativeMethodAccessorImpl.java:62)
    	at sun.reflect.DelegatingMethodAccessorImpl.invoke(DelegatingMethodAccessorImpl.java:43)
    	at java.lang.reflect.Method.invoke(Method.java:498)
    	at org.junit.runners.model.FrameworkMethod$1.runReflectiveCall(FrameworkMethod.java:47)
    	at org.junit.internal.runners.model.ReflectiveCallable.run(ReflectiveCallable.java:12)
    	at org.junit.runners.model.FrameworkMethod.invokeExplosively(FrameworkMethod.java:44)
    	at org.junit.internal.runners.statements.InvokeMethod.evaluate(InvokeMethod.java:17)
    	at org.junit.runners.ParentRunner.runLeaf(ParentRunner.java:271)
    	at org.junit.runners.BlockJUnit4ClassRunner.runChild(BlockJUnit4ClassRunner.java:70)
    	at org.junit.runners.BlockJUnit4ClassRunner.runChild(BlockJUnit4ClassRunner.java:50)
    	at org.junit.runners.ParentRunner$3.run(ParentRunner.java:238)
    	at org.junit.runners.ParentRunner$1.schedule(ParentRunner.java:63)
    	at org.junit.runners.ParentRunner.runChildren(ParentRunner.java:236)
    	at org.junit.runners.ParentRunner.access$000(ParentRunner.java:53)
    	at org.junit.runners.ParentRunner$2.evaluate(ParentRunner.java:229)
    	at org.junit.runners.ParentRunner.run(ParentRunner.java:309)
    	at org.gradle.api.internal.tasks.testing.junit.JUnitTestClassExecutor.runTestClass(JUnitTestClassExecutor.java:110)
    	at org.gradle.api.internal.tasks.testing.junit.JUnitTestClassExecutor.execute(JUnitTestClassExecutor.java:58)
    	at org.gradle.api.internal.tasks.testing.junit.JUnitTestClassExecutor.execute(JUnitTestClassExecutor.java:38)
    	at org.gradle.api.internal.tasks.testing.junit.AbstractJUnitTestClassProcessor.processTestClass(AbstractJUnitTestClassProcessor.java:62)
    	at org.gradle.api.internal.tasks.testing.SuiteTestClassProcessor.processTestClass(SuiteTestClassProcessor.java:51)
    	at sun.reflect.NativeMethodAccessorImpl.invoke0(Native Method)
    	at sun.reflect.NativeMethodAccessorImpl.invoke(NativeMethodAccessorImpl.java:62)
    	at sun.reflect.DelegatingMethodAccessorImpl.invoke(DelegatingMethodAccessorImpl.java:43)
    	at java.lang.reflect.Method.invoke(Method.java:498)
    	at org.gradle.internal.dispatch.ReflectionDispatch.dispatch(ReflectionDispatch.java:36)
    	at org.gradle.internal.dispatch.ReflectionDispatch.dispatch(ReflectionDispatch.java:24)
    	at org.gradle.internal.dispatch.ContextClassLoaderDispatch.dispatch(ContextClassLoaderDispatch.java:33)
    	at org.gradle.internal.dispatch.ProxyDispatchAdapter$DispatchingInvocationHandler.invoke(ProxyDispatchAdapter.java:94)
    	at com.sun.proxy.$Proxy2.processTestClass(Unknown Source)
    	at org.gradle.api.internal.tasks.testing.worker.TestWorker.processTestClass(TestWorker.java:118)
    	at sun.reflect.NativeMethodAccessorImpl.invoke0(Native Method)
    	at sun.reflect.NativeMethodAccessorImpl.invoke(NativeMethodAccessorImpl.java:62)
    	at sun.reflect.DelegatingMethodAccessorImpl.invoke(DelegatingMethodAccessorImpl.java:43)
    	at java.lang.reflect.Method.invoke(Method.java:498)
    	at org.gradle.internal.dispatch.ReflectionDispatch.dispatch(ReflectionDispatch.java:36)
    	at org.gradle.internal.dispatch.ReflectionDispatch.dispatch(ReflectionDispatch.java:24)
    	at org.gradle.internal.remote.internal.hub.MessageHubBackedObjectConnection$DispatchWrapper.dispatch(MessageHubBackedObjectConnection.java:182)
    	at org.gradle.internal.remote.internal.hub.MessageHubBackedObjectConnection$DispatchWrapper.dispatch(MessageHubBackedObjectConnection.java:164)
    	at org.gradle.internal.remote.internal.hub.MessageHub$Handler.run(MessageHub.java:412)
    	at org.gradle.internal.concurrent.ExecutorPolicy$CatchAndRecordFailures.onExecute(ExecutorPolicy.java:64)
    	at org.gradle.internal.concurrent.ManagedExecutorImpl$1.run(ManagedExecutorImpl.java:48)
    	at java.util.concurrent.ThreadPoolExecutor.runWorker(ThreadPoolExecutor.java:1149)
    	at java.util.concurrent.ThreadPoolExecutor$Worker.run(ThreadPoolExecutor.java:624)
    	at org.gradle.internal.concurrent.ThreadFactoryImpl$ManagedThreadRunnable.run(ThreadFactoryImpl.java:56)
    	at java.lang.Thread.run(Thread.java:748)
    Caused by: java.lang.RuntimeException: Semantic error
    	at Main.main(Main.java:85)
    	... 53 more

ParserTest > testMissingRightPar STANDARD_OUT
    Copied stream to file '/tmp/comp_jmm_test_bruno/fixtures/public/fail/syntactical/MissingRightPar.jmm'.
    Parsing file /tmp/comp_jmm_test_bruno/fixtures/public/fail/syntactical/MissingRightPar.jmm
    Parser starting
    COULD NOT PARSE WHILE
    PARSING ERROR
    Unexpected symbol encountered: { on line 3, column 13
    Was expecting one of the following symbols:
    [ ")", "+", "-", "*", "/", "&&"  ]


ParserTest > testMissingRightPar STANDARD_ERROR
    java.lang.Exception: Parser failure
    	at JMMParser.parse(JMMParser.java:35)
    	at Main.main(Main.java:64)
    	at sun.reflect.NativeMethodAccessorImpl.invoke0(Native Method)
    	at sun.reflect.NativeMethodAccessorImpl.invoke(NativeMethodAccessorImpl.java:62)
    	at sun.reflect.DelegatingMethodAccessorImpl.invoke(DelegatingMethodAccessorImpl.java:43)
    	at java.lang.reflect.Method.invoke(Method.java:498)
    	at ParserTest.test(ParserTest.java:30)
    	at ParserTest.testMissingRightPar(ParserTest.java:179)
    	at sun.reflect.NativeMethodAccessorImpl.invoke0(Native Method)
    	at sun.reflect.NativeMethodAccessorImpl.invoke(NativeMethodAccessorImpl.java:62)
    	at sun.reflect.DelegatingMethodAccessorImpl.invoke(DelegatingMethodAccessorImpl.java:43)
    	at java.lang.reflect.Method.invoke(Method.java:498)
    	at org.junit.runners.model.FrameworkMethod$1.runReflectiveCall(FrameworkMethod.java:47)
    	at org.junit.internal.runners.model.ReflectiveCallable.run(ReflectiveCallable.java:12)
    	at org.junit.runners.model.FrameworkMethod.invokeExplosively(FrameworkMethod.java:44)
    	at org.junit.internal.runners.statements.InvokeMethod.evaluate(InvokeMethod.java:17)
    	at org.junit.runners.ParentRunner.runLeaf(ParentRunner.java:271)
    	at org.junit.runners.BlockJUnit4ClassRunner.runChild(BlockJUnit4ClassRunner.java:70)
    	at org.junit.runners.BlockJUnit4ClassRunner.runChild(BlockJUnit4ClassRunner.java:50)
    	at org.junit.runners.ParentRunner$3.run(ParentRunner.java:238)
    	at org.junit.runners.ParentRunner$1.schedule(ParentRunner.java:63)
    	at org.junit.runners.ParentRunner.runChildren(ParentRunner.java:236)
    	at org.junit.runners.ParentRunner.access$000(ParentRunner.java:53)
    	at org.junit.runners.ParentRunner$2.evaluate(ParentRunner.java:229)
    	at org.junit.runners.ParentRunner.run(ParentRunner.java:309)
    	at org.gradle.api.internal.tasks.testing.junit.JUnitTestClassExecutor.runTestClass(JUnitTestClassExecutor.java:110)
    	at org.gradle.api.internal.tasks.testing.junit.JUnitTestClassExecutor.execute(JUnitTestClassExecutor.java:58)
    	at org.gradle.api.internal.tasks.testing.junit.JUnitTestClassExecutor.execute(JUnitTestClassExecutor.java:38)
    	at org.gradle.api.internal.tasks.testing.junit.AbstractJUnitTestClassProcessor.processTestClass(AbstractJUnitTestClassProcessor.java:62)
    	at org.gradle.api.internal.tasks.testing.SuiteTestClassProcessor.processTestClass(SuiteTestClassProcessor.java:51)
    	at sun.reflect.NativeMethodAccessorImpl.invoke0(Native Method)
    	at sun.reflect.NativeMethodAccessorImpl.invoke(NativeMethodAccessorImpl.java:62)
    	at sun.reflect.DelegatingMethodAccessorImpl.invoke(DelegatingMethodAccessorImpl.java:43)
    	at java.lang.reflect.Method.invoke(Method.java:498)
    	at org.gradle.internal.dispatch.ReflectionDispatch.dispatch(ReflectionDispatch.java:36)
    	at org.gradle.internal.dispatch.ReflectionDispatch.dispatch(ReflectionDispatch.java:24)
    	at org.gradle.internal.dispatch.ContextClassLoaderDispatch.dispatch(ContextClassLoaderDispatch.java:33)
    	at org.gradle.internal.dispatch.ProxyDispatchAdapter$DispatchingInvocationHandler.invoke(ProxyDispatchAdapter.java:94)
    	at com.sun.proxy.$Proxy2.processTestClass(Unknown Source)
    	at org.gradle.api.internal.tasks.testing.worker.TestWorker.processTestClass(TestWorker.java:118)
    	at sun.reflect.NativeMethodAccessorImpl.invoke0(Native Method)
    	at sun.reflect.NativeMethodAccessorImpl.invoke(NativeMethodAccessorImpl.java:62)
    	at sun.reflect.DelegatingMethodAccessorImpl.invoke(DelegatingMethodAccessorImpl.java:43)
    	at java.lang.reflect.Method.invoke(Method.java:498)
    	at org.gradle.internal.dispatch.ReflectionDispatch.dispatch(ReflectionDispatch.java:36)
    	at org.gradle.internal.dispatch.ReflectionDispatch.dispatch(ReflectionDispatch.java:24)
    	at org.gradle.internal.remote.internal.hub.MessageHubBackedObjectConnection$DispatchWrapper.dispatch(MessageHubBackedObjectConnection.java:182)
    	at org.gradle.internal.remote.internal.hub.MessageHubBackedObjectConnection$DispatchWrapper.dispatch(MessageHubBackedObjectConnection.java:164)
    	at org.gradle.internal.remote.internal.hub.MessageHub$Handler.run(MessageHub.java:412)
    	at org.gradle.internal.concurrent.ExecutorPolicy$CatchAndRecordFailures.onExecute(ExecutorPolicy.java:64)
    	at org.gradle.internal.concurrent.ManagedExecutorImpl$1.run(ManagedExecutorImpl.java:48)
    	at java.util.concurrent.ThreadPoolExecutor.runWorker(ThreadPoolExecutor.java:1149)
    	at java.util.concurrent.ThreadPoolExecutor$Worker.run(ThreadPoolExecutor.java:624)
    	at org.gradle.internal.concurrent.ThreadFactoryImpl$ManagedThreadRunnable.run(ThreadFactoryImpl.java:56)
    	at java.lang.Thread.run(Thread.java:748)

ParserTest > testMissingRightPar STANDARD_OUT
    Test failed: java.lang.reflect.InvocationTargetException

ParserTest > testMissingRightPar STANDARD_ERROR
    java.lang.reflect.InvocationTargetException
    	at sun.reflect.NativeMethodAccessorImpl.invoke0(Native Method)
    	at sun.reflect.NativeMethodAccessorImpl.invoke(NativeMethodAccessorImpl.java:62)
    	at sun.reflect.DelegatingMethodAccessorImpl.invoke(DelegatingMethodAccessorImpl.java:43)
    	at java.lang.reflect.Method.invoke(Method.java:498)
    	at ParserTest.test(ParserTest.java:30)
    	at ParserTest.testMissingRightPar(ParserTest.java:179)
    	at sun.reflect.NativeMethodAccessorImpl.invoke0(Native Method)
    	at sun.reflect.NativeMethodAccessorImpl.invoke(NativeMethodAccessorImpl.java:62)
    	at sun.reflect.DelegatingMethodAccessorImpl.invoke(DelegatingMethodAccessorImpl.java:43)
    	at java.lang.reflect.Method.invoke(Method.java:498)
    	at org.junit.runners.model.FrameworkMethod$1.runReflectiveCall(FrameworkMethod.java:47)
    	at org.junit.internal.runners.model.ReflectiveCallable.run(ReflectiveCallable.java:12)
    	at org.junit.runners.model.FrameworkMethod.invokeExplosively(FrameworkMethod.java:44)
    	at org.junit.internal.runners.statements.InvokeMethod.evaluate(InvokeMethod.java:17)
    	at org.junit.runners.ParentRunner.runLeaf(ParentRunner.java:271)
    	at org.junit.runners.BlockJUnit4ClassRunner.runChild(BlockJUnit4ClassRunner.java:70)
    	at org.junit.runners.BlockJUnit4ClassRunner.runChild(BlockJUnit4ClassRunner.java:50)
    	at org.junit.runners.ParentRunner$3.run(ParentRunner.java:238)
    	at org.junit.runners.ParentRunner$1.schedule(ParentRunner.java:63)
    	at org.junit.runners.ParentRunner.runChildren(ParentRunner.java:236)
    	at org.junit.runners.ParentRunner.access$000(ParentRunner.java:53)
    	at org.junit.runners.ParentRunner$2.evaluate(ParentRunner.java:229)
    	at org.junit.runners.ParentRunner.run(ParentRunner.java:309)
    	at org.gradle.api.internal.tasks.testing.junit.JUnitTestClassExecutor.runTestClass(JUnitTestClassExecutor.java:110)
    	at org.gradle.api.internal.tasks.testing.junit.JUnitTestClassExecutor.execute(JUnitTestClassExecutor.java:58)
    	at org.gradle.api.internal.tasks.testing.junit.JUnitTestClassExecutor.execute(JUnitTestClassExecutor.java:38)
    	at org.gradle.api.internal.tasks.testing.junit.AbstractJUnitTestClassProcessor.processTestClass(AbstractJUnitTestClassProcessor.java:62)
    	at org.gradle.api.internal.tasks.testing.SuiteTestClassProcessor.processTestClass(SuiteTestClassProcessor.java:51)
    	at sun.reflect.NativeMethodAccessorImpl.invoke0(Native Method)
    	at sun.reflect.NativeMethodAccessorImpl.invoke(NativeMethodAccessorImpl.java:62)
    	at sun.reflect.DelegatingMethodAccessorImpl.invoke(DelegatingMethodAccessorImpl.java:43)
    	at java.lang.reflect.Method.invoke(Method.java:498)
    	at org.gradle.internal.dispatch.ReflectionDispatch.dispatch(ReflectionDispatch.java:36)
    	at org.gradle.internal.dispatch.ReflectionDispatch.dispatch(ReflectionDispatch.java:24)
    	at org.gradle.internal.dispatch.ContextClassLoaderDispatch.dispatch(ContextClassLoaderDispatch.java:33)
    	at org.gradle.internal.dispatch.ProxyDispatchAdapter$DispatchingInvocationHandler.invoke(ProxyDispatchAdapter.java:94)
    	at com.sun.proxy.$Proxy2.processTestClass(Unknown Source)
    	at org.gradle.api.internal.tasks.testing.worker.TestWorker.processTestClass(TestWorker.java:118)
    	at sun.reflect.NativeMethodAccessorImpl.invoke0(Native Method)
    	at sun.reflect.NativeMethodAccessorImpl.invoke(NativeMethodAccessorImpl.java:62)
    	at sun.reflect.DelegatingMethodAccessorImpl.invoke(DelegatingMethodAccessorImpl.java:43)
    	at java.lang.reflect.Method.invoke(Method.java:498)
    	at org.gradle.internal.dispatch.ReflectionDispatch.dispatch(ReflectionDispatch.java:36)
    	at org.gradle.internal.dispatch.ReflectionDispatch.dispatch(ReflectionDispatch.java:24)
    	at org.gradle.internal.remote.internal.hub.MessageHubBackedObjectConnection$DispatchWrapper.dispatch(MessageHubBackedObjectConnection.java:182)
    	at org.gradle.internal.remote.internal.hub.MessageHubBackedObjectConnection$DispatchWrapper.dispatch(MessageHubBackedObjectConnection.java:164)
    	at org.gradle.internal.remote.internal.hub.MessageHub$Handler.run(MessageHub.java:412)
    	at org.gradle.internal.concurrent.ExecutorPolicy$CatchAndRecordFailures.onExecute(ExecutorPolicy.java:64)
    	at org.gradle.internal.concurrent.ManagedExecutorImpl$1.run(ManagedExecutorImpl.java:48)
    	at java.util.concurrent.ThreadPoolExecutor.runWorker(ThreadPoolExecutor.java:1149)
    	at java.util.concurrent.ThreadPoolExecutor$Worker.run(ThreadPoolExecutor.java:624)
    	at org.gradle.internal.concurrent.ThreadFactoryImpl$ManagedThreadRunnable.run(ThreadFactoryImpl.java:56)
    	at java.lang.Thread.run(Thread.java:748)
    Caused by: java.lang.RuntimeException: Syntatical error
    	at Main.main(Main.java:70)
    	... 53 more

ParserTest > testLazysort STANDARD_OUT
    Copied stream to file '/tmp/comp_jmm_test_bruno/fixtures/public/Lazysort.jmm'.
    Parsing file /tmp/comp_jmm_test_bruno/fixtures/public/Lazysort.jmm
    Parser starting
    Analyzer starting on /tmp/comp_jmm_test_bruno/fixtures/public/Lazysort.jmm

    "import"<ID>"."<ID>"(""int""[""]"",""int"",""int"")""boolean"

    "import"<ID>"."<ID>"(""int""[""]"",""int"",""int"")""boolean"

    "import"<ID>"."<ID>"(""int""[""]"")""boolean"

    "import"<ID>"."<ID>"(""int""[""]"")""boolean"
    COMPILATION SUCCESSFUL

ParserTest > testmiss_type STANDARD_OUT
    Copied stream to file '/tmp/comp_jmm_test_bruno/fixtures/public/fail/semantic/extra/miss_type.jmm'.
    Parsing file /tmp/comp_jmm_test_bruno/fixtures/public/fail/semantic/extra/miss_type.jmm
    Parser starting
    Analyzer starting on /tmp/comp_jmm_test_bruno/fixtures/public/fail/semantic/extra/miss_type.jmm

    <ID><ID>
    Semantic exceptions: 1
    UndeclaredException: Undeclared entity Undefined data type Miss
    On line 7

ParserTest > testmiss_type STANDARD_ERROR
    java.lang.RuntimeException: Semantic error
    	at Analyzer.analyze(Analyzer.java:1052)
    	at Main.main(Main.java:79)
    	at sun.reflect.NativeMethodAccessorImpl.invoke0(Native Method)
    	at sun.reflect.NativeMethodAccessorImpl.invoke(NativeMethodAccessorImpl.java:62)
    	at sun.reflect.DelegatingMethodAccessorImpl.invoke(DelegatingMethodAccessorImpl.java:43)
    	at java.lang.reflect.Method.invoke(Method.java:498)
    	at ParserTest.test(ParserTest.java:30)
    	at ParserTest.testmiss_type(ParserTest.java:159)
    	at sun.reflect.NativeMethodAccessorImpl.invoke0(Native Method)
    	at sun.reflect.NativeMethodAccessorImpl.invoke(NativeMethodAccessorImpl.java:62)
    	at sun.reflect.DelegatingMethodAccessorImpl.invoke(DelegatingMethodAccessorImpl.java:43)
    	at java.lang.reflect.Method.invoke(Method.java:498)
    	at org.junit.runners.model.FrameworkMethod$1.runReflectiveCall(FrameworkMethod.java:47)
    	at org.junit.internal.runners.model.ReflectiveCallable.run(ReflectiveCallable.java:12)
    	at org.junit.runners.model.FrameworkMethod.invokeExplosively(FrameworkMethod.java:44)
    	at org.junit.internal.runners.statements.InvokeMethod.evaluate(InvokeMethod.java:17)
    	at org.junit.runners.ParentRunner.runLeaf(ParentRunner.java:271)
    	at org.junit.runners.BlockJUnit4ClassRunner.runChild(BlockJUnit4ClassRunner.java:70)
    	at org.junit.runners.BlockJUnit4ClassRunner.runChild(BlockJUnit4ClassRunner.java:50)
    	at org.junit.runners.ParentRunner$3.run(ParentRunner.java:238)
    	at org.junit.runners.ParentRunner$1.schedule(ParentRunner.java:63)
    	at org.junit.runners.ParentRunner.runChildren(ParentRunner.java:236)
    	at org.junit.runners.ParentRunner.access$000(ParentRunner.java:53)
    	at org.junit.runners.ParentRunner$2.evaluate(ParentRunner.java:229)
    	at org.junit.runners.ParentRunner.run(ParentRunner.java:309)
    	at org.gradle.api.internal.tasks.testing.junit.JUnitTestClassExecutor.runTestClass(JUnitTestClassExecutor.java:110)
    	at org.gradle.api.internal.tasks.testing.junit.JUnitTestClassExecutor.execute(JUnitTestClassExecutor.java:58)
    	at org.gradle.api.internal.tasks.testing.junit.JUnitTestClassExecutor.execute(JUnitTestClassExecutor.java:38)
    	at org.gradle.api.internal.tasks.testing.junit.AbstractJUnitTestClassProcessor.processTestClass(AbstractJUnitTestClassProcessor.java:62)
    	at org.gradle.api.internal.tasks.testing.SuiteTestClassProcessor.processTestClass(SuiteTestClassProcessor.java:51)
    	at sun.reflect.NativeMethodAccessorImpl.invoke0(Native Method)
    	at sun.reflect.NativeMethodAccessorImpl.invoke(NativeMethodAccessorImpl.java:62)
    	at sun.reflect.DelegatingMethodAccessorImpl.invoke(DelegatingMethodAccessorImpl.java:43)
    	at java.lang.reflect.Method.invoke(Method.java:498)
    	at org.gradle.internal.dispatch.ReflectionDispatch.dispatch(ReflectionDispatch.java:36)
    	at org.gradle.internal.dispatch.ReflectionDispatch.dispatch(ReflectionDispatch.java:24)
    	at org.gradle.internal.dispatch.ContextClassLoaderDispatch.dispatch(ContextClassLoaderDispatch.java:33)
    	at org.gradle.internal.dispatch.ProxyDispatchAdapter$DispatchingInvocationHandler.invoke(ProxyDispatchAdapter.java:94)
    	at com.sun.proxy.$Proxy2.processTestClass(Unknown Source)
    	at org.gradle.api.internal.tasks.testing.worker.TestWorker.processTestClass(TestWorker.java:118)
    	at sun.reflect.NativeMethodAccessorImpl.invoke0(Native Method)
    	at sun.reflect.NativeMethodAccessorImpl.invoke(NativeMethodAccessorImpl.java:62)
    	at sun.reflect.DelegatingMethodAccessorImpl.invoke(DelegatingMethodAccessorImpl.java:43)
    	at java.lang.reflect.Method.invoke(Method.java:498)
    	at org.gradle.internal.dispatch.ReflectionDispatch.dispatch(ReflectionDispatch.java:36)
    	at org.gradle.internal.dispatch.ReflectionDispatch.dispatch(ReflectionDispatch.java:24)
    	at org.gradle.internal.remote.internal.hub.MessageHubBackedObjectConnection$DispatchWrapper.dispatch(MessageHubBackedObjectConnection.java:182)
    	at org.gradle.internal.remote.internal.hub.MessageHubBackedObjectConnection$DispatchWrapper.dispatch(MessageHubBackedObjectConnection.java:164)
    	at org.gradle.internal.remote.internal.hub.MessageHub$Handler.run(MessageHub.java:412)
    	at org.gradle.internal.concurrent.ExecutorPolicy$CatchAndRecordFailures.onExecute(ExecutorPolicy.java:64)
    	at org.gradle.internal.concurrent.ManagedExecutorImpl$1.run(ManagedExecutorImpl.java:48)
    	at java.util.concurrent.ThreadPoolExecutor.runWorker(ThreadPoolExecutor.java:1149)
    	at java.util.concurrent.ThreadPoolExecutor$Worker.run(ThreadPoolExecutor.java:624)
    	at org.gradle.internal.concurrent.ThreadFactoryImpl$ManagedThreadRunnable.run(ThreadFactoryImpl.java:56)
    	at java.lang.Thread.run(Thread.java:748)

ParserTest > testmiss_type STANDARD_OUT
    Test failed: java.lang.reflect.InvocationTargetException

ParserTest > testmiss_type STANDARD_ERROR
    java.lang.reflect.InvocationTargetException
    	at sun.reflect.NativeMethodAccessorImpl.invoke0(Native Method)
    	at sun.reflect.NativeMethodAccessorImpl.invoke(NativeMethodAccessorImpl.java:62)
    	at sun.reflect.DelegatingMethodAccessorImpl.invoke(DelegatingMethodAccessorImpl.java:43)
    	at java.lang.reflect.Method.invoke(Method.java:498)
    	at ParserTest.test(ParserTest.java:30)
    	at ParserTest.testmiss_type(ParserTest.java:159)
    	at sun.reflect.NativeMethodAccessorImpl.invoke0(Native Method)
    	at sun.reflect.NativeMethodAccessorImpl.invoke(NativeMethodAccessorImpl.java:62)
    	at sun.reflect.DelegatingMethodAccessorImpl.invoke(DelegatingMethodAccessorImpl.java:43)
    	at java.lang.reflect.Method.invoke(Method.java:498)
    	at org.junit.runners.model.FrameworkMethod$1.runReflectiveCall(FrameworkMethod.java:47)
    	at org.junit.internal.runners.model.ReflectiveCallable.run(ReflectiveCallable.java:12)
    	at org.junit.runners.model.FrameworkMethod.invokeExplosively(FrameworkMethod.java:44)
    	at org.junit.internal.runners.statements.InvokeMethod.evaluate(InvokeMethod.java:17)
    	at org.junit.runners.ParentRunner.runLeaf(ParentRunner.java:271)
    	at org.junit.runners.BlockJUnit4ClassRunner.runChild(BlockJUnit4ClassRunner.java:70)
    	at org.junit.runners.BlockJUnit4ClassRunner.runChild(BlockJUnit4ClassRunner.java:50)
    	at org.junit.runners.ParentRunner$3.run(ParentRunner.java:238)
    	at org.junit.runners.ParentRunner$1.schedule(ParentRunner.java:63)
    	at org.junit.runners.ParentRunner.runChildren(ParentRunner.java:236)
    	at org.junit.runners.ParentRunner.access$000(ParentRunner.java:53)
    	at org.junit.runners.ParentRunner$2.evaluate(ParentRunner.java:229)
    	at org.junit.runners.ParentRunner.run(ParentRunner.java:309)
    	at org.gradle.api.internal.tasks.testing.junit.JUnitTestClassExecutor.runTestClass(JUnitTestClassExecutor.java:110)
    	at org.gradle.api.internal.tasks.testing.junit.JUnitTestClassExecutor.execute(JUnitTestClassExecutor.java:58)
    	at org.gradle.api.internal.tasks.testing.junit.JUnitTestClassExecutor.execute(JUnitTestClassExecutor.java:38)
    	at org.gradle.api.internal.tasks.testing.junit.AbstractJUnitTestClassProcessor.processTestClass(AbstractJUnitTestClassProcessor.java:62)
    	at org.gradle.api.internal.tasks.testing.SuiteTestClassProcessor.processTestClass(SuiteTestClassProcessor.java:51)
    	at sun.reflect.NativeMethodAccessorImpl.invoke0(Native Method)
    	at sun.reflect.NativeMethodAccessorImpl.invoke(NativeMethodAccessorImpl.java:62)
    	at sun.reflect.DelegatingMethodAccessorImpl.invoke(DelegatingMethodAccessorImpl.java:43)
    	at java.lang.reflect.Method.invoke(Method.java:498)
    	at org.gradle.internal.dispatch.ReflectionDispatch.dispatch(ReflectionDispatch.java:36)
    	at org.gradle.internal.dispatch.ReflectionDispatch.dispatch(ReflectionDispatch.java:24)
    	at org.gradle.internal.dispatch.ContextClassLoaderDispatch.dispatch(ContextClassLoaderDispatch.java:33)
    	at org.gradle.internal.dispatch.ProxyDispatchAdapter$DispatchingInvocationHandler.invoke(ProxyDispatchAdapter.java:94)
    	at com.sun.proxy.$Proxy2.processTestClass(Unknown Source)
    	at org.gradle.api.internal.tasks.testing.worker.TestWorker.processTestClass(TestWorker.java:118)
    	at sun.reflect.NativeMethodAccessorImpl.invoke0(Native Method)
    	at sun.reflect.NativeMethodAccessorImpl.invoke(NativeMethodAccessorImpl.java:62)
    	at sun.reflect.DelegatingMethodAccessorImpl.invoke(DelegatingMethodAccessorImpl.java:43)
    	at java.lang.reflect.Method.invoke(Method.java:498)
    	at org.gradle.internal.dispatch.ReflectionDispatch.dispatch(ReflectionDispatch.java:36)
    	at org.gradle.internal.dispatch.ReflectionDispatch.dispatch(ReflectionDispatch.java:24)
    	at org.gradle.internal.remote.internal.hub.MessageHubBackedObjectConnection$DispatchWrapper.dispatch(MessageHubBackedObjectConnection.java:182)
    	at org.gradle.internal.remote.internal.hub.MessageHubBackedObjectConnection$DispatchWrapper.dispatch(MessageHubBackedObjectConnection.java:164)
    	at org.gradle.internal.remote.internal.hub.MessageHub$Handler.run(MessageHub.java:412)
    	at org.gradle.internal.concurrent.ExecutorPolicy$CatchAndRecordFailures.onExecute(ExecutorPolicy.java:64)
    	at org.gradle.internal.concurrent.ManagedExecutorImpl$1.run(ManagedExecutorImpl.java:48)
    	at java.util.concurrent.ThreadPoolExecutor.runWorker(ThreadPoolExecutor.java:1149)
    	at java.util.concurrent.ThreadPoolExecutor$Worker.run(ThreadPoolExecutor.java:624)
    	at org.gradle.internal.concurrent.ThreadFactoryImpl$ManagedThreadRunnable.run(ThreadFactoryImpl.java:56)
    	at java.lang.Thread.run(Thread.java:748)
    Caused by: java.lang.RuntimeException: Semantic error
    	at Main.main(Main.java:85)
    	... 53 more

ParserTest > testbadArguments STANDARD_OUT
    Copied stream to file '/tmp/comp_jmm_test_bruno/fixtures/public/fail/semantic/badArguments.jmm'.
    Parsing file /tmp/comp_jmm_test_bruno/fixtures/public/fail/semantic/badArguments.jmm
    Parser starting
    Analyzer starting on /tmp/comp_jmm_test_bruno/fixtures/public/fail/semantic/badArguments.jmm

    <ID>"."<ID>"("<INTEGER>
    Semantic exceptions: 1
    UndeclaredException: Undeclared entity Undefined io
    On line 7

ParserTest > testbadArguments STANDARD_ERROR
    java.lang.RuntimeException: Semantic error
    	at Analyzer.analyze(Analyzer.java:1041)
    	at Main.main(Main.java:79)
    	at sun.reflect.NativeMethodAccessorImpl.invoke0(Native Method)
    	at sun.reflect.NativeMethodAccessorImpl.invoke(NativeMethodAccessorImpl.java:62)
    	at sun.reflect.DelegatingMethodAccessorImpl.invoke(DelegatingMethodAccessorImpl.java:43)
    	at java.lang.reflect.Method.invoke(Method.java:498)
    	at ParserTest.test(ParserTest.java:30)
    	at ParserTest.testbadArguments(ParserTest.java:118)
    	at sun.reflect.NativeMethodAccessorImpl.invoke0(Native Method)
    	at sun.reflect.NativeMethodAccessorImpl.invoke(NativeMethodAccessorImpl.java:62)
    	at sun.reflect.DelegatingMethodAccessorImpl.invoke(DelegatingMethodAccessorImpl.java:43)
    	at java.lang.reflect.Method.invoke(Method.java:498)
    	at org.junit.runners.model.FrameworkMethod$1.runReflectiveCall(FrameworkMethod.java:47)
    	at org.junit.internal.runners.model.ReflectiveCallable.run(ReflectiveCallable.java:12)
    	at org.junit.runners.model.FrameworkMethod.invokeExplosively(FrameworkMethod.java:44)
    	at org.junit.internal.runners.statements.InvokeMethod.evaluate(InvokeMethod.java:17)
    	at org.junit.runners.ParentRunner.runLeaf(ParentRunner.java:271)
    	at org.junit.runners.BlockJUnit4ClassRunner.runChild(BlockJUnit4ClassRunner.java:70)
    	at org.junit.runners.BlockJUnit4ClassRunner.runChild(BlockJUnit4ClassRunner.java:50)
    	at org.junit.runners.ParentRunner$3.run(ParentRunner.java:238)
    	at org.junit.runners.ParentRunner$1.schedule(ParentRunner.java:63)
    	at org.junit.runners.ParentRunner.runChildren(ParentRunner.java:236)
    	at org.junit.runners.ParentRunner.access$000(ParentRunner.java:53)
    	at org.junit.runners.ParentRunner$2.evaluate(ParentRunner.java:229)
    	at org.junit.runners.ParentRunner.run(ParentRunner.java:309)
    	at org.gradle.api.internal.tasks.testing.junit.JUnitTestClassExecutor.runTestClass(JUnitTestClassExecutor.java:110)
    	at org.gradle.api.internal.tasks.testing.junit.JUnitTestClassExecutor.execute(JUnitTestClassExecutor.java:58)
    	at org.gradle.api.internal.tasks.testing.junit.JUnitTestClassExecutor.execute(JUnitTestClassExecutor.java:38)
    	at org.gradle.api.internal.tasks.testing.junit.AbstractJUnitTestClassProcessor.processTestClass(AbstractJUnitTestClassProcessor.java:62)
    	at org.gradle.api.internal.tasks.testing.SuiteTestClassProcessor.processTestClass(SuiteTestClassProcessor.java:51)
    	at sun.reflect.NativeMethodAccessorImpl.invoke0(Native Method)
    	at sun.reflect.NativeMethodAccessorImpl.invoke(NativeMethodAccessorImpl.java:62)
    	at sun.reflect.DelegatingMethodAccessorImpl.invoke(DelegatingMethodAccessorImpl.java:43)
    	at java.lang.reflect.Method.invoke(Method.java:498)
    	at org.gradle.internal.dispatch.ReflectionDispatch.dispatch(ReflectionDispatch.java:36)
    	at org.gradle.internal.dispatch.ReflectionDispatch.dispatch(ReflectionDispatch.java:24)
    	at org.gradle.internal.dispatch.ContextClassLoaderDispatch.dispatch(ContextClassLoaderDispatch.java:33)
    	at org.gradle.internal.dispatch.ProxyDispatchAdapter$DispatchingInvocationHandler.invoke(ProxyDispatchAdapter.java:94)
    	at com.sun.proxy.$Proxy2.processTestClass(Unknown Source)
    	at org.gradle.api.internal.tasks.testing.worker.TestWorker.processTestClass(TestWorker.java:118)
    	at sun.reflect.NativeMethodAccessorImpl.invoke0(Native Method)
    	at sun.reflect.NativeMethodAccessorImpl.invoke(NativeMethodAccessorImpl.java:62)
    	at sun.reflect.DelegatingMethodAccessorImpl.invoke(DelegatingMethodAccessorImpl.java:43)
    	at java.lang.reflect.Method.invoke(Method.java:498)
    	at org.gradle.internal.dispatch.ReflectionDispatch.dispatch(ReflectionDispatch.java:36)
    	at org.gradle.internal.dispatch.ReflectionDispatch.dispatch(ReflectionDispatch.java:24)
    	at org.gradle.internal.remote.internal.hub.MessageHubBackedObjectConnection$DispatchWrapper.dispatch(MessageHubBackedObjectConnection.java:182)
    	at org.gradle.internal.remote.internal.hub.MessageHubBackedObjectConnection$DispatchWrapper.dispatch(MessageHubBackedObjectConnection.java:164)
    	at org.gradle.internal.remote.internal.hub.MessageHub$Handler.run(MessageHub.java:412)
    	at org.gradle.internal.concurrent.ExecutorPolicy$CatchAndRecordFailures.onExecute(ExecutorPolicy.java:64)
    	at org.gradle.internal.concurrent.ManagedExecutorImpl$1.run(ManagedExecutorImpl.java:48)
    	at java.util.concurrent.ThreadPoolExecutor.runWorker(ThreadPoolExecutor.java:1149)
    	at java.util.concurrent.ThreadPoolExecutor$Worker.run(ThreadPoolExecutor.java:624)
    	at org.gradle.internal.concurrent.ThreadFactoryImpl$ManagedThreadRunnable.run(ThreadFactoryImpl.java:56)
    	at java.lang.Thread.run(Thread.java:748)

ParserTest > testbadArguments STANDARD_OUT
    Test failed: java.lang.reflect.InvocationTargetException

ParserTest > testbadArguments STANDARD_ERROR
    java.lang.reflect.InvocationTargetException
    	at sun.reflect.NativeMethodAccessorImpl.invoke0(Native Method)
    	at sun.reflect.NativeMethodAccessorImpl.invoke(NativeMethodAccessorImpl.java:62)
    	at sun.reflect.DelegatingMethodAccessorImpl.invoke(DelegatingMethodAccessorImpl.java:43)
    	at java.lang.reflect.Method.invoke(Method.java:498)
    	at ParserTest.test(ParserTest.java:30)
    	at ParserTest.testbadArguments(ParserTest.java:118)
    	at sun.reflect.NativeMethodAccessorImpl.invoke0(Native Method)
    	at sun.reflect.NativeMethodAccessorImpl.invoke(NativeMethodAccessorImpl.java:62)
    	at sun.reflect.DelegatingMethodAccessorImpl.invoke(DelegatingMethodAccessorImpl.java:43)
    	at java.lang.reflect.Method.invoke(Method.java:498)
    	at org.junit.runners.model.FrameworkMethod$1.runReflectiveCall(FrameworkMethod.java:47)
    	at org.junit.internal.runners.model.ReflectiveCallable.run(ReflectiveCallable.java:12)
    	at org.junit.runners.model.FrameworkMethod.invokeExplosively(FrameworkMethod.java:44)
    	at org.junit.internal.runners.statements.InvokeMethod.evaluate(InvokeMethod.java:17)
    	at org.junit.runners.ParentRunner.runLeaf(ParentRunner.java:271)
    	at org.junit.runners.BlockJUnit4ClassRunner.runChild(BlockJUnit4ClassRunner.java:70)
    	at org.junit.runners.BlockJUnit4ClassRunner.runChild(BlockJUnit4ClassRunner.java:50)
    	at org.junit.runners.ParentRunner$3.run(ParentRunner.java:238)
    	at org.junit.runners.ParentRunner$1.schedule(ParentRunner.java:63)
    	at org.junit.runners.ParentRunner.runChildren(ParentRunner.java:236)
    	at org.junit.runners.ParentRunner.access$000(ParentRunner.java:53)
    	at org.junit.runners.ParentRunner$2.evaluate(ParentRunner.java:229)
    	at org.junit.runners.ParentRunner.run(ParentRunner.java:309)
    	at org.gradle.api.internal.tasks.testing.junit.JUnitTestClassExecutor.runTestClass(JUnitTestClassExecutor.java:110)
    	at org.gradle.api.internal.tasks.testing.junit.JUnitTestClassExecutor.execute(JUnitTestClassExecutor.java:58)
    	at org.gradle.api.internal.tasks.testing.junit.JUnitTestClassExecutor.execute(JUnitTestClassExecutor.java:38)
    	at org.gradle.api.internal.tasks.testing.junit.AbstractJUnitTestClassProcessor.processTestClass(AbstractJUnitTestClassProcessor.java:62)
    	at org.gradle.api.internal.tasks.testing.SuiteTestClassProcessor.processTestClass(SuiteTestClassProcessor.java:51)
    	at sun.reflect.NativeMethodAccessorImpl.invoke0(Native Method)
    	at sun.reflect.NativeMethodAccessorImpl.invoke(NativeMethodAccessorImpl.java:62)
    	at sun.reflect.DelegatingMethodAccessorImpl.invoke(DelegatingMethodAccessorImpl.java:43)
    	at java.lang.reflect.Method.invoke(Method.java:498)
    	at org.gradle.internal.dispatch.ReflectionDispatch.dispatch(ReflectionDispatch.java:36)
    	at org.gradle.internal.dispatch.ReflectionDispatch.dispatch(ReflectionDispatch.java:24)
    	at org.gradle.internal.dispatch.ContextClassLoaderDispatch.dispatch(ContextClassLoaderDispatch.java:33)
    	at org.gradle.internal.dispatch.ProxyDispatchAdapter$DispatchingInvocationHandler.invoke(ProxyDispatchAdapter.java:94)
    	at com.sun.proxy.$Proxy2.processTestClass(Unknown Source)
    	at org.gradle.api.internal.tasks.testing.worker.TestWorker.processTestClass(TestWorker.java:118)
    	at sun.reflect.NativeMethodAccessorImpl.invoke0(Native Method)
    	at sun.reflect.NativeMethodAccessorImpl.invoke(NativeMethodAccessorImpl.java:62)
    	at sun.reflect.DelegatingMethodAccessorImpl.invoke(DelegatingMethodAccessorImpl.java:43)
    	at java.lang.reflect.Method.invoke(Method.java:498)
    	at org.gradle.internal.dispatch.ReflectionDispatch.dispatch(ReflectionDispatch.java:36)
    	at org.gradle.internal.dispatch.ReflectionDispatch.dispatch(ReflectionDispatch.java:24)
    	at org.gradle.internal.remote.internal.hub.MessageHubBackedObjectConnection$DispatchWrapper.dispatch(MessageHubBackedObjectConnection.java:182)
    	at org.gradle.internal.remote.internal.hub.MessageHubBackedObjectConnection$DispatchWrapper.dispatch(MessageHubBackedObjectConnection.java:164)
    	at org.gradle.internal.remote.internal.hub.MessageHub$Handler.run(MessageHub.java:412)
    	at org.gradle.internal.concurrent.ExecutorPolicy$CatchAndRecordFailures.onExecute(ExecutorPolicy.java:64)
    	at org.gradle.internal.concurrent.ManagedExecutorImpl$1.run(ManagedExecutorImpl.java:48)
    	at java.util.concurrent.ThreadPoolExecutor.runWorker(ThreadPoolExecutor.java:1149)
    	at java.util.concurrent.ThreadPoolExecutor$Worker.run(ThreadPoolExecutor.java:624)
    	at org.gradle.internal.concurrent.ThreadFactoryImpl$ManagedThreadRunnable.run(ThreadFactoryImpl.java:56)
    	at java.lang.Thread.run(Thread.java:748)
    Caused by: java.lang.RuntimeException: Semantic error
    	at Main.main(Main.java:85)
    	... 53 more

ParserTest > testTicTacToe STANDARD_OUT
    Copied stream to file '/tmp/comp_jmm_test_bruno/fixtures/public/TicTacToe.jmm'.
    Parsing file /tmp/comp_jmm_test_bruno/fixtures/public/TicTacToe.jmm
    Parser starting
    Analyzer starting on /tmp/comp_jmm_test_bruno/fixtures/public/TicTacToe.jmm

    "import""static"<ID>"."<ID>"(""int""[""]"")""boolean"

    "import""static"<ID>"."<ID>"(""int""[""]"")""boolean"

    "import""static"<ID>"."<ID>"(""int""[""]"")""boolean"
    WARNING duplicate import on line 2

    "import""static"<ID>"."<ID>"(""int""[""]"",""int""[""]"",""int""[""]"")""void"

    "import""static"<ID>"."<ID>"(""int""[""]"",""int""[""]"",""int""[""]"")""void"

    "import""static"<ID>"."<ID>"(""int"")""void"

    "import""static"<ID>"."<ID>"(""int"")""void"

    "import""static"<ID>"."<ID>"(""int"")""int""[""]"

    "import""static"<ID>"."<ID>"(""int"")""int""[""]"

    "import""static"<ID>"."<ID>"("")"

    "import""static"<ID>"."<ID>"("")"

    "import""static"<ID>"."<ID>"("")"

    "import""static"<ID>"."<ID>"("")"
    COMPILATION SUCCESSFUL

ParserTest > testfuncNotFound STANDARD_OUT
    Copied stream to file '/tmp/comp_jmm_test_bruno/fixtures/public/fail/semantic/funcNotFound.jmm'.
    Parsing file /tmp/comp_jmm_test_bruno/fixtures/public/fail/semantic/funcNotFound.jmm
    Parser starting
    Analyzer starting on /tmp/comp_jmm_test_bruno/fixtures/public/fail/semantic/funcNotFound.jmm

    <ID>"."<ID>"("<INTEGER>
    Semantic exceptions: 1
    UndeclaredException: Undeclared entity Undefined io
    On line 7

ParserTest > testfuncNotFound STANDARD_ERROR
    java.lang.RuntimeException: Semantic error
    	at Analyzer.analyze(Analyzer.java:1041)
    	at Main.main(Main.java:79)
    	at sun.reflect.NativeMethodAccessorImpl.invoke0(Native Method)
    	at sun.reflect.NativeMethodAccessorImpl.invoke(NativeMethodAccessorImpl.java:62)
    	at sun.reflect.DelegatingMethodAccessorImpl.invoke(DelegatingMethodAccessorImpl.java:43)
    	at java.lang.reflect.Method.invoke(Method.java:498)
    	at ParserTest.test(ParserTest.java:30)
    	at ParserTest.testfuncNotFound(ParserTest.java:128)
    	at sun.reflect.NativeMethodAccessorImpl.invoke0(Native Method)
    	at sun.reflect.NativeMethodAccessorImpl.invoke(NativeMethodAccessorImpl.java:62)
    	at sun.reflect.DelegatingMethodAccessorImpl.invoke(DelegatingMethodAccessorImpl.java:43)
    	at java.lang.reflect.Method.invoke(Method.java:498)
    	at org.junit.runners.model.FrameworkMethod$1.runReflectiveCall(FrameworkMethod.java:47)
    	at org.junit.internal.runners.model.ReflectiveCallable.run(ReflectiveCallable.java:12)
    	at org.junit.runners.model.FrameworkMethod.invokeExplosively(FrameworkMethod.java:44)
    	at org.junit.internal.runners.statements.InvokeMethod.evaluate(InvokeMethod.java:17)
    	at org.junit.runners.ParentRunner.runLeaf(ParentRunner.java:271)
    	at org.junit.runners.BlockJUnit4ClassRunner.runChild(BlockJUnit4ClassRunner.java:70)
    	at org.junit.runners.BlockJUnit4ClassRunner.runChild(BlockJUnit4ClassRunner.java:50)
    	at org.junit.runners.ParentRunner$3.run(ParentRunner.java:238)
    	at org.junit.runners.ParentRunner$1.schedule(ParentRunner.java:63)
    	at org.junit.runners.ParentRunner.runChildren(ParentRunner.java:236)
    	at org.junit.runners.ParentRunner.access$000(ParentRunner.java:53)
    	at org.junit.runners.ParentRunner$2.evaluate(ParentRunner.java:229)
    	at org.junit.runners.ParentRunner.run(ParentRunner.java:309)
    	at org.gradle.api.internal.tasks.testing.junit.JUnitTestClassExecutor.runTestClass(JUnitTestClassExecutor.java:110)
    	at org.gradle.api.internal.tasks.testing.junit.JUnitTestClassExecutor.execute(JUnitTestClassExecutor.java:58)
    	at org.gradle.api.internal.tasks.testing.junit.JUnitTestClassExecutor.execute(JUnitTestClassExecutor.java:38)
    	at org.gradle.api.internal.tasks.testing.junit.AbstractJUnitTestClassProcessor.processTestClass(AbstractJUnitTestClassProcessor.java:62)
    	at org.gradle.api.internal.tasks.testing.SuiteTestClassProcessor.processTestClass(SuiteTestClassProcessor.java:51)
    	at sun.reflect.NativeMethodAccessorImpl.invoke0(Native Method)
    	at sun.reflect.NativeMethodAccessorImpl.invoke(NativeMethodAccessorImpl.java:62)
    	at sun.reflect.DelegatingMethodAccessorImpl.invoke(DelegatingMethodAccessorImpl.java:43)
    	at java.lang.reflect.Method.invoke(Method.java:498)
    	at org.gradle.internal.dispatch.ReflectionDispatch.dispatch(ReflectionDispatch.java:36)
    	at org.gradle.internal.dispatch.ReflectionDispatch.dispatch(ReflectionDispatch.java:24)
    	at org.gradle.internal.dispatch.ContextClassLoaderDispatch.dispatch(ContextClassLoaderDispatch.java:33)
    	at org.gradle.internal.dispatch.ProxyDispatchAdapter$DispatchingInvocationHandler.invoke(ProxyDispatchAdapter.java:94)
    	at com.sun.proxy.$Proxy2.processTestClass(Unknown Source)
    	at org.gradle.api.internal.tasks.testing.worker.TestWorker.processTestClass(TestWorker.java:118)
    	at sun.reflect.NativeMethodAccessorImpl.invoke0(Native Method)
    	at sun.reflect.NativeMethodAccessorImpl.invoke(NativeMethodAccessorImpl.java:62)
    	at sun.reflect.DelegatingMethodAccessorImpl.invoke(DelegatingMethodAccessorImpl.java:43)
    	at java.lang.reflect.Method.invoke(Method.java:498)
    	at org.gradle.internal.dispatch.ReflectionDispatch.dispatch(ReflectionDispatch.java:36)
    	at org.gradle.internal.dispatch.ReflectionDispatch.dispatch(ReflectionDispatch.java:24)
    	at org.gradle.internal.remote.internal.hub.MessageHubBackedObjectConnection$DispatchWrapper.dispatch(MessageHubBackedObjectConnection.java:182)
    	at org.gradle.internal.remote.internal.hub.MessageHubBackedObjectConnection$DispatchWrapper.dispatch(MessageHubBackedObjectConnection.java:164)
    	at org.gradle.internal.remote.internal.hub.MessageHub$Handler.run(MessageHub.java:412)
    	at org.gradle.internal.concurrent.ExecutorPolicy$CatchAndRecordFailures.onExecute(ExecutorPolicy.java:64)
    	at org.gradle.internal.concurrent.ManagedExecutorImpl$1.run(ManagedExecutorImpl.java:48)
    	at java.util.concurrent.ThreadPoolExecutor.runWorker(ThreadPoolExecutor.java:1149)
    	at java.util.concurrent.ThreadPoolExecutor$Worker.run(ThreadPoolExecutor.java:624)
    	at org.gradle.internal.concurrent.ThreadFactoryImpl$ManagedThreadRunnable.run(ThreadFactoryImpl.java:56)
    	at java.lang.Thread.run(Thread.java:748)

ParserTest > testfuncNotFound STANDARD_OUT
    Test failed: java.lang.reflect.InvocationTargetException

ParserTest > testfuncNotFound STANDARD_ERROR
    java.lang.reflect.InvocationTargetException
    	at sun.reflect.NativeMethodAccessorImpl.invoke0(Native Method)
    	at sun.reflect.NativeMethodAccessorImpl.invoke(NativeMethodAccessorImpl.java:62)
    	at sun.reflect.DelegatingMethodAccessorImpl.invoke(DelegatingMethodAccessorImpl.java:43)
    	at java.lang.reflect.Method.invoke(Method.java:498)
    	at ParserTest.test(ParserTest.java:30)
    	at ParserTest.testfuncNotFound(ParserTest.java:128)
    	at sun.reflect.NativeMethodAccessorImpl.invoke0(Native Method)
    	at sun.reflect.NativeMethodAccessorImpl.invoke(NativeMethodAccessorImpl.java:62)
    	at sun.reflect.DelegatingMethodAccessorImpl.invoke(DelegatingMethodAccessorImpl.java:43)
    	at java.lang.reflect.Method.invoke(Method.java:498)
    	at org.junit.runners.model.FrameworkMethod$1.runReflectiveCall(FrameworkMethod.java:47)
    	at org.junit.internal.runners.model.ReflectiveCallable.run(ReflectiveCallable.java:12)
    	at org.junit.runners.model.FrameworkMethod.invokeExplosively(FrameworkMethod.java:44)
    	at org.junit.internal.runners.statements.InvokeMethod.evaluate(InvokeMethod.java:17)
    	at org.junit.runners.ParentRunner.runLeaf(ParentRunner.java:271)
    	at org.junit.runners.BlockJUnit4ClassRunner.runChild(BlockJUnit4ClassRunner.java:70)
    	at org.junit.runners.BlockJUnit4ClassRunner.runChild(BlockJUnit4ClassRunner.java:50)
    	at org.junit.runners.ParentRunner$3.run(ParentRunner.java:238)
    	at org.junit.runners.ParentRunner$1.schedule(ParentRunner.java:63)
    	at org.junit.runners.ParentRunner.runChildren(ParentRunner.java:236)
    	at org.junit.runners.ParentRunner.access$000(ParentRunner.java:53)
    	at org.junit.runners.ParentRunner$2.evaluate(ParentRunner.java:229)
    	at org.junit.runners.ParentRunner.run(ParentRunner.java:309)
    	at org.gradle.api.internal.tasks.testing.junit.JUnitTestClassExecutor.runTestClass(JUnitTestClassExecutor.java:110)
    	at org.gradle.api.internal.tasks.testing.junit.JUnitTestClassExecutor.execute(JUnitTestClassExecutor.java:58)
    	at org.gradle.api.internal.tasks.testing.junit.JUnitTestClassExecutor.execute(JUnitTestClassExecutor.java:38)
    	at org.gradle.api.internal.tasks.testing.junit.AbstractJUnitTestClassProcessor.processTestClass(AbstractJUnitTestClassProcessor.java:62)
    	at org.gradle.api.internal.tasks.testing.SuiteTestClassProcessor.processTestClass(SuiteTestClassProcessor.java:51)
    	at sun.reflect.NativeMethodAccessorImpl.invoke0(Native Method)
    	at sun.reflect.NativeMethodAccessorImpl.invoke(NativeMethodAccessorImpl.java:62)
    	at sun.reflect.DelegatingMethodAccessorImpl.invoke(DelegatingMethodAccessorImpl.java:43)
    	at java.lang.reflect.Method.invoke(Method.java:498)
    	at org.gradle.internal.dispatch.ReflectionDispatch.dispatch(ReflectionDispatch.java:36)
    	at org.gradle.internal.dispatch.ReflectionDispatch.dispatch(ReflectionDispatch.java:24)
    	at org.gradle.internal.dispatch.ContextClassLoaderDispatch.dispatch(ContextClassLoaderDispatch.java:33)
    	at org.gradle.internal.dispatch.ProxyDispatchAdapter$DispatchingInvocationHandler.invoke(ProxyDispatchAdapter.java:94)
    	at com.sun.proxy.$Proxy2.processTestClass(Unknown Source)
    	at org.gradle.api.internal.tasks.testing.worker.TestWorker.processTestClass(TestWorker.java:118)
    	at sun.reflect.NativeMethodAccessorImpl.invoke0(Native Method)
    	at sun.reflect.NativeMethodAccessorImpl.invoke(NativeMethodAccessorImpl.java:62)
    	at sun.reflect.DelegatingMethodAccessorImpl.invoke(DelegatingMethodAccessorImpl.java:43)
    	at java.lang.reflect.Method.invoke(Method.java:498)
    	at org.gradle.internal.dispatch.ReflectionDispatch.dispatch(ReflectionDispatch.java:36)
    	at org.gradle.internal.dispatch.ReflectionDispatch.dispatch(ReflectionDispatch.java:24)
    	at org.gradle.internal.remote.internal.hub.MessageHubBackedObjectConnection$DispatchWrapper.dispatch(MessageHubBackedObjectConnection.java:182)
    	at org.gradle.internal.remote.internal.hub.MessageHubBackedObjectConnection$DispatchWrapper.dispatch(MessageHubBackedObjectConnection.java:164)
    	at org.gradle.internal.remote.internal.hub.MessageHub$Handler.run(MessageHub.java:412)
    	at org.gradle.internal.concurrent.ExecutorPolicy$CatchAndRecordFailures.onExecute(ExecutorPolicy.java:64)
    	at org.gradle.internal.concurrent.ManagedExecutorImpl$1.run(ManagedExecutorImpl.java:48)
    	at java.util.concurrent.ThreadPoolExecutor.runWorker(ThreadPoolExecutor.java:1149)
    	at java.util.concurrent.ThreadPoolExecutor$Worker.run(ThreadPoolExecutor.java:624)
    	at org.gradle.internal.concurrent.ThreadFactoryImpl$ManagedThreadRunnable.run(ThreadFactoryImpl.java:56)
    	at java.lang.Thread.run(Thread.java:748)
    Caused by: java.lang.RuntimeException: Semantic error
    	at Main.main(Main.java:85)
    	... 53 more

ParserTest > testarr_size_not_int STANDARD_OUT
    Copied stream to file '/tmp/comp_jmm_test_bruno/fixtures/public/fail/semantic/arr_size_not_int.jmm'.
    Parsing file /tmp/comp_jmm_test_bruno/fixtures/public/fail/semantic/arr_size_not_int.jmm
    Parser starting
    Analyzer starting on /tmp/comp_jmm_test_bruno/fixtures/public/fail/semantic/arr_size_not_int.jmm

    "int""[""]"<ID>

    <ID>"=""new""int""["<BOOL>"]"
    Semantic exceptions: 2
    DuplicateException: Duplicate detected variable already present
    On line 7
    IncompatibleException: Incompatibility detected String[] is incompatible with int[]
    On line 8

ParserTest > testarr_size_not_int STANDARD_ERROR
    java.lang.RuntimeException: Semantic error
    	at Analyzer.analyze(Analyzer.java:1052)
    	at Main.main(Main.java:79)
    	at sun.reflect.NativeMethodAccessorImpl.invoke0(Native Method)
    	at sun.reflect.NativeMethodAccessorImpl.invoke(NativeMethodAccessorImpl.java:62)
    	at sun.reflect.DelegatingMethodAccessorImpl.invoke(DelegatingMethodAccessorImpl.java:43)
    	at java.lang.reflect.Method.invoke(Method.java:498)
    	at ParserTest.test(ParserTest.java:30)
    	at ParserTest.testarr_size_not_int(ParserTest.java:113)
    	at sun.reflect.NativeMethodAccessorImpl.invoke0(Native Method)
    	at sun.reflect.NativeMethodAccessorImpl.invoke(NativeMethodAccessorImpl.java:62)
    	at sun.reflect.DelegatingMethodAccessorImpl.invoke(DelegatingMethodAccessorImpl.java:43)
    	at java.lang.reflect.Method.invoke(Method.java:498)
    	at org.junit.runners.model.FrameworkMethod$1.runReflectiveCall(FrameworkMethod.java:47)
    	at org.junit.internal.runners.model.ReflectiveCallable.run(ReflectiveCallable.java:12)
    	at org.junit.runners.model.FrameworkMethod.invokeExplosively(FrameworkMethod.java:44)
    	at org.junit.internal.runners.statements.InvokeMethod.evaluate(InvokeMethod.java:17)
    	at org.junit.runners.ParentRunner.runLeaf(ParentRunner.java:271)
    	at org.junit.runners.BlockJUnit4ClassRunner.runChild(BlockJUnit4ClassRunner.java:70)
    	at org.junit.runners.BlockJUnit4ClassRunner.runChild(BlockJUnit4ClassRunner.java:50)
    	at org.junit.runners.ParentRunner$3.run(ParentRunner.java:238)
    	at org.junit.runners.ParentRunner$1.schedule(ParentRunner.java:63)
    	at org.junit.runners.ParentRunner.runChildren(ParentRunner.java:236)
    	at org.junit.runners.ParentRunner.access$000(ParentRunner.java:53)
    	at org.junit.runners.ParentRunner$2.evaluate(ParentRunner.java:229)
    	at org.junit.runners.ParentRunner.run(ParentRunner.java:309)
    	at org.gradle.api.internal.tasks.testing.junit.JUnitTestClassExecutor.runTestClass(JUnitTestClassExecutor.java:110)
    	at org.gradle.api.internal.tasks.testing.junit.JUnitTestClassExecutor.execute(JUnitTestClassExecutor.java:58)
    	at org.gradle.api.internal.tasks.testing.junit.JUnitTestClassExecutor.execute(JUnitTestClassExecutor.java:38)
    	at org.gradle.api.internal.tasks.testing.junit.AbstractJUnitTestClassProcessor.processTestClass(AbstractJUnitTestClassProcessor.java:62)
    	at org.gradle.api.internal.tasks.testing.SuiteTestClassProcessor.processTestClass(SuiteTestClassProcessor.java:51)
    	at sun.reflect.NativeMethodAccessorImpl.invoke0(Native Method)
    	at sun.reflect.NativeMethodAccessorImpl.invoke(NativeMethodAccessorImpl.java:62)
    	at sun.reflect.DelegatingMethodAccessorImpl.invoke(DelegatingMethodAccessorImpl.java:43)
    	at java.lang.reflect.Method.invoke(Method.java:498)
    	at org.gradle.internal.dispatch.ReflectionDispatch.dispatch(ReflectionDispatch.java:36)
    	at org.gradle.internal.dispatch.ReflectionDispatch.dispatch(ReflectionDispatch.java:24)
    	at org.gradle.internal.dispatch.ContextClassLoaderDispatch.dispatch(ContextClassLoaderDispatch.java:33)
    	at org.gradle.internal.dispatch.ProxyDispatchAdapter$DispatchingInvocationHandler.invoke(ProxyDispatchAdapter.java:94)
    	at com.sun.proxy.$Proxy2.processTestClass(Unknown Source)
    	at org.gradle.api.internal.tasks.testing.worker.TestWorker.processTestClass(TestWorker.java:118)
    	at sun.reflect.NativeMethodAccessorImpl.invoke0(Native Method)
    	at sun.reflect.NativeMethodAccessorImpl.invoke(NativeMethodAccessorImpl.java:62)
    	at sun.reflect.DelegatingMethodAccessorImpl.invoke(DelegatingMethodAccessorImpl.java:43)
    	at java.lang.reflect.Method.invoke(Method.java:498)
    	at org.gradle.internal.dispatch.ReflectionDispatch.dispatch(ReflectionDispatch.java:36)
    	at org.gradle.internal.dispatch.ReflectionDispatch.dispatch(ReflectionDispatch.java:24)
    	at org.gradle.internal.remote.internal.hub.MessageHubBackedObjectConnection$DispatchWrapper.dispatch(MessageHubBackedObjectConnection.java:182)
    	at org.gradle.internal.remote.internal.hub.MessageHubBackedObjectConnection$DispatchWrapper.dispatch(MessageHubBackedObjectConnection.java:164)
    	at org.gradle.internal.remote.internal.hub.MessageHub$Handler.run(MessageHub.java:412)
    	at org.gradle.internal.concurrent.ExecutorPolicy$CatchAndRecordFailures.onExecute(ExecutorPolicy.java:64)
    	at org.gradle.internal.concurrent.ManagedExecutorImpl$1.run(ManagedExecutorImpl.java:48)
    	at java.util.concurrent.ThreadPoolExecutor.runWorker(ThreadPoolExecutor.java:1149)
    	at java.util.concurrent.ThreadPoolExecutor$Worker.run(ThreadPoolExecutor.java:624)
    	at org.gradle.internal.concurrent.ThreadFactoryImpl$ManagedThreadRunnable.run(ThreadFactoryImpl.java:56)
    	at java.lang.Thread.run(Thread.java:748)

ParserTest > testarr_size_not_int STANDARD_OUT
    Test failed: java.lang.reflect.InvocationTargetException

ParserTest > testarr_size_not_int STANDARD_ERROR
    java.lang.reflect.InvocationTargetException
    	at sun.reflect.NativeMethodAccessorImpl.invoke0(Native Method)
    	at sun.reflect.NativeMethodAccessorImpl.invoke(NativeMethodAccessorImpl.java:62)
    	at sun.reflect.DelegatingMethodAccessorImpl.invoke(DelegatingMethodAccessorImpl.java:43)
    	at java.lang.reflect.Method.invoke(Method.java:498)
    	at ParserTest.test(ParserTest.java:30)
    	at ParserTest.testarr_size_not_int(ParserTest.java:113)
    	at sun.reflect.NativeMethodAccessorImpl.invoke0(Native Method)
    	at sun.reflect.NativeMethodAccessorImpl.invoke(NativeMethodAccessorImpl.java:62)
    	at sun.reflect.DelegatingMethodAccessorImpl.invoke(DelegatingMethodAccessorImpl.java:43)
    	at java.lang.reflect.Method.invoke(Method.java:498)
    	at org.junit.runners.model.FrameworkMethod$1.runReflectiveCall(FrameworkMethod.java:47)
    	at org.junit.internal.runners.model.ReflectiveCallable.run(ReflectiveCallable.java:12)
    	at org.junit.runners.model.FrameworkMethod.invokeExplosively(FrameworkMethod.java:44)
    	at org.junit.internal.runners.statements.InvokeMethod.evaluate(InvokeMethod.java:17)
    	at org.junit.runners.ParentRunner.runLeaf(ParentRunner.java:271)
    	at org.junit.runners.BlockJUnit4ClassRunner.runChild(BlockJUnit4ClassRunner.java:70)
    	at org.junit.runners.BlockJUnit4ClassRunner.runChild(BlockJUnit4ClassRunner.java:50)
    	at org.junit.runners.ParentRunner$3.run(ParentRunner.java:238)
    	at org.junit.runners.ParentRunner$1.schedule(ParentRunner.java:63)
    	at org.junit.runners.ParentRunner.runChildren(ParentRunner.java:236)
    	at org.junit.runners.ParentRunner.access$000(ParentRunner.java:53)
    	at org.junit.runners.ParentRunner$2.evaluate(ParentRunner.java:229)
    	at org.junit.runners.ParentRunner.run(ParentRunner.java:309)
    	at org.gradle.api.internal.tasks.testing.junit.JUnitTestClassExecutor.runTestClass(JUnitTestClassExecutor.java:110)
    	at org.gradle.api.internal.tasks.testing.junit.JUnitTestClassExecutor.execute(JUnitTestClassExecutor.java:58)
    	at org.gradle.api.internal.tasks.testing.junit.JUnitTestClassExecutor.execute(JUnitTestClassExecutor.java:38)
    	at org.gradle.api.internal.tasks.testing.junit.AbstractJUnitTestClassProcessor.processTestClass(AbstractJUnitTestClassProcessor.java:62)
    	at org.gradle.api.internal.tasks.testing.SuiteTestClassProcessor.processTestClass(SuiteTestClassProcessor.java:51)
    	at sun.reflect.NativeMethodAccessorImpl.invoke0(Native Method)
    	at sun.reflect.NativeMethodAccessorImpl.invoke(NativeMethodAccessorImpl.java:62)
    	at sun.reflect.DelegatingMethodAccessorImpl.invoke(DelegatingMethodAccessorImpl.java:43)
    	at java.lang.reflect.Method.invoke(Method.java:498)
    	at org.gradle.internal.dispatch.ReflectionDispatch.dispatch(ReflectionDispatch.java:36)
    	at org.gradle.internal.dispatch.ReflectionDispatch.dispatch(ReflectionDispatch.java:24)
    	at org.gradle.internal.dispatch.ContextClassLoaderDispatch.dispatch(ContextClassLoaderDispatch.java:33)
    	at org.gradle.internal.dispatch.ProxyDispatchAdapter$DispatchingInvocationHandler.invoke(ProxyDispatchAdapter.java:94)
    	at com.sun.proxy.$Proxy2.processTestClass(Unknown Source)
    	at org.gradle.api.internal.tasks.testing.worker.TestWorker.processTestClass(TestWorker.java:118)
    	at sun.reflect.NativeMethodAccessorImpl.invoke0(Native Method)
    	at sun.reflect.NativeMethodAccessorImpl.invoke(NativeMethodAccessorImpl.java:62)
    	at sun.reflect.DelegatingMethodAccessorImpl.invoke(DelegatingMethodAccessorImpl.java:43)
    	at java.lang.reflect.Method.invoke(Method.java:498)
    	at org.gradle.internal.dispatch.ReflectionDispatch.dispatch(ReflectionDispatch.java:36)
    	at org.gradle.internal.dispatch.ReflectionDispatch.dispatch(ReflectionDispatch.java:24)
    	at org.gradle.internal.remote.internal.hub.MessageHubBackedObjectConnection$DispatchWrapper.dispatch(MessageHubBackedObjectConnection.java:182)
    	at org.gradle.internal.remote.internal.hub.MessageHubBackedObjectConnection$DispatchWrapper.dispatch(MessageHubBackedObjectConnection.java:164)
    	at org.gradle.internal.remote.internal.hub.MessageHub$Handler.run(MessageHub.java:412)
    	at org.gradle.internal.concurrent.ExecutorPolicy$CatchAndRecordFailures.onExecute(ExecutorPolicy.java:64)
    	at org.gradle.internal.concurrent.ManagedExecutorImpl$1.run(ManagedExecutorImpl.java:48)
    	at java.util.concurrent.ThreadPoolExecutor.runWorker(ThreadPoolExecutor.java:1149)
    	at java.util.concurrent.ThreadPoolExecutor$Worker.run(ThreadPoolExecutor.java:624)
    	at org.gradle.internal.concurrent.ThreadFactoryImpl$ManagedThreadRunnable.run(ThreadFactoryImpl.java:56)
    	at java.lang.Thread.run(Thread.java:748)
    Caused by: java.lang.RuntimeException: Semantic error
    	at Main.main(Main.java:85)
    	... 53 more

ParserTest > testCompleteWhileTest STANDARD_OUT
    Copied stream to file '/tmp/comp_jmm_test_bruno/fixtures/public/fail/syntactical/CompleteWhileTest.jmm'.
    Parsing file /tmp/comp_jmm_test_bruno/fixtures/public/fail/syntactical/CompleteWhileTest.jmm
    Parser starting
    COULD NOT PARSE WHILE
    COULD NOT PARSE WHILE
    COULD NOT PARSE WHILE
    UNEXPECTED Parsing Exception
    PARSING ERROR
    Unexpected symbol encountered: c on line 28, column 13
    Was expecting one of the following symbols:
    [ "public"  ]


ParserTest > testCompleteWhileTest STANDARD_ERROR
    java.lang.Exception: Parser failure
    	at JMMParser.parse(JMMParser.java:25)
    	at Main.main(Main.java:64)
    	at sun.reflect.NativeMethodAccessorImpl.invoke0(Native Method)
    	at sun.reflect.NativeMethodAccessorImpl.invoke(NativeMethodAccessorImpl.java:62)
    	at sun.reflect.DelegatingMethodAccessorImpl.invoke(DelegatingMethodAccessorImpl.java:43)
    	at java.lang.reflect.Method.invoke(Method.java:498)
    	at ParserTest.test(ParserTest.java:30)
    	at ParserTest.testCompleteWhileTest(ParserTest.java:169)
    	at sun.reflect.NativeMethodAccessorImpl.invoke0(Native Method)
    	at sun.reflect.NativeMethodAccessorImpl.invoke(NativeMethodAccessorImpl.java:62)
    	at sun.reflect.DelegatingMethodAccessorImpl.invoke(DelegatingMethodAccessorImpl.java:43)
    	at java.lang.reflect.Method.invoke(Method.java:498)
    	at org.junit.runners.model.FrameworkMethod$1.runReflectiveCall(FrameworkMethod.java:47)
    	at org.junit.internal.runners.model.ReflectiveCallable.run(ReflectiveCallable.java:12)
    	at org.junit.runners.model.FrameworkMethod.invokeExplosively(FrameworkMethod.java:44)
    	at org.junit.internal.runners.statements.InvokeMethod.evaluate(InvokeMethod.java:17)
    	at org.junit.runners.ParentRunner.runLeaf(ParentRunner.java:271)
    	at org.junit.runners.BlockJUnit4ClassRunner.runChild(BlockJUnit4ClassRunner.java:70)
    	at org.junit.runners.BlockJUnit4ClassRunner.runChild(BlockJUnit4ClassRunner.java:50)
    	at org.junit.runners.ParentRunner$3.run(ParentRunner.java:238)
    	at org.junit.runners.ParentRunner$1.schedule(ParentRunner.java:63)
    	at org.junit.runners.ParentRunner.runChildren(ParentRunner.java:236)
    	at org.junit.runners.ParentRunner.access$000(ParentRunner.java:53)
    	at org.junit.runners.ParentRunner$2.evaluate(ParentRunner.java:229)
    	at org.junit.runners.ParentRunner.run(ParentRunner.java:309)
    	at org.gradle.api.internal.tasks.testing.junit.JUnitTestClassExecutor.runTestClass(JUnitTestClassExecutor.java:110)
    	at org.gradle.api.internal.tasks.testing.junit.JUnitTestClassExecutor.execute(JUnitTestClassExecutor.java:58)
    	at org.gradle.api.internal.tasks.testing.junit.JUnitTestClassExecutor.execute(JUnitTestClassExecutor.java:38)
    	at org.gradle.api.internal.tasks.testing.junit.AbstractJUnitTestClassProcessor.processTestClass(AbstractJUnitTestClassProcessor.java:62)
    	at org.gradle.api.internal.tasks.testing.SuiteTestClassProcessor.processTestClass(SuiteTestClassProcessor.java:51)
    	at sun.reflect.NativeMethodAccessorImpl.invoke0(Native Method)
    	at sun.reflect.NativeMethodAccessorImpl.invoke(NativeMethodAccessorImpl.java:62)
    	at sun.reflect.DelegatingMethodAccessorImpl.invoke(DelegatingMethodAccessorImpl.java:43)
    	at java.lang.reflect.Method.invoke(Method.java:498)
    	at org.gradle.internal.dispatch.ReflectionDispatch.dispatch(ReflectionDispatch.java:36)
    	at org.gradle.internal.dispatch.ReflectionDispatch.dispatch(ReflectionDispatch.java:24)
    	at org.gradle.internal.dispatch.ContextClassLoaderDispatch.dispatch(ContextClassLoaderDispatch.java:33)
    	at org.gradle.internal.dispatch.ProxyDispatchAdapter$DispatchingInvocationHandler.invoke(ProxyDispatchAdapter.java:94)
    	at com.sun.proxy.$Proxy2.processTestClass(Unknown Source)
    	at org.gradle.api.internal.tasks.testing.worker.TestWorker.processTestClass(TestWorker.java:118)
    	at sun.reflect.NativeMethodAccessorImpl.invoke0(Native Method)
    	at sun.reflect.NativeMethodAccessorImpl.invoke(NativeMethodAccessorImpl.java:62)
    	at sun.reflect.DelegatingMethodAccessorImpl.invoke(DelegatingMethodAccessorImpl.java:43)
    	at java.lang.reflect.Method.invoke(Method.java:498)
    	at org.gradle.internal.dispatch.ReflectionDispatch.dispatch(ReflectionDispatch.java:36)
    	at org.gradle.internal.dispatch.ReflectionDispatch.dispatch(ReflectionDispatch.java:24)
    	at org.gradle.internal.remote.internal.hub.MessageHubBackedObjectConnection$DispatchWrapper.dispatch(MessageHubBackedObjectConnection.java:182)
    	at org.gradle.internal.remote.internal.hub.MessageHubBackedObjectConnection$DispatchWrapper.dispatch(MessageHubBackedObjectConnection.java:164)
    	at org.gradle.internal.remote.internal.hub.MessageHub$Handler.run(MessageHub.java:412)
    	at org.gradle.internal.concurrent.ExecutorPolicy$CatchAndRecordFailures.onExecute(ExecutorPolicy.java:64)
    	at org.gradle.internal.concurrent.ManagedExecutorImpl$1.run(ManagedExecutorImpl.java:48)
    	at java.util.concurrent.ThreadPoolExecutor.runWorker(ThreadPoolExecutor.java:1149)
    	at java.util.concurrent.ThreadPoolExecutor$Worker.run(ThreadPoolExecutor.java:624)
    	at org.gradle.internal.concurrent.ThreadFactoryImpl$ManagedThreadRunnable.run(ThreadFactoryImpl.java:56)
    	at java.lang.Thread.run(Thread.java:748)

ParserTest > testCompleteWhileTest STANDARD_OUT
    Test failed: java.lang.reflect.InvocationTargetException

ParserTest > testCompleteWhileTest STANDARD_ERROR
    java.lang.reflect.InvocationTargetException
    	at sun.reflect.NativeMethodAccessorImpl.invoke0(Native Method)
    	at sun.reflect.NativeMethodAccessorImpl.invoke(NativeMethodAccessorImpl.java:62)
    	at sun.reflect.DelegatingMethodAccessorImpl.invoke(DelegatingMethodAccessorImpl.java:43)
    	at java.lang.reflect.Method.invoke(Method.java:498)
    	at ParserTest.test(ParserTest.java:30)
    	at ParserTest.testCompleteWhileTest(ParserTest.java:169)
    	at sun.reflect.NativeMethodAccessorImpl.invoke0(Native Method)
    	at sun.reflect.NativeMethodAccessorImpl.invoke(NativeMethodAccessorImpl.java:62)
    	at sun.reflect.DelegatingMethodAccessorImpl.invoke(DelegatingMethodAccessorImpl.java:43)
    	at java.lang.reflect.Method.invoke(Method.java:498)
    	at org.junit.runners.model.FrameworkMethod$1.runReflectiveCall(FrameworkMethod.java:47)
    	at org.junit.internal.runners.model.ReflectiveCallable.run(ReflectiveCallable.java:12)
    	at org.junit.runners.model.FrameworkMethod.invokeExplosively(FrameworkMethod.java:44)
    	at org.junit.internal.runners.statements.InvokeMethod.evaluate(InvokeMethod.java:17)
    	at org.junit.runners.ParentRunner.runLeaf(ParentRunner.java:271)
    	at org.junit.runners.BlockJUnit4ClassRunner.runChild(BlockJUnit4ClassRunner.java:70)
    	at org.junit.runners.BlockJUnit4ClassRunner.runChild(BlockJUnit4ClassRunner.java:50)
    	at org.junit.runners.ParentRunner$3.run(ParentRunner.java:238)
    	at org.junit.runners.ParentRunner$1.schedule(ParentRunner.java:63)
    	at org.junit.runners.ParentRunner.runChildren(ParentRunner.java:236)
    	at org.junit.runners.ParentRunner.access$000(ParentRunner.java:53)
    	at org.junit.runners.ParentRunner$2.evaluate(ParentRunner.java:229)
    	at org.junit.runners.ParentRunner.run(ParentRunner.java:309)
    	at org.gradle.api.internal.tasks.testing.junit.JUnitTestClassExecutor.runTestClass(JUnitTestClassExecutor.java:110)
    	at org.gradle.api.internal.tasks.testing.junit.JUnitTestClassExecutor.execute(JUnitTestClassExecutor.java:58)
    	at org.gradle.api.internal.tasks.testing.junit.JUnitTestClassExecutor.execute(JUnitTestClassExecutor.java:38)
    	at org.gradle.api.internal.tasks.testing.junit.AbstractJUnitTestClassProcessor.processTestClass(AbstractJUnitTestClassProcessor.java:62)
    	at org.gradle.api.internal.tasks.testing.SuiteTestClassProcessor.processTestClass(SuiteTestClassProcessor.java:51)
    	at sun.reflect.NativeMethodAccessorImpl.invoke0(Native Method)
    	at sun.reflect.NativeMethodAccessorImpl.invoke(NativeMethodAccessorImpl.java:62)
    	at sun.reflect.DelegatingMethodAccessorImpl.invoke(DelegatingMethodAccessorImpl.java:43)
    	at java.lang.reflect.Method.invoke(Method.java:498)
    	at org.gradle.internal.dispatch.ReflectionDispatch.dispatch(ReflectionDispatch.java:36)
    	at org.gradle.internal.dispatch.ReflectionDispatch.dispatch(ReflectionDispatch.java:24)
    	at org.gradle.internal.dispatch.ContextClassLoaderDispatch.dispatch(ContextClassLoaderDispatch.java:33)
    	at org.gradle.internal.dispatch.ProxyDispatchAdapter$DispatchingInvocationHandler.invoke(ProxyDispatchAdapter.java:94)
    	at com.sun.proxy.$Proxy2.processTestClass(Unknown Source)
    	at org.gradle.api.internal.tasks.testing.worker.TestWorker.processTestClass(TestWorker.java:118)
    	at sun.reflect.NativeMethodAccessorImpl.invoke0(Native Method)
    	at sun.reflect.NativeMethodAccessorImpl.invoke(NativeMethodAccessorImpl.java:62)
    	at sun.reflect.DelegatingMethodAccessorImpl.invoke(DelegatingMethodAccessorImpl.java:43)
    	at java.lang.reflect.Method.invoke(Method.java:498)
    	at org.gradle.internal.dispatch.ReflectionDispatch.dispatch(ReflectionDispatch.java:36)
    	at org.gradle.internal.dispatch.ReflectionDispatch.dispatch(ReflectionDispatch.java:24)
    	at org.gradle.internal.remote.internal.hub.MessageHubBackedObjectConnection$DispatchWrapper.dispatch(MessageHubBackedObjectConnection.java:182)
    	at org.gradle.internal.remote.internal.hub.MessageHubBackedObjectConnection$DispatchWrapper.dispatch(MessageHubBackedObjectConnection.java:164)
    	at org.gradle.internal.remote.internal.hub.MessageHub$Handler.run(MessageHub.java:412)
    	at org.gradle.internal.concurrent.ExecutorPolicy$CatchAndRecordFailures.onExecute(ExecutorPolicy.java:64)
    	at org.gradle.internal.concurrent.ManagedExecutorImpl$1.run(ManagedExecutorImpl.java:48)
    	at java.util.concurrent.ThreadPoolExecutor.runWorker(ThreadPoolExecutor.java:1149)
    	at java.util.concurrent.ThreadPoolExecutor$Worker.run(ThreadPoolExecutor.java:624)
    	at org.gradle.internal.concurrent.ThreadFactoryImpl$ManagedThreadRunnable.run(ThreadFactoryImpl.java:56)
    	at java.lang.Thread.run(Thread.java:748)
    Caused by: java.lang.RuntimeException: Syntatical error
    	at Main.main(Main.java:70)
    	... 53 more

ParserTest > testLengthError STANDARD_OUT
    Copied stream to file '/tmp/comp_jmm_test_bruno/fixtures/public/fail/syntactical/LengthError.jmm'.
    Parsing file /tmp/comp_jmm_test_bruno/fixtures/public/fail/syntactical/LengthError.jmm
    Parser starting
    COULD NOT PARSE WHILE
    PARSING ERROR
    Unexpected symbol encountered: length on line 3, column 8
    Was expecting one of the following symbols:
    [ <INTEGER>, "new", "(", "!", "this", <ID>  ]


ParserTest > testLengthError STANDARD_ERROR
    java.lang.Exception: Parser failure
    	at JMMParser.parse(JMMParser.java:35)
    	at Main.main(Main.java:64)
    	at sun.reflect.GeneratedMethodAccessor2.invoke(Unknown Source)
    	at sun.reflect.DelegatingMethodAccessorImpl.invoke(DelegatingMethodAccessorImpl.java:43)
    	at java.lang.reflect.Method.invoke(Method.java:498)
    	at ParserTest.test(ParserTest.java:30)
    	at ParserTest.testLengthError(ParserTest.java:174)
    	at sun.reflect.NativeMethodAccessorImpl.invoke0(Native Method)
    	at sun.reflect.NativeMethodAccessorImpl.invoke(NativeMethodAccessorImpl.java:62)
    	at sun.reflect.DelegatingMethodAccessorImpl.invoke(DelegatingMethodAccessorImpl.java:43)
    	at java.lang.reflect.Method.invoke(Method.java:498)
    	at org.junit.runners.model.FrameworkMethod$1.runReflectiveCall(FrameworkMethod.java:47)
    	at org.junit.internal.runners.model.ReflectiveCallable.run(ReflectiveCallable.java:12)
    	at org.junit.runners.model.FrameworkMethod.invokeExplosively(FrameworkMethod.java:44)
    	at org.junit.internal.runners.statements.InvokeMethod.evaluate(InvokeMethod.java:17)
    	at org.junit.runners.ParentRunner.runLeaf(ParentRunner.java:271)
    	at org.junit.runners.BlockJUnit4ClassRunner.runChild(BlockJUnit4ClassRunner.java:70)
    	at org.junit.runners.BlockJUnit4ClassRunner.runChild(BlockJUnit4ClassRunner.java:50)
    	at org.junit.runners.ParentRunner$3.run(ParentRunner.java:238)
    	at org.junit.runners.ParentRunner$1.schedule(ParentRunner.java:63)
    	at org.junit.runners.ParentRunner.runChildren(ParentRunner.java:236)
    	at org.junit.runners.ParentRunner.access$000(ParentRunner.java:53)
    	at org.junit.runners.ParentRunner$2.evaluate(ParentRunner.java:229)
    	at org.junit.runners.ParentRunner.run(ParentRunner.java:309)
    	at org.gradle.api.internal.tasks.testing.junit.JUnitTestClassExecutor.runTestClass(JUnitTestClassExecutor.java:110)
    	at org.gradle.api.internal.tasks.testing.junit.JUnitTestClassExecutor.execute(JUnitTestClassExecutor.java:58)
    	at org.gradle.api.internal.tasks.testing.junit.JUnitTestClassExecutor.execute(JUnitTestClassExecutor.java:38)
    	at org.gradle.api.internal.tasks.testing.junit.AbstractJUnitTestClassProcessor.processTestClass(AbstractJUnitTestClassProcessor.java:62)
    	at org.gradle.api.internal.tasks.testing.SuiteTestClassProcessor.processTestClass(SuiteTestClassProcessor.java:51)
    	at sun.reflect.NativeMethodAccessorImpl.invoke0(Native Method)
    	at sun.reflect.NativeMethodAccessorImpl.invoke(NativeMethodAccessorImpl.java:62)
    	at sun.reflect.DelegatingMethodAccessorImpl.invoke(DelegatingMethodAccessorImpl.java:43)
    	at java.lang.reflect.Method.invoke(Method.java:498)
    	at org.gradle.internal.dispatch.ReflectionDispatch.dispatch(ReflectionDispatch.java:36)
    	at org.gradle.internal.dispatch.ReflectionDispatch.dispatch(ReflectionDispatch.java:24)
    	at org.gradle.internal.dispatch.ContextClassLoaderDispatch.dispatch(ContextClassLoaderDispatch.java:33)
    	at org.gradle.internal.dispatch.ProxyDispatchAdapter$DispatchingInvocationHandler.invoke(ProxyDispatchAdapter.java:94)
    	at com.sun.proxy.$Proxy2.processTestClass(Unknown Source)
    	at org.gradle.api.internal.tasks.testing.worker.TestWorker.processTestClass(TestWorker.java:118)
    	at sun.reflect.NativeMethodAccessorImpl.invoke0(Native Method)
    	at sun.reflect.NativeMethodAccessorImpl.invoke(NativeMethodAccessorImpl.java:62)
    	at sun.reflect.DelegatingMethodAccessorImpl.invoke(DelegatingMethodAccessorImpl.java:43)
    	at java.lang.reflect.Method.invoke(Method.java:498)
    	at org.gradle.internal.dispatch.ReflectionDispatch.dispatch(ReflectionDispatch.java:36)
    	at org.gradle.internal.dispatch.ReflectionDispatch.dispatch(ReflectionDispatch.java:24)
    	at org.gradle.internal.remote.internal.hub.MessageHubBackedObjectConnection$DispatchWrapper.dispatch(MessageHubBackedObjectConnection.java:182)
    	at org.gradle.internal.remote.internal.hub.MessageHubBackedObjectConnection$DispatchWrapper.dispatch(MessageHubBackedObjectConnection.java:164)
    	at org.gradle.internal.remote.internal.hub.MessageHub$Handler.run(MessageHub.java:412)
    	at org.gradle.internal.concurrent.ExecutorPolicy$CatchAndRecordFailures.onExecute(ExecutorPolicy.java:64)
    	at org.gradle.internal.concurrent.ManagedExecutorImpl$1.run(ManagedExecutorImpl.java:48)
    	at java.util.concurrent.ThreadPoolExecutor.runWorker(ThreadPoolExecutor.java:1149)
    	at java.util.concurrent.ThreadPoolExecutor$Worker.run(ThreadPoolExecutor.java:624)
    	at org.gradle.internal.concurrent.ThreadFactoryImpl$ManagedThreadRunnable.run(ThreadFactoryImpl.java:56)
    	at java.lang.Thread.run(Thread.java:748)

ParserTest > testLengthError STANDARD_OUT
    Test failed: java.lang.reflect.InvocationTargetException

ParserTest > testLengthError STANDARD_ERROR
    java.lang.reflect.InvocationTargetException
    	at sun.reflect.GeneratedMethodAccessor2.invoke(Unknown Source)
    	at sun.reflect.DelegatingMethodAccessorImpl.invoke(DelegatingMethodAccessorImpl.java:43)
    	at java.lang.reflect.Method.invoke(Method.java:498)
    	at ParserTest.test(ParserTest.java:30)
    	at ParserTest.testLengthError(ParserTest.java:174)
    	at sun.reflect.NativeMethodAccessorImpl.invoke0(Native Method)
    	at sun.reflect.NativeMethodAccessorImpl.invoke(NativeMethodAccessorImpl.java:62)
    	at sun.reflect.DelegatingMethodAccessorImpl.invoke(DelegatingMethodAccessorImpl.java:43)
    	at java.lang.reflect.Method.invoke(Method.java:498)
    	at org.junit.runners.model.FrameworkMethod$1.runReflectiveCall(FrameworkMethod.java:47)
    	at org.junit.internal.runners.model.ReflectiveCallable.run(ReflectiveCallable.java:12)
    	at org.junit.runners.model.FrameworkMethod.invokeExplosively(FrameworkMethod.java:44)
    	at org.junit.internal.runners.statements.InvokeMethod.evaluate(InvokeMethod.java:17)
    	at org.junit.runners.ParentRunner.runLeaf(ParentRunner.java:271)
    	at org.junit.runners.BlockJUnit4ClassRunner.runChild(BlockJUnit4ClassRunner.java:70)
    	at org.junit.runners.BlockJUnit4ClassRunner.runChild(BlockJUnit4ClassRunner.java:50)
    	at org.junit.runners.ParentRunner$3.run(ParentRunner.java:238)
    	at org.junit.runners.ParentRunner$1.schedule(ParentRunner.java:63)
    	at org.junit.runners.ParentRunner.runChildren(ParentRunner.java:236)
    	at org.junit.runners.ParentRunner.access$000(ParentRunner.java:53)
    	at org.junit.runners.ParentRunner$2.evaluate(ParentRunner.java:229)
    	at org.junit.runners.ParentRunner.run(ParentRunner.java:309)
    	at org.gradle.api.internal.tasks.testing.junit.JUnitTestClassExecutor.runTestClass(JUnitTestClassExecutor.java:110)
    	at org.gradle.api.internal.tasks.testing.junit.JUnitTestClassExecutor.execute(JUnitTestClassExecutor.java:58)
    	at org.gradle.api.internal.tasks.testing.junit.JUnitTestClassExecutor.execute(JUnitTestClassExecutor.java:38)
    	at org.gradle.api.internal.tasks.testing.junit.AbstractJUnitTestClassProcessor.processTestClass(AbstractJUnitTestClassProcessor.java:62)
    	at org.gradle.api.internal.tasks.testing.SuiteTestClassProcessor.processTestClass(SuiteTestClassProcessor.java:51)
    	at sun.reflect.NativeMethodAccessorImpl.invoke0(Native Method)
    	at sun.reflect.NativeMethodAccessorImpl.invoke(NativeMethodAccessorImpl.java:62)
    	at sun.reflect.DelegatingMethodAccessorImpl.invoke(DelegatingMethodAccessorImpl.java:43)
    	at java.lang.reflect.Method.invoke(Method.java:498)
    	at org.gradle.internal.dispatch.ReflectionDispatch.dispatch(ReflectionDispatch.java:36)
    	at org.gradle.internal.dispatch.ReflectionDispatch.dispatch(ReflectionDispatch.java:24)
    	at org.gradle.internal.dispatch.ContextClassLoaderDispatch.dispatch(ContextClassLoaderDispatch.java:33)
    	at org.gradle.internal.dispatch.ProxyDispatchAdapter$DispatchingInvocationHandler.invoke(ProxyDispatchAdapter.java:94)
    	at com.sun.proxy.$Proxy2.processTestClass(Unknown Source)
    	at org.gradle.api.internal.tasks.testing.worker.TestWorker.processTestClass(TestWorker.java:118)
    	at sun.reflect.NativeMethodAccessorImpl.invoke0(Native Method)
    	at sun.reflect.NativeMethodAccessorImpl.invoke(NativeMethodAccessorImpl.java:62)
    	at sun.reflect.DelegatingMethodAccessorImpl.invoke(DelegatingMethodAccessorImpl.java:43)
    	at java.lang.reflect.Method.invoke(Method.java:498)
    	at org.gradle.internal.dispatch.ReflectionDispatch.dispatch(ReflectionDispatch.java:36)
    	at org.gradle.internal.dispatch.ReflectionDispatch.dispatch(ReflectionDispatch.java:24)
    	at org.gradle.internal.remote.internal.hub.MessageHubBackedObjectConnection$DispatchWrapper.dispatch(MessageHubBackedObjectConnection.java:182)
    	at org.gradle.internal.remote.internal.hub.MessageHubBackedObjectConnection$DispatchWrapper.dispatch(MessageHubBackedObjectConnection.java:164)
    	at org.gradle.internal.remote.internal.hub.MessageHub$Handler.run(MessageHub.java:412)
    	at org.gradle.internal.concurrent.ExecutorPolicy$CatchAndRecordFailures.onExecute(ExecutorPolicy.java:64)
    	at org.gradle.internal.concurrent.ManagedExecutorImpl$1.run(ManagedExecutorImpl.java:48)
    	at java.util.concurrent.ThreadPoolExecutor.runWorker(ThreadPoolExecutor.java:1149)
    	at java.util.concurrent.ThreadPoolExecutor$Worker.run(ThreadPoolExecutor.java:624)
    	at org.gradle.internal.concurrent.ThreadFactoryImpl$ManagedThreadRunnable.run(ThreadFactoryImpl.java:56)
    	at java.lang.Thread.run(Thread.java:748)
    Caused by: java.lang.RuntimeException: Syntatical error
    	at Main.main(Main.java:70)
    	... 52 more

ParserTest > testWhileAndIF STANDARD_OUT
    Copied stream to file '/tmp/comp_jmm_test_bruno/fixtures/public/WhileAndIF.jmm'.
    Parsing file /tmp/comp_jmm_test_bruno/fixtures/public/WhileAndIF.jmm
    Parser starting
    Analyzer starting on /tmp/comp_jmm_test_bruno/fixtures/public/WhileAndIF.jmm
    COMPILATION SUCCESSFUL

ParserTest > testFindMaximum STANDARD_OUT
    Copied stream to file '/tmp/comp_jmm_test_bruno/fixtures/public/FindMaximum.jmm'.
    Parsing file /tmp/comp_jmm_test_bruno/fixtures/public/FindMaximum.jmm
    Parser starting
    Analyzer starting on /tmp/comp_jmm_test_bruno/fixtures/public/FindMaximum.jmm
    COMPILATION SUCCESSFUL

ParserTest > testbinop_incomp STANDARD_OUT
    Copied stream to file '/tmp/comp_jmm_test_bruno/fixtures/public/fail/semantic/binop_incomp.jmm'.
    Parsing file /tmp/comp_jmm_test_bruno/fixtures/public/fail/semantic/binop_incomp.jmm
    Parser starting
    Analyzer starting on /tmp/comp_jmm_test_bruno/fixtures/public/fail/semantic/binop_incomp.jmm



    <ID>"="<ID>"+"<ID>
    Semantic exceptions: 2
    IncompatibleException: Incompatibility detected Incompatible types: int and int
    On line 12
    IncompatibleException: Incompatibility detected int is incompatible with null
    On line 12

ParserTest > testbinop_incomp STANDARD_ERROR
    java.lang.RuntimeException: Semantic error
    	at Analyzer.analyze(Analyzer.java:1052)
    	at Main.main(Main.java:79)
    	at sun.reflect.GeneratedMethodAccessor2.invoke(Unknown Source)
    	at sun.reflect.DelegatingMethodAccessorImpl.invoke(DelegatingMethodAccessorImpl.java:43)
    	at java.lang.reflect.Method.invoke(Method.java:498)
    	at ParserTest.test(ParserTest.java:30)
    	at ParserTest.testbinop_incomp(ParserTest.java:123)
    	at sun.reflect.NativeMethodAccessorImpl.invoke0(Native Method)
    	at sun.reflect.NativeMethodAccessorImpl.invoke(NativeMethodAccessorImpl.java:62)
    	at sun.reflect.DelegatingMethodAccessorImpl.invoke(DelegatingMethodAccessorImpl.java:43)
    	at java.lang.reflect.Method.invoke(Method.java:498)
    	at org.junit.runners.model.FrameworkMethod$1.runReflectiveCall(FrameworkMethod.java:47)
    	at org.junit.internal.runners.model.ReflectiveCallable.run(ReflectiveCallable.java:12)
    	at org.junit.runners.model.FrameworkMethod.invokeExplosively(FrameworkMethod.java:44)
    	at org.junit.internal.runners.statements.InvokeMethod.evaluate(InvokeMethod.java:17)
    	at org.junit.runners.ParentRunner.runLeaf(ParentRunner.java:271)
    	at org.junit.runners.BlockJUnit4ClassRunner.runChild(BlockJUnit4ClassRunner.java:70)
    	at org.junit.runners.BlockJUnit4ClassRunner.runChild(BlockJUnit4ClassRunner.java:50)
    	at org.junit.runners.ParentRunner$3.run(ParentRunner.java:238)
    	at org.junit.runners.ParentRunner$1.schedule(ParentRunner.java:63)
    	at org.junit.runners.ParentRunner.runChildren(ParentRunner.java:236)
    	at org.junit.runners.ParentRunner.access$000(ParentRunner.java:53)
    	at org.junit.runners.ParentRunner$2.evaluate(ParentRunner.java:229)
    	at org.junit.runners.ParentRunner.run(ParentRunner.java:309)
    	at org.gradle.api.internal.tasks.testing.junit.JUnitTestClassExecutor.runTestClass(JUnitTestClassExecutor.java:110)
    	at org.gradle.api.internal.tasks.testing.junit.JUnitTestClassExecutor.execute(JUnitTestClassExecutor.java:58)
    	at org.gradle.api.internal.tasks.testing.junit.JUnitTestClassExecutor.execute(JUnitTestClassExecutor.java:38)
    	at org.gradle.api.internal.tasks.testing.junit.AbstractJUnitTestClassProcessor.processTestClass(AbstractJUnitTestClassProcessor.java:62)
    	at org.gradle.api.internal.tasks.testing.SuiteTestClassProcessor.processTestClass(SuiteTestClassProcessor.java:51)
    	at sun.reflect.NativeMethodAccessorImpl.invoke0(Native Method)
    	at sun.reflect.NativeMethodAccessorImpl.invoke(NativeMethodAccessorImpl.java:62)
    	at sun.reflect.DelegatingMethodAccessorImpl.invoke(DelegatingMethodAccessorImpl.java:43)
    	at java.lang.reflect.Method.invoke(Method.java:498)
    	at org.gradle.internal.dispatch.ReflectionDispatch.dispatch(ReflectionDispatch.java:36)
    	at org.gradle.internal.dispatch.ReflectionDispatch.dispatch(ReflectionDispatch.java:24)
    	at org.gradle.internal.dispatch.ContextClassLoaderDispatch.dispatch(ContextClassLoaderDispatch.java:33)
    	at org.gradle.internal.dispatch.ProxyDispatchAdapter$DispatchingInvocationHandler.invoke(ProxyDispatchAdapter.java:94)
    	at com.sun.proxy.$Proxy2.processTestClass(Unknown Source)
    	at org.gradle.api.internal.tasks.testing.worker.TestWorker.processTestClass(TestWorker.java:118)
    	at sun.reflect.NativeMethodAccessorImpl.invoke0(Native Method)
    	at sun.reflect.NativeMethodAccessorImpl.invoke(NativeMethodAccessorImpl.java:62)
    	at sun.reflect.DelegatingMethodAccessorImpl.invoke(DelegatingMethodAccessorImpl.java:43)
    	at java.lang.reflect.Method.invoke(Method.java:498)
    	at org.gradle.internal.dispatch.ReflectionDispatch.dispatch(ReflectionDispatch.java:36)
    	at org.gradle.internal.dispatch.ReflectionDispatch.dispatch(ReflectionDispatch.java:24)
    	at org.gradle.internal.remote.internal.hub.MessageHubBackedObjectConnection$DispatchWrapper.dispatch(MessageHubBackedObjectConnection.java:182)
    	at org.gradle.internal.remote.internal.hub.MessageHubBackedObjectConnection$DispatchWrapper.dispatch(MessageHubBackedObjectConnection.java:164)
    	at org.gradle.internal.remote.internal.hub.MessageHub$Handler.run(MessageHub.java:412)
    	at org.gradle.internal.concurrent.ExecutorPolicy$CatchAndRecordFailures.onExecute(ExecutorPolicy.java:64)
    	at org.gradle.internal.concurrent.ManagedExecutorImpl$1.run(ManagedExecutorImpl.java:48)
    	at java.util.concurrent.ThreadPoolExecutor.runWorker(ThreadPoolExecutor.java:1149)
    	at java.util.concurrent.ThreadPoolExecutor$Worker.run(ThreadPoolExecutor.java:624)
    	at org.gradle.internal.concurrent.ThreadFactoryImpl$ManagedThreadRunnable.run(ThreadFactoryImpl.java:56)
    	at java.lang.Thread.run(Thread.java:748)

ParserTest > testbinop_incomp STANDARD_OUT
    Test failed: java.lang.reflect.InvocationTargetException

ParserTest > testbinop_incomp STANDARD_ERROR
    java.lang.reflect.InvocationTargetException
    	at sun.reflect.GeneratedMethodAccessor2.invoke(Unknown Source)
    	at sun.reflect.DelegatingMethodAccessorImpl.invoke(DelegatingMethodAccessorImpl.java:43)
    	at java.lang.reflect.Method.invoke(Method.java:498)
    	at ParserTest.test(ParserTest.java:30)
    	at ParserTest.testbinop_incomp(ParserTest.java:123)
    	at sun.reflect.NativeMethodAccessorImpl.invoke0(Native Method)
    	at sun.reflect.NativeMethodAccessorImpl.invoke(NativeMethodAccessorImpl.java:62)
    	at sun.reflect.DelegatingMethodAccessorImpl.invoke(DelegatingMethodAccessorImpl.java:43)
    	at java.lang.reflect.Method.invoke(Method.java:498)
    	at org.junit.runners.model.FrameworkMethod$1.runReflectiveCall(FrameworkMethod.java:47)
    	at org.junit.internal.runners.model.ReflectiveCallable.run(ReflectiveCallable.java:12)
    	at org.junit.runners.model.FrameworkMethod.invokeExplosively(FrameworkMethod.java:44)
    	at org.junit.internal.runners.statements.InvokeMethod.evaluate(InvokeMethod.java:17)
    	at org.junit.runners.ParentRunner.runLeaf(ParentRunner.java:271)
    	at org.junit.runners.BlockJUnit4ClassRunner.runChild(BlockJUnit4ClassRunner.java:70)
    	at org.junit.runners.BlockJUnit4ClassRunner.runChild(BlockJUnit4ClassRunner.java:50)
    	at org.junit.runners.ParentRunner$3.run(ParentRunner.java:238)
    	at org.junit.runners.ParentRunner$1.schedule(ParentRunner.java:63)
    	at org.junit.runners.ParentRunner.runChildren(ParentRunner.java:236)
    	at org.junit.runners.ParentRunner.access$000(ParentRunner.java:53)
    	at org.junit.runners.ParentRunner$2.evaluate(ParentRunner.java:229)
    	at org.junit.runners.ParentRunner.run(ParentRunner.java:309)
    	at org.gradle.api.internal.tasks.testing.junit.JUnitTestClassExecutor.runTestClass(JUnitTestClassExecutor.java:110)
    	at org.gradle.api.internal.tasks.testing.junit.JUnitTestClassExecutor.execute(JUnitTestClassExecutor.java:58)
    	at org.gradle.api.internal.tasks.testing.junit.JUnitTestClassExecutor.execute(JUnitTestClassExecutor.java:38)
    	at org.gradle.api.internal.tasks.testing.junit.AbstractJUnitTestClassProcessor.processTestClass(AbstractJUnitTestClassProcessor.java:62)
    	at org.gradle.api.internal.tasks.testing.SuiteTestClassProcessor.processTestClass(SuiteTestClassProcessor.java:51)
    	at sun.reflect.NativeMethodAccessorImpl.invoke0(Native Method)
    	at sun.reflect.NativeMethodAccessorImpl.invoke(NativeMethodAccessorImpl.java:62)
    	at sun.reflect.DelegatingMethodAccessorImpl.invoke(DelegatingMethodAccessorImpl.java:43)
    	at java.lang.reflect.Method.invoke(Method.java:498)
    	at org.gradle.internal.dispatch.ReflectionDispatch.dispatch(ReflectionDispatch.java:36)
    	at org.gradle.internal.dispatch.ReflectionDispatch.dispatch(ReflectionDispatch.java:24)
    	at org.gradle.internal.dispatch.ContextClassLoaderDispatch.dispatch(ContextClassLoaderDispatch.java:33)
    	at org.gradle.internal.dispatch.ProxyDispatchAdapter$DispatchingInvocationHandler.invoke(ProxyDispatchAdapter.java:94)
    	at com.sun.proxy.$Proxy2.processTestClass(Unknown Source)
    	at org.gradle.api.internal.tasks.testing.worker.TestWorker.processTestClass(TestWorker.java:118)
    	at sun.reflect.NativeMethodAccessorImpl.invoke0(Native Method)
    	at sun.reflect.NativeMethodAccessorImpl.invoke(NativeMethodAccessorImpl.java:62)
    	at sun.reflect.DelegatingMethodAccessorImpl.invoke(DelegatingMethodAccessorImpl.java:43)
    	at java.lang.reflect.Method.invoke(Method.java:498)
    	at org.gradle.internal.dispatch.ReflectionDispatch.dispatch(ReflectionDispatch.java:36)
    	at org.gradle.internal.dispatch.ReflectionDispatch.dispatch(ReflectionDispatch.java:24)
    	at org.gradle.internal.remote.internal.hub.MessageHubBackedObjectConnection$DispatchWrapper.dispatch(MessageHubBackedObjectConnection.java:182)
    	at org.gradle.internal.remote.internal.hub.MessageHubBackedObjectConnection$DispatchWrapper.dispatch(MessageHubBackedObjectConnection.java:164)
    	at org.gradle.internal.remote.internal.hub.MessageHub$Handler.run(MessageHub.java:412)
    	at org.gradle.internal.concurrent.ExecutorPolicy$CatchAndRecordFailures.onExecute(ExecutorPolicy.java:64)
    	at org.gradle.internal.concurrent.ManagedExecutorImpl$1.run(ManagedExecutorImpl.java:48)
    	at java.util.concurrent.ThreadPoolExecutor.runWorker(ThreadPoolExecutor.java:1149)
    	at java.util.concurrent.ThreadPoolExecutor$Worker.run(ThreadPoolExecutor.java:624)
    	at org.gradle.internal.concurrent.ThreadFactoryImpl$ManagedThreadRunnable.run(ThreadFactoryImpl.java:56)
    	at java.lang.Thread.run(Thread.java:748)
    Caused by: java.lang.RuntimeException: Semantic error
    	at Main.main(Main.java:85)
    	... 52 more

ParserTest > testBlowUp STANDARD_OUT
    Copied stream to file '/tmp/comp_jmm_test_bruno/fixtures/public/fail/syntactical/BlowUp.jmm'.
    Parsing file /tmp/comp_jmm_test_bruno/fixtures/public/fail/syntactical/BlowUp.jmm
    Parser starting
    COULD NOT PARSE WHILE
    UNEXPECTED Parsing Exception
    PARSING ERROR
    Unexpected symbol encountered: public on line 9, column 2
    Was expecting one of the following symbols:
    [ <EOF>  ]


ParserTest > testBlowUp STANDARD_ERROR
    java.lang.Exception: Parser failure
    	at JMMParser.parse(JMMParser.java:25)
    	at Main.main(Main.java:64)
    	at sun.reflect.GeneratedMethodAccessor2.invoke(Unknown Source)
    	at sun.reflect.DelegatingMethodAccessorImpl.invoke(DelegatingMethodAccessorImpl.java:43)
    	at java.lang.reflect.Method.invoke(Method.java:498)
    	at ParserTest.test(ParserTest.java:30)
    	at ParserTest.testBlowUp(ParserTest.java:164)
    	at sun.reflect.NativeMethodAccessorImpl.invoke0(Native Method)
    	at sun.reflect.NativeMethodAccessorImpl.invoke(NativeMethodAccessorImpl.java:62)
    	at sun.reflect.DelegatingMethodAccessorImpl.invoke(DelegatingMethodAccessorImpl.java:43)
    	at java.lang.reflect.Method.invoke(Method.java:498)
    	at org.junit.runners.model.FrameworkMethod$1.runReflectiveCall(FrameworkMethod.java:47)
    	at org.junit.internal.runners.model.ReflectiveCallable.run(ReflectiveCallable.java:12)
    	at org.junit.runners.model.FrameworkMethod.invokeExplosively(FrameworkMethod.java:44)
    	at org.junit.internal.runners.statements.InvokeMethod.evaluate(InvokeMethod.java:17)
    	at org.junit.runners.ParentRunner.runLeaf(ParentRunner.java:271)
    	at org.junit.runners.BlockJUnit4ClassRunner.runChild(BlockJUnit4ClassRunner.java:70)
    	at org.junit.runners.BlockJUnit4ClassRunner.runChild(BlockJUnit4ClassRunner.java:50)
    	at org.junit.runners.ParentRunner$3.run(ParentRunner.java:238)
    	at org.junit.runners.ParentRunner$1.schedule(ParentRunner.java:63)
    	at org.junit.runners.ParentRunner.runChildren(ParentRunner.java:236)
    	at org.junit.runners.ParentRunner.access$000(ParentRunner.java:53)
    	at org.junit.runners.ParentRunner$2.evaluate(ParentRunner.java:229)
    	at org.junit.runners.ParentRunner.run(ParentRunner.java:309)
    	at org.gradle.api.internal.tasks.testing.junit.JUnitTestClassExecutor.runTestClass(JUnitTestClassExecutor.java:110)
    	at org.gradle.api.internal.tasks.testing.junit.JUnitTestClassExecutor.execute(JUnitTestClassExecutor.java:58)
    	at org.gradle.api.internal.tasks.testing.junit.JUnitTestClassExecutor.execute(JUnitTestClassExecutor.java:38)
    	at org.gradle.api.internal.tasks.testing.junit.AbstractJUnitTestClassProcessor.processTestClass(AbstractJUnitTestClassProcessor.java:62)
    	at org.gradle.api.internal.tasks.testing.SuiteTestClassProcessor.processTestClass(SuiteTestClassProcessor.java:51)
    	at sun.reflect.NativeMethodAccessorImpl.invoke0(Native Method)
    	at sun.reflect.NativeMethodAccessorImpl.invoke(NativeMethodAccessorImpl.java:62)
    	at sun.reflect.DelegatingMethodAccessorImpl.invoke(DelegatingMethodAccessorImpl.java:43)
    	at java.lang.reflect.Method.invoke(Method.java:498)
    	at org.gradle.internal.dispatch.ReflectionDispatch.dispatch(ReflectionDispatch.java:36)
    	at org.gradle.internal.dispatch.ReflectionDispatch.dispatch(ReflectionDispatch.java:24)
    	at org.gradle.internal.dispatch.ContextClassLoaderDispatch.dispatch(ContextClassLoaderDispatch.java:33)
    	at org.gradle.internal.dispatch.ProxyDispatchAdapter$DispatchingInvocationHandler.invoke(ProxyDispatchAdapter.java:94)
    	at com.sun.proxy.$Proxy2.processTestClass(Unknown Source)
    	at org.gradle.api.internal.tasks.testing.worker.TestWorker.processTestClass(TestWorker.java:118)
    	at sun.reflect.NativeMethodAccessorImpl.invoke0(Native Method)
    	at sun.reflect.NativeMethodAccessorImpl.invoke(NativeMethodAccessorImpl.java:62)
    	at sun.reflect.DelegatingMethodAccessorImpl.invoke(DelegatingMethodAccessorImpl.java:43)
    	at java.lang.reflect.Method.invoke(Method.java:498)
    	at org.gradle.internal.dispatch.ReflectionDispatch.dispatch(ReflectionDispatch.java:36)
    	at org.gradle.internal.dispatch.ReflectionDispatch.dispatch(ReflectionDispatch.java:24)
    	at org.gradle.internal.remote.internal.hub.MessageHubBackedObjectConnection$DispatchWrapper.dispatch(MessageHubBackedObjectConnection.java:182)
    	at org.gradle.internal.remote.internal.hub.MessageHubBackedObjectConnection$DispatchWrapper.dispatch(MessageHubBackedObjectConnection.java:164)
    	at org.gradle.internal.remote.internal.hub.MessageHub$Handler.run(MessageHub.java:412)
    	at org.gradle.internal.concurrent.ExecutorPolicy$CatchAndRecordFailures.onExecute(ExecutorPolicy.java:64)
    	at org.gradle.internal.concurrent.ManagedExecutorImpl$1.run(ManagedExecutorImpl.java:48)
    	at java.util.concurrent.ThreadPoolExecutor.runWorker(ThreadPoolExecutor.java:1149)
    	at java.util.concurrent.ThreadPoolExecutor$Worker.run(ThreadPoolExecutor.java:624)
    	at org.gradle.internal.concurrent.ThreadFactoryImpl$ManagedThreadRunnable.run(ThreadFactoryImpl.java:56)
    	at java.lang.Thread.run(Thread.java:748)

ParserTest > testBlowUp STANDARD_OUT
    Test failed: java.lang.reflect.InvocationTargetException

ParserTest > testBlowUp STANDARD_ERROR
    java.lang.reflect.InvocationTargetException
    	at sun.reflect.GeneratedMethodAccessor2.invoke(Unknown Source)
    	at sun.reflect.DelegatingMethodAccessorImpl.invoke(DelegatingMethodAccessorImpl.java:43)
    	at java.lang.reflect.Method.invoke(Method.java:498)
    	at ParserTest.test(ParserTest.java:30)
    	at ParserTest.testBlowUp(ParserTest.java:164)
    	at sun.reflect.NativeMethodAccessorImpl.invoke0(Native Method)
    	at sun.reflect.NativeMethodAccessorImpl.invoke(NativeMethodAccessorImpl.java:62)
    	at sun.reflect.DelegatingMethodAccessorImpl.invoke(DelegatingMethodAccessorImpl.java:43)
    	at java.lang.reflect.Method.invoke(Method.java:498)
    	at org.junit.runners.model.FrameworkMethod$1.runReflectiveCall(FrameworkMethod.java:47)
    	at org.junit.internal.runners.model.ReflectiveCallable.run(ReflectiveCallable.java:12)
    	at org.junit.runners.model.FrameworkMethod.invokeExplosively(FrameworkMethod.java:44)
    	at org.junit.internal.runners.statements.InvokeMethod.evaluate(InvokeMethod.java:17)
    	at org.junit.runners.ParentRunner.runLeaf(ParentRunner.java:271)
    	at org.junit.runners.BlockJUnit4ClassRunner.runChild(BlockJUnit4ClassRunner.java:70)
    	at org.junit.runners.BlockJUnit4ClassRunner.runChild(BlockJUnit4ClassRunner.java:50)
    	at org.junit.runners.ParentRunner$3.run(ParentRunner.java:238)
    	at org.junit.runners.ParentRunner$1.schedule(ParentRunner.java:63)
    	at org.junit.runners.ParentRunner.runChildren(ParentRunner.java:236)
    	at org.junit.runners.ParentRunner.access$000(ParentRunner.java:53)
    	at org.junit.runners.ParentRunner$2.evaluate(ParentRunner.java:229)
    	at org.junit.runners.ParentRunner.run(ParentRunner.java:309)
    	at org.gradle.api.internal.tasks.testing.junit.JUnitTestClassExecutor.runTestClass(JUnitTestClassExecutor.java:110)
    	at org.gradle.api.internal.tasks.testing.junit.JUnitTestClassExecutor.execute(JUnitTestClassExecutor.java:58)
    	at org.gradle.api.internal.tasks.testing.junit.JUnitTestClassExecutor.execute(JUnitTestClassExecutor.java:38)
    	at org.gradle.api.internal.tasks.testing.junit.AbstractJUnitTestClassProcessor.processTestClass(AbstractJUnitTestClassProcessor.java:62)
    	at org.gradle.api.internal.tasks.testing.SuiteTestClassProcessor.processTestClass(SuiteTestClassProcessor.java:51)
    	at sun.reflect.NativeMethodAccessorImpl.invoke0(Native Method)
    	at sun.reflect.NativeMethodAccessorImpl.invoke(NativeMethodAccessorImpl.java:62)
    	at sun.reflect.DelegatingMethodAccessorImpl.invoke(DelegatingMethodAccessorImpl.java:43)
    	at java.lang.reflect.Method.invoke(Method.java:498)
    	at org.gradle.internal.dispatch.ReflectionDispatch.dispatch(ReflectionDispatch.java:36)
    	at org.gradle.internal.dispatch.ReflectionDispatch.dispatch(ReflectionDispatch.java:24)
    	at org.gradle.internal.dispatch.ContextClassLoaderDispatch.dispatch(ContextClassLoaderDispatch.java:33)
    	at org.gradle.internal.dispatch.ProxyDispatchAdapter$DispatchingInvocationHandler.invoke(ProxyDispatchAdapter.java:94)
    	at com.sun.proxy.$Proxy2.processTestClass(Unknown Source)
    	at org.gradle.api.internal.tasks.testing.worker.TestWorker.processTestClass(TestWorker.java:118)
    	at sun.reflect.NativeMethodAccessorImpl.invoke0(Native Method)
    	at sun.reflect.NativeMethodAccessorImpl.invoke(NativeMethodAccessorImpl.java:62)
    	at sun.reflect.DelegatingMethodAccessorImpl.invoke(DelegatingMethodAccessorImpl.java:43)
    	at java.lang.reflect.Method.invoke(Method.java:498)
    	at org.gradle.internal.dispatch.ReflectionDispatch.dispatch(ReflectionDispatch.java:36)
    	at org.gradle.internal.dispatch.ReflectionDispatch.dispatch(ReflectionDispatch.java:24)
    	at org.gradle.internal.remote.internal.hub.MessageHubBackedObjectConnection$DispatchWrapper.dispatch(MessageHubBackedObjectConnection.java:182)
    	at org.gradle.internal.remote.internal.hub.MessageHubBackedObjectConnection$DispatchWrapper.dispatch(MessageHubBackedObjectConnection.java:164)
    	at org.gradle.internal.remote.internal.hub.MessageHub$Handler.run(MessageHub.java:412)
    	at org.gradle.internal.concurrent.ExecutorPolicy$CatchAndRecordFailures.onExecute(ExecutorPolicy.java:64)
    	at org.gradle.internal.concurrent.ManagedExecutorImpl$1.run(ManagedExecutorImpl.java:48)
    	at java.util.concurrent.ThreadPoolExecutor.runWorker(ThreadPoolExecutor.java:1149)
    	at java.util.concurrent.ThreadPoolExecutor$Worker.run(ThreadPoolExecutor.java:624)
    	at org.gradle.internal.concurrent.ThreadFactoryImpl$ManagedThreadRunnable.run(ThreadFactoryImpl.java:56)
    	at java.lang.Thread.run(Thread.java:748)
    Caused by: java.lang.RuntimeException: Syntatical error
    	at Main.main(Main.java:70)
    	... 52 more

ParserTest > testSimple STANDARD_OUT
    Copied stream to file '/tmp/comp_jmm_test_bruno/fixtures/public/Simple.jmm'.
    Parsing file /tmp/comp_jmm_test_bruno/fixtures/public/Simple.jmm
    Parser starting
    Analyzer starting on /tmp/comp_jmm_test_bruno/fixtures/public/Simple.jmm
    COMPILATION SUCCESSFUL

ParserTest > testvar_lit_incomp STANDARD_OUT
    Copied stream to file '/tmp/comp_jmm_test_bruno/fixtures/public/fail/semantic/var_lit_incomp.jmm'.
    Parsing file /tmp/comp_jmm_test_bruno/fixtures/public/fail/semantic/var_lit_incomp.jmm
    Parser starting
    Analyzer starting on /tmp/comp_jmm_test_bruno/fixtures/public/fail/semantic/var_lit_incomp.jmm

    <ID>"="<BOOL>
    Semantic exceptions: 1
    IncompatibleException: Incompatibility detected int is incompatible with boolean
    On line 8

ParserTest > testvar_lit_incomp STANDARD_ERROR
    java.lang.RuntimeException: Semantic error
    	at Analyzer.analyze(Analyzer.java:1052)
    	at Main.main(Main.java:79)
    	at sun.reflect.GeneratedMethodAccessor2.invoke(Unknown Source)
    	at sun.reflect.DelegatingMethodAccessorImpl.invoke(DelegatingMethodAccessorImpl.java:43)
    	at java.lang.reflect.Method.invoke(Method.java:498)
    	at ParserTest.test(ParserTest.java:30)
    	at ParserTest.testvar_lit_incomp(ParserTest.java:143)
    	at sun.reflect.NativeMethodAccessorImpl.invoke0(Native Method)
    	at sun.reflect.NativeMethodAccessorImpl.invoke(NativeMethodAccessorImpl.java:62)
    	at sun.reflect.DelegatingMethodAccessorImpl.invoke(DelegatingMethodAccessorImpl.java:43)
    	at java.lang.reflect.Method.invoke(Method.java:498)
    	at org.junit.runners.model.FrameworkMethod$1.runReflectiveCall(FrameworkMethod.java:47)
    	at org.junit.internal.runners.model.ReflectiveCallable.run(ReflectiveCallable.java:12)
    	at org.junit.runners.model.FrameworkMethod.invokeExplosively(FrameworkMethod.java:44)
    	at org.junit.internal.runners.statements.InvokeMethod.evaluate(InvokeMethod.java:17)
    	at org.junit.runners.ParentRunner.runLeaf(ParentRunner.java:271)
    	at org.junit.runners.BlockJUnit4ClassRunner.runChild(BlockJUnit4ClassRunner.java:70)
    	at org.junit.runners.BlockJUnit4ClassRunner.runChild(BlockJUnit4ClassRunner.java:50)
    	at org.junit.runners.ParentRunner$3.run(ParentRunner.java:238)
    	at org.junit.runners.ParentRunner$1.schedule(ParentRunner.java:63)
    	at org.junit.runners.ParentRunner.runChildren(ParentRunner.java:236)
    	at org.junit.runners.ParentRunner.access$000(ParentRunner.java:53)
    	at org.junit.runners.ParentRunner$2.evaluate(ParentRunner.java:229)
    	at org.junit.runners.ParentRunner.run(ParentRunner.java:309)
    	at org.gradle.api.internal.tasks.testing.junit.JUnitTestClassExecutor.runTestClass(JUnitTestClassExecutor.java:110)
    	at org.gradle.api.internal.tasks.testing.junit.JUnitTestClassExecutor.execute(JUnitTestClassExecutor.java:58)
    	at org.gradle.api.internal.tasks.testing.junit.JUnitTestClassExecutor.execute(JUnitTestClassExecutor.java:38)
    	at org.gradle.api.internal.tasks.testing.junit.AbstractJUnitTestClassProcessor.processTestClass(AbstractJUnitTestClassProcessor.java:62)
    	at org.gradle.api.internal.tasks.testing.SuiteTestClassProcessor.processTestClass(SuiteTestClassProcessor.java:51)
    	at sun.reflect.NativeMethodAccessorImpl.invoke0(Native Method)
    	at sun.reflect.NativeMethodAccessorImpl.invoke(NativeMethodAccessorImpl.java:62)
    	at sun.reflect.DelegatingMethodAccessorImpl.invoke(DelegatingMethodAccessorImpl.java:43)
    	at java.lang.reflect.Method.invoke(Method.java:498)
    	at org.gradle.internal.dispatch.ReflectionDispatch.dispatch(ReflectionDispatch.java:36)
    	at org.gradle.internal.dispatch.ReflectionDispatch.dispatch(ReflectionDispatch.java:24)
    	at org.gradle.internal.dispatch.ContextClassLoaderDispatch.dispatch(ContextClassLoaderDispatch.java:33)
    	at org.gradle.internal.dispatch.ProxyDispatchAdapter$DispatchingInvocationHandler.invoke(ProxyDispatchAdapter.java:94)
    	at com.sun.proxy.$Proxy2.processTestClass(Unknown Source)
    	at org.gradle.api.internal.tasks.testing.worker.TestWorker.processTestClass(TestWorker.java:118)
    	at sun.reflect.NativeMethodAccessorImpl.invoke0(Native Method)
    	at sun.reflect.NativeMethodAccessorImpl.invoke(NativeMethodAccessorImpl.java:62)
    	at sun.reflect.DelegatingMethodAccessorImpl.invoke(DelegatingMethodAccessorImpl.java:43)
    	at java.lang.reflect.Method.invoke(Method.java:498)
    	at org.gradle.internal.dispatch.ReflectionDispatch.dispatch(ReflectionDispatch.java:36)
    	at org.gradle.internal.dispatch.ReflectionDispatch.dispatch(ReflectionDispatch.java:24)
    	at org.gradle.internal.remote.internal.hub.MessageHubBackedObjectConnection$DispatchWrapper.dispatch(MessageHubBackedObjectConnection.java:182)
    	at org.gradle.internal.remote.internal.hub.MessageHubBackedObjectConnection$DispatchWrapper.dispatch(MessageHubBackedObjectConnection.java:164)
    	at org.gradle.internal.remote.internal.hub.MessageHub$Handler.run(MessageHub.java:412)
    	at org.gradle.internal.concurrent.ExecutorPolicy$CatchAndRecordFailures.onExecute(ExecutorPolicy.java:64)
    	at org.gradle.internal.concurrent.ManagedExecutorImpl$1.run(ManagedExecutorImpl.java:48)
    	at java.util.concurrent.ThreadPoolExecutor.runWorker(ThreadPoolExecutor.java:1149)
    	at java.util.concurrent.ThreadPoolExecutor$Worker.run(ThreadPoolExecutor.java:624)
    	at org.gradle.internal.concurrent.ThreadFactoryImpl$ManagedThreadRunnable.run(ThreadFactoryImpl.java:56)
    	at java.lang.Thread.run(Thread.java:748)

ParserTest > testvar_lit_incomp STANDARD_OUT
    Test failed: java.lang.reflect.InvocationTargetException

ParserTest > testvar_lit_incomp STANDARD_ERROR
    java.lang.reflect.InvocationTargetException
    	at sun.reflect.GeneratedMethodAccessor2.invoke(Unknown Source)
    	at sun.reflect.DelegatingMethodAccessorImpl.invoke(DelegatingMethodAccessorImpl.java:43)
    	at java.lang.reflect.Method.invoke(Method.java:498)
    	at ParserTest.test(ParserTest.java:30)
    	at ParserTest.testvar_lit_incomp(ParserTest.java:143)
    	at sun.reflect.NativeMethodAccessorImpl.invoke0(Native Method)
    	at sun.reflect.NativeMethodAccessorImpl.invoke(NativeMethodAccessorImpl.java:62)
    	at sun.reflect.DelegatingMethodAccessorImpl.invoke(DelegatingMethodAccessorImpl.java:43)
    	at java.lang.reflect.Method.invoke(Method.java:498)
    	at org.junit.runners.model.FrameworkMethod$1.runReflectiveCall(FrameworkMethod.java:47)
    	at org.junit.internal.runners.model.ReflectiveCallable.run(ReflectiveCallable.java:12)
    	at org.junit.runners.model.FrameworkMethod.invokeExplosively(FrameworkMethod.java:44)
    	at org.junit.internal.runners.statements.InvokeMethod.evaluate(InvokeMethod.java:17)
    	at org.junit.runners.ParentRunner.runLeaf(ParentRunner.java:271)
    	at org.junit.runners.BlockJUnit4ClassRunner.runChild(BlockJUnit4ClassRunner.java:70)
    	at org.junit.runners.BlockJUnit4ClassRunner.runChild(BlockJUnit4ClassRunner.java:50)
    	at org.junit.runners.ParentRunner$3.run(ParentRunner.java:238)
    	at org.junit.runners.ParentRunner$1.schedule(ParentRunner.java:63)
    	at org.junit.runners.ParentRunner.runChildren(ParentRunner.java:236)
    	at org.junit.runners.ParentRunner.access$000(ParentRunner.java:53)
    	at org.junit.runners.ParentRunner$2.evaluate(ParentRunner.java:229)
    	at org.junit.runners.ParentRunner.run(ParentRunner.java:309)
    	at org.gradle.api.internal.tasks.testing.junit.JUnitTestClassExecutor.runTestClass(JUnitTestClassExecutor.java:110)
    	at org.gradle.api.internal.tasks.testing.junit.JUnitTestClassExecutor.execute(JUnitTestClassExecutor.java:58)
    	at org.gradle.api.internal.tasks.testing.junit.JUnitTestClassExecutor.execute(JUnitTestClassExecutor.java:38)
    	at org.gradle.api.internal.tasks.testing.junit.AbstractJUnitTestClassProcessor.processTestClass(AbstractJUnitTestClassProcessor.java:62)
    	at org.gradle.api.internal.tasks.testing.SuiteTestClassProcessor.processTestClass(SuiteTestClassProcessor.java:51)
    	at sun.reflect.NativeMethodAccessorImpl.invoke0(Native Method)
    	at sun.reflect.NativeMethodAccessorImpl.invoke(NativeMethodAccessorImpl.java:62)
    	at sun.reflect.DelegatingMethodAccessorImpl.invoke(DelegatingMethodAccessorImpl.java:43)
    	at java.lang.reflect.Method.invoke(Method.java:498)
    	at org.gradle.internal.dispatch.ReflectionDispatch.dispatch(ReflectionDispatch.java:36)
    	at org.gradle.internal.dispatch.ReflectionDispatch.dispatch(ReflectionDispatch.java:24)
    	at org.gradle.internal.dispatch.ContextClassLoaderDispatch.dispatch(ContextClassLoaderDispatch.java:33)
    	at org.gradle.internal.dispatch.ProxyDispatchAdapter$DispatchingInvocationHandler.invoke(ProxyDispatchAdapter.java:94)
    	at com.sun.proxy.$Proxy2.processTestClass(Unknown Source)
    	at org.gradle.api.internal.tasks.testing.worker.TestWorker.processTestClass(TestWorker.java:118)
    	at sun.reflect.NativeMethodAccessorImpl.invoke0(Native Method)
    	at sun.reflect.NativeMethodAccessorImpl.invoke(NativeMethodAccessorImpl.java:62)
    	at sun.reflect.DelegatingMethodAccessorImpl.invoke(DelegatingMethodAccessorImpl.java:43)
    	at java.lang.reflect.Method.invoke(Method.java:498)
    	at org.gradle.internal.dispatch.ReflectionDispatch.dispatch(ReflectionDispatch.java:36)
    	at org.gradle.internal.dispatch.ReflectionDispatch.dispatch(ReflectionDispatch.java:24)
    	at org.gradle.internal.remote.internal.hub.MessageHubBackedObjectConnection$DispatchWrapper.dispatch(MessageHubBackedObjectConnection.java:182)
    	at org.gradle.internal.remote.internal.hub.MessageHubBackedObjectConnection$DispatchWrapper.dispatch(MessageHubBackedObjectConnection.java:164)
    	at org.gradle.internal.remote.internal.hub.MessageHub$Handler.run(MessageHub.java:412)
    	at org.gradle.internal.concurrent.ExecutorPolicy$CatchAndRecordFailures.onExecute(ExecutorPolicy.java:64)
    	at org.gradle.internal.concurrent.ManagedExecutorImpl$1.run(ManagedExecutorImpl.java:48)
    	at java.util.concurrent.ThreadPoolExecutor.runWorker(ThreadPoolExecutor.java:1149)
    	at java.util.concurrent.ThreadPoolExecutor$Worker.run(ThreadPoolExecutor.java:624)
    	at org.gradle.internal.concurrent.ThreadFactoryImpl$ManagedThreadRunnable.run(ThreadFactoryImpl.java:56)
    	at java.lang.Thread.run(Thread.java:748)
    Caused by: java.lang.RuntimeException: Semantic error
    	at Main.main(Main.java:85)
    	... 52 more

ParserTest > testMultipleSequential STANDARD_OUT
    Copied stream to file '/tmp/comp_jmm_test_bruno/fixtures/public/fail/syntactical/MultipleSequential.jmm'.
    Parsing file /tmp/comp_jmm_test_bruno/fixtures/public/fail/syntactical/MultipleSequential.jmm
    Parser starting
    COULD NOT PARSE WHILE
    COULD NOT PARSE WHILE
    PARSING ERROR
    Unexpected symbol encountered: ) on line 3, column 12
    Was expecting one of the following symbols:
    [ <INTEGER>, "new", "(", "!", "this", <ID>  ]

    PARSING ERROR
    Unexpected symbol encountered: ) on line 5, column 12
    Was expecting one of the following symbols:
    [ <INTEGER>, "new", "(", "!", "this", <ID>  ]


ParserTest > testMultipleSequential STANDARD_ERROR
    java.lang.Exception: Parser failure
    	at JMMParser.parse(JMMParser.java:35)
    	at Main.main(Main.java:64)
    	at sun.reflect.GeneratedMethodAccessor2.invoke(Unknown Source)
    	at sun.reflect.DelegatingMethodAccessorImpl.invoke(DelegatingMethodAccessorImpl.java:43)
    	at java.lang.reflect.Method.invoke(Method.java:498)
    	at ParserTest.test(ParserTest.java:30)
    	at ParserTest.testMultipleSequential(ParserTest.java:184)
    	at sun.reflect.NativeMethodAccessorImpl.invoke0(Native Method)
    	at sun.reflect.NativeMethodAccessorImpl.invoke(NativeMethodAccessorImpl.java:62)
    	at sun.reflect.DelegatingMethodAccessorImpl.invoke(DelegatingMethodAccessorImpl.java:43)
    	at java.lang.reflect.Method.invoke(Method.java:498)
    	at org.junit.runners.model.FrameworkMethod$1.runReflectiveCall(FrameworkMethod.java:47)
    	at org.junit.internal.runners.model.ReflectiveCallable.run(ReflectiveCallable.java:12)
    	at org.junit.runners.model.FrameworkMethod.invokeExplosively(FrameworkMethod.java:44)
    	at org.junit.internal.runners.statements.InvokeMethod.evaluate(InvokeMethod.java:17)
    	at org.junit.runners.ParentRunner.runLeaf(ParentRunner.java:271)
    	at org.junit.runners.BlockJUnit4ClassRunner.runChild(BlockJUnit4ClassRunner.java:70)
    	at org.junit.runners.BlockJUnit4ClassRunner.runChild(BlockJUnit4ClassRunner.java:50)
    	at org.junit.runners.ParentRunner$3.run(ParentRunner.java:238)
    	at org.junit.runners.ParentRunner$1.schedule(ParentRunner.java:63)
    	at org.junit.runners.ParentRunner.runChildren(ParentRunner.java:236)
    	at org.junit.runners.ParentRunner.access$000(ParentRunner.java:53)
    	at org.junit.runners.ParentRunner$2.evaluate(ParentRunner.java:229)
    	at org.junit.runners.ParentRunner.run(ParentRunner.java:309)
    	at org.gradle.api.internal.tasks.testing.junit.JUnitTestClassExecutor.runTestClass(JUnitTestClassExecutor.java:110)
    	at org.gradle.api.internal.tasks.testing.junit.JUnitTestClassExecutor.execute(JUnitTestClassExecutor.java:58)
    	at org.gradle.api.internal.tasks.testing.junit.JUnitTestClassExecutor.execute(JUnitTestClassExecutor.java:38)
    	at org.gradle.api.internal.tasks.testing.junit.AbstractJUnitTestClassProcessor.processTestClass(AbstractJUnitTestClassProcessor.java:62)
    	at org.gradle.api.internal.tasks.testing.SuiteTestClassProcessor.processTestClass(SuiteTestClassProcessor.java:51)
    	at sun.reflect.NativeMethodAccessorImpl.invoke0(Native Method)
    	at sun.reflect.NativeMethodAccessorImpl.invoke(NativeMethodAccessorImpl.java:62)
    	at sun.reflect.DelegatingMethodAccessorImpl.invoke(DelegatingMethodAccessorImpl.java:43)
    	at java.lang.reflect.Method.invoke(Method.java:498)
    	at org.gradle.internal.dispatch.ReflectionDispatch.dispatch(ReflectionDispatch.java:36)
    	at org.gradle.internal.dispatch.ReflectionDispatch.dispatch(ReflectionDispatch.java:24)
    	at org.gradle.internal.dispatch.ContextClassLoaderDispatch.dispatch(ContextClassLoaderDispatch.java:33)
    	at org.gradle.internal.dispatch.ProxyDispatchAdapter$DispatchingInvocationHandler.invoke(ProxyDispatchAdapter.java:94)
    	at com.sun.proxy.$Proxy2.processTestClass(Unknown Source)
    	at org.gradle.api.internal.tasks.testing.worker.TestWorker.processTestClass(TestWorker.java:118)
    	at sun.reflect.NativeMethodAccessorImpl.invoke0(Native Method)
    	at sun.reflect.NativeMethodAccessorImpl.invoke(NativeMethodAccessorImpl.java:62)
    	at sun.reflect.DelegatingMethodAccessorImpl.invoke(DelegatingMethodAccessorImpl.java:43)
    	at java.lang.reflect.Method.invoke(Method.java:498)
    	at org.gradle.internal.dispatch.ReflectionDispatch.dispatch(ReflectionDispatch.java:36)
    	at org.gradle.internal.dispatch.ReflectionDispatch.dispatch(ReflectionDispatch.java:24)
    	at org.gradle.internal.remote.internal.hub.MessageHubBackedObjectConnection$DispatchWrapper.dispatch(MessageHubBackedObjectConnection.java:182)
    	at org.gradle.internal.remote.internal.hub.MessageHubBackedObjectConnection$DispatchWrapper.dispatch(MessageHubBackedObjectConnection.java:164)
    	at org.gradle.internal.remote.internal.hub.MessageHub$Handler.run(MessageHub.java:412)
    	at org.gradle.internal.concurrent.ExecutorPolicy$CatchAndRecordFailures.onExecute(ExecutorPolicy.java:64)
    	at org.gradle.internal.concurrent.ManagedExecutorImpl$1.run(ManagedExecutorImpl.java:48)
    	at java.util.concurrent.ThreadPoolExecutor.runWorker(ThreadPoolExecutor.java:1149)
    	at java.util.concurrent.ThreadPoolExecutor$Worker.run(ThreadPoolExecutor.java:624)
    	at org.gradle.internal.concurrent.ThreadFactoryImpl$ManagedThreadRunnable.run(ThreadFactoryImpl.java:56)
    	at java.lang.Thread.run(Thread.java:748)

ParserTest > testMultipleSequential STANDARD_OUT
    Test failed: java.lang.reflect.InvocationTargetException

ParserTest > testMultipleSequential STANDARD_ERROR
    java.lang.reflect.InvocationTargetException
    	at sun.reflect.GeneratedMethodAccessor2.invoke(Unknown Source)
    	at sun.reflect.DelegatingMethodAccessorImpl.invoke(DelegatingMethodAccessorImpl.java:43)
    	at java.lang.reflect.Method.invoke(Method.java:498)
    	at ParserTest.test(ParserTest.java:30)
    	at ParserTest.testMultipleSequential(ParserTest.java:184)
    	at sun.reflect.NativeMethodAccessorImpl.invoke0(Native Method)
    	at sun.reflect.NativeMethodAccessorImpl.invoke(NativeMethodAccessorImpl.java:62)
    	at sun.reflect.DelegatingMethodAccessorImpl.invoke(DelegatingMethodAccessorImpl.java:43)
    	at java.lang.reflect.Method.invoke(Method.java:498)
    	at org.junit.runners.model.FrameworkMethod$1.runReflectiveCall(FrameworkMethod.java:47)
    	at org.junit.internal.runners.model.ReflectiveCallable.run(ReflectiveCallable.java:12)
    	at org.junit.runners.model.FrameworkMethod.invokeExplosively(FrameworkMethod.java:44)
    	at org.junit.internal.runners.statements.InvokeMethod.evaluate(InvokeMethod.java:17)
    	at org.junit.runners.ParentRunner.runLeaf(ParentRunner.java:271)
    	at org.junit.runners.BlockJUnit4ClassRunner.runChild(BlockJUnit4ClassRunner.java:70)
    	at org.junit.runners.BlockJUnit4ClassRunner.runChild(BlockJUnit4ClassRunner.java:50)
    	at org.junit.runners.ParentRunner$3.run(ParentRunner.java:238)
    	at org.junit.runners.ParentRunner$1.schedule(ParentRunner.java:63)
    	at org.junit.runners.ParentRunner.runChildren(ParentRunner.java:236)
    	at org.junit.runners.ParentRunner.access$000(ParentRunner.java:53)
    	at org.junit.runners.ParentRunner$2.evaluate(ParentRunner.java:229)
    	at org.junit.runners.ParentRunner.run(ParentRunner.java:309)
    	at org.gradle.api.internal.tasks.testing.junit.JUnitTestClassExecutor.runTestClass(JUnitTestClassExecutor.java:110)
    	at org.gradle.api.internal.tasks.testing.junit.JUnitTestClassExecutor.execute(JUnitTestClassExecutor.java:58)
    	at org.gradle.api.internal.tasks.testing.junit.JUnitTestClassExecutor.execute(JUnitTestClassExecutor.java:38)
    	at org.gradle.api.internal.tasks.testing.junit.AbstractJUnitTestClassProcessor.processTestClass(AbstractJUnitTestClassProcessor.java:62)
    	at org.gradle.api.internal.tasks.testing.SuiteTestClassProcessor.processTestClass(SuiteTestClassProcessor.java:51)
    	at sun.reflect.NativeMethodAccessorImpl.invoke0(Native Method)
    	at sun.reflect.NativeMethodAccessorImpl.invoke(NativeMethodAccessorImpl.java:62)
    	at sun.reflect.DelegatingMethodAccessorImpl.invoke(DelegatingMethodAccessorImpl.java:43)
    	at java.lang.reflect.Method.invoke(Method.java:498)
    	at org.gradle.internal.dispatch.ReflectionDispatch.dispatch(ReflectionDispatch.java:36)
    	at org.gradle.internal.dispatch.ReflectionDispatch.dispatch(ReflectionDispatch.java:24)
    	at org.gradle.internal.dispatch.ContextClassLoaderDispatch.dispatch(ContextClassLoaderDispatch.java:33)
    	at org.gradle.internal.dispatch.ProxyDispatchAdapter$DispatchingInvocationHandler.invoke(ProxyDispatchAdapter.java:94)
    	at com.sun.proxy.$Proxy2.processTestClass(Unknown Source)
    	at org.gradle.api.internal.tasks.testing.worker.TestWorker.processTestClass(TestWorker.java:118)
    	at sun.reflect.NativeMethodAccessorImpl.invoke0(Native Method)
    	at sun.reflect.NativeMethodAccessorImpl.invoke(NativeMethodAccessorImpl.java:62)
    	at sun.reflect.DelegatingMethodAccessorImpl.invoke(DelegatingMethodAccessorImpl.java:43)
    	at java.lang.reflect.Method.invoke(Method.java:498)
    	at org.gradle.internal.dispatch.ReflectionDispatch.dispatch(ReflectionDispatch.java:36)
    	at org.gradle.internal.dispatch.ReflectionDispatch.dispatch(ReflectionDispatch.java:24)
    	at org.gradle.internal.remote.internal.hub.MessageHubBackedObjectConnection$DispatchWrapper.dispatch(MessageHubBackedObjectConnection.java:182)
    	at org.gradle.internal.remote.internal.hub.MessageHubBackedObjectConnection$DispatchWrapper.dispatch(MessageHubBackedObjectConnection.java:164)
    	at org.gradle.internal.remote.internal.hub.MessageHub$Handler.run(MessageHub.java:412)
    	at org.gradle.internal.concurrent.ExecutorPolicy$CatchAndRecordFailures.onExecute(ExecutorPolicy.java:64)
    	at org.gradle.internal.concurrent.ManagedExecutorImpl$1.run(ManagedExecutorImpl.java:48)
    	at java.util.concurrent.ThreadPoolExecutor.runWorker(ThreadPoolExecutor.java:1149)
    	at java.util.concurrent.ThreadPoolExecutor$Worker.run(ThreadPoolExecutor.java:624)
    	at org.gradle.internal.concurrent.ThreadFactoryImpl$ManagedThreadRunnable.run(ThreadFactoryImpl.java:56)
    	at java.lang.Thread.run(Thread.java:748)
    Caused by: java.lang.RuntimeException: Syntatical error
    	at Main.main(Main.java:70)
    	... 52 more

ParserTest > testQuickSort STANDARD_OUT
    Copied stream to file '/tmp/comp_jmm_test_bruno/fixtures/public/QuickSort.jmm'.
    Parsing file /tmp/comp_jmm_test_bruno/fixtures/public/QuickSort.jmm
    Parser starting
    Analyzer starting on /tmp/comp_jmm_test_bruno/fixtures/public/QuickSort.jmm
    COMPILATION SUCCESSFUL

ParserTest > testHelloWorld STANDARD_OUT
    Copied stream to file '/tmp/comp_jmm_test_bruno/fixtures/public/HelloWorld.jmm'.
    Parsing file /tmp/comp_jmm_test_bruno/fixtures/public/HelloWorld.jmm
    Parser starting
    Analyzer starting on /tmp/comp_jmm_test_bruno/fixtures/public/HelloWorld.jmm
    COMPILATION SUCCESSFUL
Finished generating test XML results (0.008 secs) into: /home/bruno/transport/documentation/FEUP/TEC/4_Ano/2_Semestre/Compiladores/trabalho/GitLab/comp2020-2i/build/test-results/test
Generating HTML test report...
Finished generating test html results (0.005 secs) into: /home/bruno/transport/documentation/FEUP/TEC/4_Ano/2_Semestre/Compiladores/trabalho/GitLab/comp2020-2i/build/reports/tests/test
:test (Thread[Execution worker for ':' Thread 2,5,main]) completed. Took 1.399 secs.
:check (Thread[Execution worker for ':' Thread 2,5,main]) started.

> Task :check
Skipping task ':check' as it has no actions.
:check (Thread[Execution worker for ':' Thread 2,5,main]) completed. Took 0.0 secs.
:copyJar (Thread[Execution worker for ':' Thread 2,5,main]) started.

> Task :copyJar
Caching disabled for task ':copyJar' because:
  Build cache is disabled
Task ':copyJar' is not up-to-date because:
  Task has not declared any outputs despite executing actions.
Copying JAR file to ./
:copyJar (Thread[Execution worker for ':' Thread 2,5,main]) completed. Took 0.001 secs.
:build (Thread[Execution worker for ':' Thread 2,5,main]) started.

> Task :build
Skipping task ':build' as it has no actions.
:build (Thread[Execution worker for ':' Thread 2,5,main]) completed. Took 0.0 secs.

BUILD SUCCESSFUL in 2s
8 actionable tasks: 4 executed, 4 up-to-date
